2023-05-25 09:02:01.6503|ERROR|stolov.DataXML|DataXML.ChangeXML.Ошибка изменения данных в XML
2023-05-25 09:02:01.7133|ERROR|stolov.DataXML|Ошибка: Ссылка на объект не указывает на экземпляр объекта.; Source: stolov
2023-05-25 09:02:21.6406|DEBUG|stolov.Order|Новый заказ
2023-05-25 09:02:21.6406|DEBUG|stolov.Order|Табельный: 1472
2023-05-25 09:02:21.6406|DEBUG|stolov.Order|ФИО: Хуснитдинов Данил Альхамович
2023-05-25 09:03:21.1056|ERROR|stolov.DataXML|DataXML.ChangeXML.Ошибка изменения данных в XML
2023-05-25 09:03:21.1626|ERROR|stolov.DataXML|Ошибка: Ссылка на объект не указывает на экземпляр объекта.; Source: stolov
2023-05-25 09:03:25.4299|DEBUG|stolov.Order|Новый заказ
2023-05-25 09:03:25.4299|DEBUG|stolov.Order|Табельный: 1946
2023-05-25 09:03:25.4299|DEBUG|stolov.Order|ФИО: Гасников Александр Сергеевич
2023-05-25 09:04:53.8799|DEBUG|stolov.DataXML|0
2023-05-25 09:04:53.9339|DEBUG|stolov.DataXML|1
2023-05-25 09:04:53.9339|DEBUG|stolov.DataXML|2
2023-05-25 09:04:53.9339|DEBUG|stolov.DataXML|3
2023-05-25 09:04:55.3309|ERROR|stolov.DataXML|DataXML.ChangeXML.Ошибка изменения данных в XML
2023-05-25 09:04:55.3309|ERROR|stolov.DataXML|Ошибка: Ссылка на объект не указывает на экземпляр объекта.; Source: stolov
2023-05-25 09:05:20.4296|DEBUG|stolov.Order|Новый заказ
2023-05-25 09:05:20.4296|DEBUG|stolov.Order|Табельный: 2951
2023-05-25 09:05:20.4296|DEBUG|stolov.Order|ФИО: Борисов Дмитрий Александрович
2023-05-25 09:05:42.3007|DEBUG|stolov.DataXML|0
2023-05-25 09:05:42.3567|DEBUG|stolov.DataXML|1
2023-05-25 09:05:42.3567|DEBUG|stolov.DataXML|2
2023-05-25 09:08:46.7920|DEBUG|stolov.DataXML|0
2023-05-25 09:08:46.8501|DEBUG|stolov.DataXML|1
2023-05-25 09:10:46.1210|DEBUG|stolov.DataXML|1
2023-05-25 09:10:53.9358|DEBUG|stolov.DataXML|2
2023-05-25 09:10:55.8207|DEBUG|stolov.DataXML|3
2023-05-25 09:12:22.2885|DEBUG|stolov.DataXML|1
2023-05-25 09:12:22.3415|DEBUG|stolov.DataXML|2
2023-05-25 09:12:22.3415|DEBUG|stolov.DataXML|3
2023-05-25 09:12:22.3415|DEBUG|stolov.DataXML|4
2023-05-25 09:12:26.7484|DEBUG|stolov.Order|Новый заказ
2023-05-25 09:12:26.7484|DEBUG|stolov.Order|Табельный: 1171
2023-05-25 09:12:26.7484|DEBUG|stolov.Order|ФИО: Кузьменко Андрей Владимирович
2023-05-25 09:13:28.9082|DEBUG|stolov.OrdersToISPRO|date=20230525
2023-05-25 09:13:28.9812|DEBUG|stolov.OrdersToISPRO|zkg=5005080 sum=457.9
2023-05-25 09:13:28.9812|DEBUG|stolov.OrdersToISPRO||13765|00000000000000005409|2 Биточки мясные|Вторые блюда|порц.|1|42.900000|9805|74106|51
2023-05-25 09:13:29.0151|DEBUG|stolov.OrdersToISPRO||13773|00000000000000005417|0 Горчица столовая|Холодные блюда|порц.|2|2.000000|9813|64131|51
2023-05-25 09:13:29.0431|DEBUG|stolov.OrdersToISPRO||13448|00000000000000005118|0 Кетчуп 30г|Холодные блюда|порц.|2|6.000000|9503|63604|51
2023-05-25 09:13:29.0691|DEBUG|stolov.OrdersToISPRO||13757|00000000000000005402|0 Салат Витаминный с перцем|Холодные блюда|порц.|2|26.000000|9798|74076|51
2023-05-25 09:13:29.0962|DEBUG|stolov.OrdersToISPRO||4382|11170000000000001028|0 Салат грузинский|Холодные блюда|порц.|2|40.000000|829|74107|51
2023-05-25 09:13:29.1232|DEBUG|stolov.OrdersToISPRO||4404|11170000000000001050|0 Свекла с изюмом, сметаной|Холодные блюда|порц.|2|18.500000|838|74077|51
2023-05-25 09:13:29.1492|DEBUG|stolov.OrdersToISPRO||4392|11170000000000001038|0 Сельдь "под шубой"|Холодные блюда|порц.|2|33.000000|822|74093|51
2023-05-25 09:13:29.1762|DEBUG|stolov.OrdersToISPRO||3654|11170000000000000313|1 Окрошка мясная|Первые блюда|порц.|2|32.500000|620|72806|51
2023-05-25 09:13:29.2052|DEBUG|stolov.OrdersToISPRO||13560|00000000000000005214|1 Солянка домашняя со сметаной|Первые блюда|порц.|2|49.500000|9611|74094|51
2023-05-25 09:13:29.2392|DEBUG|stolov.OrdersToISPRO|date=20230525
2023-05-25 09:13:29.2592|DEBUG|stolov.OrdersToISPRO|zkg=5005081 sum=456
2023-05-25 09:13:29.2592|DEBUG|stolov.OrdersToISPRO||13757|00000000000000005402|0 Салат Витаминный с перцем|Холодные блюда|порц.|1|26.000000|9798|74076|51
2023-05-25 09:13:29.2877|DEBUG|stolov.OrdersToISPRO||4382|11170000000000001028|0 Салат грузинский|Холодные блюда|порц.|2|40.000000|829|74107|51
2023-05-25 09:13:29.3157|DEBUG|stolov.OrdersToISPRO||4404|11170000000000001050|0 Свекла с изюмом, сметаной|Холодные блюда|порц.|3|18.500000|838|74077|51
2023-05-25 09:13:29.3427|DEBUG|stolov.OrdersToISPRO||4392|11170000000000001038|0 Сельдь "под шубой"|Холодные блюда|порц.|4|33.000000|822|74093|51
2023-05-25 09:13:29.3700|DEBUG|stolov.OrdersToISPRO||3654|11170000000000000313|1 Окрошка мясная|Первые блюда|порц.|5|32.500000|620|72806|51
2023-05-25 09:13:29.3996|DEBUG|stolov.OrdersToISPRO|date=20230525
2023-05-25 09:13:29.4186|DEBUG|stolov.OrdersToISPRO|zkg=5005082 sum=256.4
2023-05-25 09:13:29.4186|DEBUG|stolov.OrdersToISPRO||4404|11170000000000001050|0 Свекла с изюмом, сметаной|Холодные блюда|порц.|1|18.500000|838|74077|51
2023-05-25 09:13:29.4486|DEBUG|stolov.OrdersToISPRO||4392|11170000000000001038|0 Сельдь "под шубой"|Холодные блюда|порц.|1|33.000000|822|74093|51
2023-05-25 09:13:29.4800|DEBUG|stolov.OrdersToISPRO||3654|11170000000000000313|1 Окрошка мясная|Первые блюда|порц.|1|32.500000|620|72806|51
2023-05-25 09:13:29.5065|DEBUG|stolov.OrdersToISPRO||13560|00000000000000005214|1 Солянка домашняя со сметаной|Первые блюда|порц.|1|49.500000|9611|74094|51
2023-05-25 09:13:29.5356|DEBUG|stolov.OrdersToISPRO||4311|11170000000000000959|1 Суп картофельный с шампиньонами|Первые блюда|порц.|1|29.500000|630|74078|51
2023-05-25 09:13:29.5666|DEBUG|stolov.OrdersToISPRO||13765|00000000000000005409|2 Биточки мясные|Вторые блюда|порц.|1|42.900000|9805|74106|51
2023-05-25 09:13:29.5956|DEBUG|stolov.OrdersToISPRO||3712|11170000000000000371|2 Горбуша жареная в яйце|Вторые блюда|порц.|1|50.500000|593|74095|51
2023-05-25 09:13:29.6256|DEBUG|stolov.OrdersToISPRO|date=20230525
2023-05-25 09:13:29.6466|DEBUG|stolov.OrdersToISPRO|zkg=5005083 sum=457.9
2023-05-25 09:13:29.6466|DEBUG|stolov.OrdersToISPRO||13765|00000000000000005409|2 Биточки мясные|Вторые блюда|порц.|1|42.900000|9805|74106|51
2023-05-25 09:13:29.6766|DEBUG|stolov.OrdersToISPRO||13773|00000000000000005417|0 Горчица столовая|Холодные блюда|порц.|2|2.000000|9813|64131|51
2023-05-25 09:13:29.7076|DEBUG|stolov.OrdersToISPRO||13448|00000000000000005118|0 Кетчуп 30г|Холодные блюда|порц.|2|6.000000|9503|63604|51
2023-05-25 09:13:29.7377|DEBUG|stolov.OrdersToISPRO||13757|00000000000000005402|0 Салат Витаминный с перцем|Холодные блюда|порц.|2|26.000000|9798|74076|51
2023-05-25 09:13:29.7667|DEBUG|stolov.OrdersToISPRO||4382|11170000000000001028|0 Салат грузинский|Холодные блюда|порц.|2|40.000000|829|74107|51
2023-05-25 09:13:29.7987|DEBUG|stolov.OrdersToISPRO||4404|11170000000000001050|0 Свекла с изюмом, сметаной|Холодные блюда|порц.|2|18.500000|838|74077|51
2023-05-25 09:13:29.8327|DEBUG|stolov.OrdersToISPRO||4392|11170000000000001038|0 Сельдь "под шубой"|Холодные блюда|порц.|2|33.000000|822|74093|51
2023-05-25 09:13:29.8627|DEBUG|stolov.OrdersToISPRO||3654|11170000000000000313|1 Окрошка мясная|Первые блюда|порц.|2|32.500000|620|72806|51
2023-05-25 09:13:29.8922|DEBUG|stolov.OrdersToISPRO||13560|00000000000000005214|1 Солянка домашняя со сметаной|Первые блюда|порц.|2|49.500000|9611|74094|51
2023-05-25 09:13:29.9232|DEBUG|stolov.OrdersToISPRO|date=20230525
2023-05-25 09:13:29.9432|DEBUG|stolov.OrdersToISPRO|zkg=5005084 sum=457.9
2023-05-25 09:13:29.9432|DEBUG|stolov.OrdersToISPRO||13765|00000000000000005409|2 Биточки мясные|Вторые блюда|порц.|1|42.900000|9805|74106|51
2023-05-25 09:13:29.9742|DEBUG|stolov.OrdersToISPRO||13773|00000000000000005417|0 Горчица столовая|Холодные блюда|порц.|2|2.000000|9813|64131|51
2023-05-25 09:13:30.0022|DEBUG|stolov.OrdersToISPRO||13448|00000000000000005118|0 Кетчуп 30г|Холодные блюда|порц.|2|6.000000|9503|63604|51
2023-05-25 09:13:30.0326|DEBUG|stolov.OrdersToISPRO||13757|00000000000000005402|0 Салат Витаминный с перцем|Холодные блюда|порц.|2|26.000000|9798|74076|51
2023-05-25 09:13:30.0594|DEBUG|stolov.OrdersToISPRO||4382|11170000000000001028|0 Салат грузинский|Холодные блюда|порц.|2|40.000000|829|74107|51
2023-05-25 09:13:30.0872|DEBUG|stolov.OrdersToISPRO||4404|11170000000000001050|0 Свекла с изюмом, сметаной|Холодные блюда|порц.|2|18.500000|838|74077|51
2023-05-25 09:13:30.1160|DEBUG|stolov.OrdersToISPRO||4392|11170000000000001038|0 Сельдь "под шубой"|Холодные блюда|порц.|2|33.000000|822|74093|51
2023-05-25 09:13:30.1450|DEBUG|stolov.OrdersToISPRO||3654|11170000000000000313|1 Окрошка мясная|Первые блюда|порц.|2|32.500000|620|72806|51
2023-05-25 09:13:30.1730|DEBUG|stolov.OrdersToISPRO||13560|00000000000000005214|1 Солянка домашняя со сметаной|Первые блюда|порц.|2|49.500000|9611|74094|51
2023-05-25 09:13:30.2030|DEBUG|stolov.OrdersToISPRO|date=20230525
2023-05-25 09:13:30.2230|DEBUG|stolov.OrdersToISPRO|zkg=5005085 sum=457.9
2023-05-25 09:13:30.2230|DEBUG|stolov.OrdersToISPRO||13765|00000000000000005409|2 Биточки мясные|Вторые блюда|порц.|1|42.900000|9805|74106|51
2023-05-25 09:13:30.2520|DEBUG|stolov.OrdersToISPRO||13773|00000000000000005417|0 Горчица столовая|Холодные блюда|порц.|2|2.000000|9813|64131|51
2023-05-25 09:13:30.2800|DEBUG|stolov.OrdersToISPRO||13448|00000000000000005118|0 Кетчуп 30г|Холодные блюда|порц.|2|6.000000|9503|63604|51
2023-05-25 09:13:30.3090|DEBUG|stolov.OrdersToISPRO||13757|00000000000000005402|0 Салат Витаминный с перцем|Холодные блюда|порц.|2|26.000000|9798|74076|51
2023-05-25 09:13:30.3390|DEBUG|stolov.OrdersToISPRO||4382|11170000000000001028|0 Салат грузинский|Холодные блюда|порц.|2|40.000000|829|74107|51
2023-05-25 09:13:30.3680|DEBUG|stolov.OrdersToISPRO||4404|11170000000000001050|0 Свекла с изюмом, сметаной|Холодные блюда|порц.|2|18.500000|838|74077|51
2023-05-25 09:13:30.3990|DEBUG|stolov.OrdersToISPRO||4392|11170000000000001038|0 Сельдь "под шубой"|Холодные блюда|порц.|2|33.000000|822|74093|51
2023-05-25 09:13:30.4270|DEBUG|stolov.OrdersToISPRO||3654|11170000000000000313|1 Окрошка мясная|Первые блюда|порц.|2|32.500000|620|72806|51
2023-05-25 09:13:30.4551|DEBUG|stolov.OrdersToISPRO||13560|00000000000000005214|1 Солянка домашняя со сметаной|Первые блюда|порц.|2|49.500000|9611|74094|51
2023-05-25 09:13:30.4841|DEBUG|stolov.OrdersToISPRO|date=20230525
2023-05-25 09:13:30.5031|DEBUG|stolov.OrdersToISPRO|zkg=5005086 sum=158
2023-05-25 09:13:30.5031|DEBUG|stolov.OrdersToISPRO||13773|00000000000000005417|0 Горчица столовая|Холодные блюда|порц.|1|2.000000|9813|64131|51
2023-05-25 09:13:30.5349|DEBUG|stolov.OrdersToISPRO||13448|00000000000000005118|0 Кетчуп 30г|Холодные блюда|порц.|1|6.000000|9503|63604|51
2023-05-25 09:13:30.5629|DEBUG|stolov.OrdersToISPRO||13757|00000000000000005402|0 Салат Витаминный с перцем|Холодные блюда|порц.|1|26.000000|9798|74076|51
2023-05-25 09:13:30.5919|DEBUG|stolov.OrdersToISPRO||4382|11170000000000001028|0 Салат грузинский|Холодные блюда|порц.|1|40.000000|829|74107|51
2023-05-25 09:13:30.6211|DEBUG|stolov.OrdersToISPRO||4404|11170000000000001050|0 Свекла с изюмом, сметаной|Холодные блюда|порц.|1|18.500000|838|74077|51
2023-05-25 09:13:30.6491|DEBUG|stolov.OrdersToISPRO||4392|11170000000000001038|0 Сельдь "под шубой"|Холодные блюда|порц.|1|33.000000|822|74093|51
2023-05-25 09:13:30.6769|DEBUG|stolov.OrdersToISPRO||3654|11170000000000000313|1 Окрошка мясная|Первые блюда|порц.|1|32.500000|620|72806|51
2023-05-25 09:13:30.7139|DEBUG|stolov.OrdersToISPRO|date=20230525
2023-05-25 09:13:30.7349|DEBUG|stolov.OrdersToISPRO|zkg=5005087 sum=216.6
2023-05-25 09:13:30.7379|DEBUG|stolov.OrdersToISPRO||13757|00000000000000005402|0 Салат Витаминный с перцем|Холодные блюда|порц.|1|26.000000|9798|74076|51
2023-05-25 09:13:30.7689|DEBUG|stolov.OrdersToISPRO||4404|11170000000000001050|0 Свекла с изюмом, сметаной|Холодные блюда|порц.|1|18.500000|838|74077|51
2023-05-25 09:13:30.7969|DEBUG|stolov.OrdersToISPRO||13765|00000000000000005409|2 Биточки мясные|Вторые блюда|порц.|1|42.900000|9805|74106|51
2023-05-25 09:13:30.8245|DEBUG|stolov.OrdersToISPRO||3692|11170000000000000351|2 Гуляш из говядины|Вторые блюда|порц.|1|79.800000|595|74080|51
2023-05-25 09:13:30.8499|DEBUG|stolov.OrdersToISPRO||14152|00000000000000005725|2 Шницель натуральный рубленый|Вторые блюда|порц.|1|49.400000|10142|74097|51
2023-05-25 09:13:30.8809|DEBUG|stolov.OrdersToISPRO|date=20230525
2023-05-25 09:13:30.9029|DEBUG|stolov.OrdersToISPRO|zkg=5005088 sum=260.2
2023-05-25 09:13:30.9029|DEBUG|stolov.OrdersToISPRO||4392|11170000000000001038|0 Сельдь "под шубой"|Холодные блюда|порц.|1|33.000000|822|74093|51
2023-05-25 09:13:30.9339|DEBUG|stolov.OrdersToISPRO||13560|00000000000000005214|1 Солянка домашняя со сметаной|Первые блюда|порц.|1|49.500000|9611|74094|51
2023-05-25 09:13:30.9619|DEBUG|stolov.OrdersToISPRO||3712|11170000000000000371|2 Горбуша жареная в яйце|Вторые блюда|порц.|1|50.500000|593|74095|51
2023-05-25 09:13:30.9900|DEBUG|stolov.OrdersToISPRO||3685|11170000000000000344|2 Сердце куриное тушеное в красном соусе|Вторые блюда|порц.|1|55.500000|80|74083|51
2023-05-25 09:13:31.0190|DEBUG|stolov.OrdersToISPRO||15203|00000000000000006652|3 Капуста цветная жареная|Гарниры|порц.|1|35.700000|11723|74098|51
2023-05-25 09:13:31.0466|DEBUG|stolov.OrdersToISPRO||13442|00000000000000005112|3 Каша пшеничная|Гарниры|порц.|1|16.000000|9499|74101|51
2023-05-25 09:13:31.0747|DEBUG|stolov.OrdersToISPRO||13738|00000000000000005384|4 Сметана (20г)|Молочные блюда|порц.|1|4.000000|9779|41621|51
2023-05-25 09:13:31.1017|DEBUG|stolov.OrdersToISPRO||3746|11170000000000000404|5 Компот из сухофруктов|Третьи блюда|порц.|1|16.000000|889|73927|51
2023-05-25 09:13:31.1347|DEBUG|stolov.OrdersToISPRO|date=20230525
2023-05-25 09:13:31.1537|DEBUG|stolov.OrdersToISPRO|zkg=5005089 sum=220.5
2023-05-25 09:13:31.1537|DEBUG|stolov.OrdersToISPRO||13757|00000000000000005402|0 Салат Витаминный с перцем|Холодные блюда|порц.|1|26.000000|9798|74076|51
2023-05-25 09:13:31.1827|DEBUG|stolov.OrdersToISPRO||4404|11170000000000001050|0 Свекла с изюмом, сметаной|Холодные блюда|порц.|1|18.500000|838|74077|51
2023-05-25 09:13:31.2106|DEBUG|stolov.OrdersToISPRO||3654|11170000000000000313|1 Окрошка мясная|Первые блюда|порц.|1|32.500000|620|72806|51
2023-05-25 09:13:31.2366|DEBUG|stolov.OrdersToISPRO||4311|11170000000000000959|1 Суп картофельный с шампиньонами|Первые блюда|порц.|1|29.500000|630|74078|51
2023-05-25 09:13:31.2640|DEBUG|stolov.OrdersToISPRO||13981|00000000000000005571|2 Грудка отбивная с сыром,майонезом|Вторые блюда|порц.|1|58.500000|9988|74096|51
2023-05-25 09:13:31.2909|DEBUG|stolov.OrdersToISPRO||3685|11170000000000000344|2 Сердце куриное тушеное в красном соусе|Вторые блюда|порц.|1|55.500000|80|74083|51
2023-05-25 09:13:31.3249|DEBUG|stolov.OrdersToISPRO|date=20230525
2023-05-25 09:13:31.3459|DEBUG|stolov.OrdersToISPRO|zkg=5005090 sum=1220.4
2023-05-25 09:13:31.3459|DEBUG|stolov.OrdersToISPRO||4404|11170000000000001050|0 Свекла с изюмом, сметаной|Холодные блюда|порц.|6|18.500000|838|74077|51
2023-05-25 09:13:31.3739|DEBUG|stolov.OrdersToISPRO||13560|00000000000000005214|1 Солянка домашняя со сметаной|Первые блюда|порц.|6|49.500000|9611|74094|51
2023-05-25 09:13:31.4019|DEBUG|stolov.OrdersToISPRO||13981|00000000000000005571|2 Грудка отбивная с сыром,майонезом|Вторые блюда|порц.|6|58.500000|9988|74096|51
2023-05-25 09:13:31.4319|DEBUG|stolov.OrdersToISPRO||14152|00000000000000005725|2 Шницель натуральный рубленый|Вторые блюда|порц.|6|49.400000|10142|74097|51
2023-05-25 09:13:31.4639|DEBUG|stolov.OrdersToISPRO||4360|11170000000000001008|3 Каша молочная Дружба|Гарниры|порц.|6|27.500000|895|74100|51
2023-05-25 09:13:31.4939|DEBUG|stolov.OrdersToISPRO|date=20230525
2023-05-25 09:13:31.5149|DEBUG|stolov.OrdersToISPRO|zkg=5005091 sum=456
2023-05-25 09:13:31.5149|DEBUG|stolov.OrdersToISPRO||13757|00000000000000005402|0 Салат Витаминный с перцем|Холодные блюда|порц.|1|26.000000|9798|74076|51
2023-05-25 09:13:31.5439|DEBUG|stolov.OrdersToISPRO||4382|11170000000000001028|0 Салат грузинский|Холодные блюда|порц.|2|40.000000|829|74107|51
2023-05-25 09:13:31.5725|DEBUG|stolov.OrdersToISPRO||4404|11170000000000001050|0 Свекла с изюмом, сметаной|Холодные блюда|порц.|3|18.500000|838|74077|51
2023-05-25 09:13:31.5995|DEBUG|stolov.OrdersToISPRO||4392|11170000000000001038|0 Сельдь "под шубой"|Холодные блюда|порц.|4|33.000000|822|74093|51
2023-05-25 09:13:31.6266|DEBUG|stolov.OrdersToISPRO||3654|11170000000000000313|1 Окрошка мясная|Первые блюда|порц.|5|32.500000|620|72806|51
2023-05-25 09:13:31.6603|DEBUG|stolov.OrdersToISPRO|date=20230525
2023-05-25 09:13:31.6833|DEBUG|stolov.OrdersToISPRO|zkg=5005092 sum=256.4
2023-05-25 09:13:31.6833|DEBUG|stolov.OrdersToISPRO||4404|11170000000000001050|0 Свекла с изюмом, сметаной|Холодные блюда|порц.|1|18.500000|838|74077|51
2023-05-25 09:13:31.7143|DEBUG|stolov.OrdersToISPRO||4392|11170000000000001038|0 Сельдь "под шубой"|Холодные блюда|порц.|1|33.000000|822|74093|51
2023-05-25 09:13:31.7443|DEBUG|stolov.OrdersToISPRO||3654|11170000000000000313|1 Окрошка мясная|Первые блюда|порц.|1|32.500000|620|72806|51
2023-05-25 09:13:31.7723|DEBUG|stolov.OrdersToISPRO||13560|00000000000000005214|1 Солянка домашняя со сметаной|Первые блюда|порц.|1|49.500000|9611|74094|51
2023-05-25 09:13:31.8003|DEBUG|stolov.OrdersToISPRO||4311|11170000000000000959|1 Суп картофельный с шампиньонами|Первые блюда|порц.|1|29.500000|630|74078|51
2023-05-25 09:13:31.8273|DEBUG|stolov.OrdersToISPRO||13765|00000000000000005409|2 Биточки мясные|Вторые блюда|порц.|1|42.900000|9805|74106|51
2023-05-25 09:13:31.8553|DEBUG|stolov.OrdersToISPRO||3712|11170000000000000371|2 Горбуша жареная в яйце|Вторые блюда|порц.|1|50.500000|593|74095|51
2023-05-25 09:13:33.7208|DEBUG|stolov.Ctolov|Данные выгружены
2023-05-25 09:15:49.8003|DEBUG|stolov.Order|Новый заказ
2023-05-25 09:15:49.8003|DEBUG|stolov.Order|Табельный: 1028
2023-05-25 09:15:49.8003|DEBUG|stolov.Order|ФИО: Козлова Людмила Николаевна
2023-05-25 09:16:15.6605|DEBUG|stolov.Order|Новый заказ
2023-05-25 09:16:15.6605|DEBUG|stolov.Order|Табельный: 1042
2023-05-25 09:16:15.6605|DEBUG|stolov.Order|ФИО: Садыкова Венера Рафагатовна
2023-05-25 09:16:38.2418|DEBUG|stolov.Order|Новый заказ
2023-05-25 09:16:38.2418|DEBUG|stolov.Order|Табельный: 1045
2023-05-25 09:16:38.2418|DEBUG|stolov.Order|ФИО: Синицкая Наталья Александровна
2023-05-25 09:16:55.9949|DEBUG|stolov.Order|Новый заказ
2023-05-25 09:16:55.9949|DEBUG|stolov.Order|Табельный: 1048
2023-05-25 09:16:55.9949|DEBUG|stolov.Order|ФИО: Трипольская Ирина Викторовна
2023-05-25 09:20:53.4844|ERROR|stolov.DataXML|DataXML.GetXML.Ошибка получения данных из XML
2023-05-25 09:20:53.5544|ERROR|stolov.DataXML|Ошибка: Ссылка на объект не указывает на экземпляр объекта.; Source: stolov
2023-05-25 09:21:22.9039|DEBUG|stolov.Order|Новый заказ
2023-05-25 09:21:22.9789|DEBUG|stolov.Order|Табельный: 1028
2023-05-25 09:21:22.9789|DEBUG|stolov.Order|ФИО: Козлова Людмила Николаевна
2023-05-25 09:22:07.7554|ERROR|stolov.DataXML|DataXML.GetXML.Ошибка получения данных из XML
2023-05-25 09:22:07.8264|ERROR|stolov.DataXML|Ошибка: Входная строка имела неверный формат.; Source: mscorlib
2023-05-25 09:25:28.3118|DEBUG|stolov.Order|Новый заказ
2023-05-25 09:25:28.3806|DEBUG|stolov.Order|Табельный: 1042
2023-05-25 09:25:28.3806|DEBUG|stolov.Order|ФИО: Садыкова Венера Рафагатовна
2023-05-25 09:26:27.6287|DEBUG|stolov.Order|Новый заказ
2023-05-25 09:26:27.6287|DEBUG|stolov.Order|Табельный: 1075
2023-05-25 09:26:27.6287|DEBUG|stolov.Order|ФИО: Ситников Сергей Петрович
