2023-05-22 08:37:17.1041|DEBUG|stolov.Order|Новый заказ
2023-05-22 08:37:17.1591|DEBUG|stolov.Order|Табельный: 1065
2023-05-22 08:37:17.1591|DEBUG|stolov.Order|ФИО: Лукашенко Сергей Александрович
2023-05-22 08:41:13.4552|DEBUG|stolov.Order|Новый заказ
2023-05-22 08:41:13.5212|DEBUG|stolov.Order|Табельный: 1042
2023-05-22 08:41:13.5212|DEBUG|stolov.Order|ФИО: Садыкова Венера Рафагатовна
2023-05-22 11:39:19.5269|DEBUG|stolov.Order|Новый заказ
2023-05-22 11:39:19.5969|DEBUG|stolov.Order|Табельный: 1048
2023-05-22 11:39:19.5969|DEBUG|stolov.Order|ФИО: Трипольская Ирина Викторовна
2023-05-22 11:39:49.7412|DEBUG|stolov.Order|Новый заказ
2023-05-22 11:39:49.8142|DEBUG|stolov.Order|Табельный: 1048
2023-05-22 11:39:49.8142|DEBUG|stolov.Order|ФИО: Трипольская Ирина Викторовна
2023-05-22 11:52:15.0820|DEBUG|stolov.Order|Новый заказ
2023-05-22 11:52:15.1570|DEBUG|stolov.Order|Табельный: 1045
2023-05-22 11:52:15.1570|DEBUG|stolov.Order|ФИО: Синицкая Наталья Александровна
2023-05-22 11:55:05.3278|DEBUG|stolov.Order|Новый заказ
2023-05-22 11:55:05.3948|DEBUG|stolov.Order|Табельный: 1101
2023-05-22 11:55:05.3948|DEBUG|stolov.Order|ФИО: Сафина Диля Асхатовна
2023-05-22 12:04:09.1244|DEBUG|stolov.Order|Новый заказ
2023-05-22 12:04:09.1835|DEBUG|stolov.Order|Табельный: 1088
2023-05-22 12:04:09.1835|DEBUG|stolov.Order|ФИО: Шкерина Светлана Александровна
2023-05-22 12:15:38.1409|DEBUG|stolov.Order|Новый заказ
2023-05-22 12:15:38.2089|DEBUG|stolov.Order|Табельный: 1075
2023-05-22 12:15:38.2089|DEBUG|stolov.Order|ФИО: Ситников Сергей Петрович
2023-05-22 12:20:36.6747|DEBUG|stolov.Order|Новый заказ
2023-05-22 12:20:36.7437|DEBUG|stolov.Order|Табельный: 1118
2023-05-22 12:20:36.7447|DEBUG|stolov.Order|ФИО: Агафонов Владислав Захарович
2023-05-22 12:21:44.9887|DEBUG|stolov.Order|Новый заказ
2023-05-22 12:21:45.0567|DEBUG|stolov.Order|Табельный: 1048
2023-05-22 12:21:45.0577|DEBUG|stolov.Order|ФИО: Трипольская Ирина Викторовна
2023-05-22 13:15:32.5730|DEBUG|stolov.Order|Новый заказ
2023-05-22 13:15:32.6390|DEBUG|stolov.Order|Табельный: 1065
2023-05-22 13:15:32.6390|DEBUG|stolov.Order|ФИО: Лукашенко Сергей Александрович
2023-05-22 13:26:30.5484|DEBUG|stolov.Order|Новый заказ
2023-05-22 13:26:30.6184|DEBUG|stolov.Order|Табельный: 2311
2023-05-22 13:26:30.6194|DEBUG|stolov.Order|ФИО: Федотова Татьяна Васильевна
2023-05-22 13:27:33.0155|DEBUG|stolov.Order|Новый заказ
2023-05-22 13:27:33.0155|DEBUG|stolov.Order|Табельный: 3814
2023-05-22 13:27:33.0155|DEBUG|stolov.Order|ФИО: Васильев Сергей Николаевич
2023-05-22 13:35:07.9360|DEBUG|stolov.Order|Новый заказ
2023-05-22 13:35:08.0140|DEBUG|stolov.Order|Табельный: 1048
2023-05-22 13:35:08.0140|DEBUG|stolov.Order|ФИО: Трипольская Ирина Викторовна
2023-05-22 13:39:47.8180|DEBUG|stolov.Order|Новый заказ
2023-05-22 13:39:47.8892|DEBUG|stolov.Order|Табельный: 1042
2023-05-22 13:39:47.8892|DEBUG|stolov.Order|ФИО: Садыкова Венера Рафагатовна
2023-05-22 13:41:00.7824|DEBUG|stolov.Order|Новый заказ
2023-05-22 13:41:00.8584|DEBUG|stolov.Order|Табельный: 1045
2023-05-22 13:41:00.8584|DEBUG|stolov.Order|ФИО: Синицкая Наталья Александровна
2023-05-22 13:41:32.3796|DEBUG|stolov.Order|Новый заказ
2023-05-22 13:41:32.3796|DEBUG|stolov.Order|Табельный: 3814
2023-05-22 13:41:32.3796|DEBUG|stolov.Order|ФИО: Васильев Сергей Николаевич
2023-05-22 13:53:47.9998|DEBUG|stolov.Order|Новый заказ
2023-05-22 13:53:48.0688|DEBUG|stolov.Order|Табельный: 1065
2023-05-22 13:53:48.0688|DEBUG|stolov.Order|ФИО: Лукашенко Сергей Александрович
2023-05-22 13:55:47.4470|DEBUG|stolov.Order|Новый заказ
2023-05-22 13:55:47.4490|DEBUG|stolov.Order|Табельный: 3814
2023-05-22 13:55:47.4490|DEBUG|stolov.Order|ФИО: Васильев Сергей Николаевич
2023-05-22 16:40:42.3835|DEBUG|stolov.Order|Новый заказ
2023-05-22 16:40:42.4525|DEBUG|stolov.Order|Табельный: 1042
2023-05-22 16:40:42.4525|DEBUG|stolov.Order|ФИО: Садыкова Венера Рафагатовна
2023-05-22 16:41:59.0878|DEBUG|stolov.Order|Новый заказ
2023-05-22 16:41:59.1638|DEBUG|stolov.Order|Табельный: 1340
2023-05-22 16:41:59.1638|DEBUG|stolov.Order|ФИО: Саврунов Александр Александрович
