2023-05-10 09:19:13.1883|DEBUG|stolov.Order|Добавлен заказ
2023-05-10 09:22:52.7307|DEBUG|stolov.Order|Добавлен заказ
2023-05-10 09:29:57.0436|DEBUG|stolov.Order|Добавлен заказ
2023-05-10 09:39:58.1128|DEBUG|stolov.Order|Новый заказ
2023-05-10 09:39:58.1718|DEBUG|stolov.Order|Табельный: 3814
2023-05-10 09:39:58.1718|DEBUG|stolov.Order|ФИО: Васильев Сергей Николаевич
2023-05-10 09:40:55.0486|DEBUG|stolov.Order|Новый заказ
2023-05-10 09:40:55.1056|DEBUG|stolov.Order|Табельный: 1042
2023-05-10 09:40:55.1056|DEBUG|stolov.Order|ФИО: Садыкова Венера Рафагатовна
2023-05-10 09:41:32.0696|DEBUG|stolov.Order|Новый заказ
2023-05-10 09:41:32.0696|DEBUG|stolov.Order|Табельный: 1042
2023-05-10 09:41:32.0696|DEBUG|stolov.Order|ФИО: Садыкова Венера Рафагатовна
2023-05-10 09:42:22.0604|DEBUG|stolov.Order|Новый заказ
2023-05-10 09:42:22.0604|DEBUG|stolov.Order|Табельный: 1042
2023-05-10 09:42:22.0604|DEBUG|stolov.Order|ФИО: Садыкова Венера Рафагатовна
2023-05-10 09:43:00.8480|DEBUG|stolov.Order|Новый заказ
2023-05-10 09:43:00.8480|DEBUG|stolov.Order|Табельный: 3814
2023-05-10 09:43:00.8480|DEBUG|stolov.Order|ФИО: Васильев Сергей Николаевич
2023-05-10 09:51:10.4368|DEBUG|stolov.Order|Новый заказ
2023-05-10 09:51:10.4948|DEBUG|stolov.Order|Табельный: 3814
2023-05-10 09:51:10.4948|DEBUG|stolov.Order|ФИО: Васильев Сергей Николаевич
2023-05-10 09:51:10.4948|DEBUG|stolov.Order|товар: 13773 00000000000000005417 0 Горчица столовая Холодные блюда
2023-05-10 09:51:10.4948|DEBUG|stolov.Order|товар: 13757 00000000000000005402 0 Салат Витаминный с перцем Холодные блюда
2023-05-10 09:51:10.4948|DEBUG|stolov.Order|товар: 4404 11170000000000001050 0 Свекла с изюмом, сметаной Холодные блюда
2023-05-10 09:51:10.4948|DEBUG|stolov.Order|товар: 4311 11170000000000000959 1 Суп картофельный с шампиньонами Первые блюда
2023-05-10 09:52:16.5808|DEBUG|stolov.Order|Новый заказ
2023-05-10 09:52:16.6420|DEBUG|stolov.Order|Табельный: 1042
2023-05-10 09:52:16.6420|DEBUG|stolov.Order|ФИО: Садыкова Венера Рафагатовна
2023-05-10 09:52:16.6420|DEBUG|stolov.Order|товар: 0 Кетчуп 30г порц. порц.
2023-05-10 09:52:16.6420|DEBUG|stolov.Order|товар: 0 Сельдь "под шубой" порц. порц.
2023-05-10 09:52:16.6420|DEBUG|stolov.Order|товар: 1 Суп картофельный с шампиньонами порц. порц.
2023-05-10 09:52:16.6420|DEBUG|stolov.Order|товар: 2 Горбуша жареная в яйце порц. порц.
2023-05-10 09:52:16.6420|DEBUG|stolov.Order|товар: 2 Гуляш из говядины порц. порц.
2023-05-10 09:52:16.6420|DEBUG|stolov.Order|товар: 2 Шницель натуральный рубленый порц. порц.
2023-05-10 09:52:16.6420|DEBUG|stolov.Order|товар: 3 Каша гречневая порц. порц.
2023-05-10 09:53:34.8050|DEBUG|stolov.Order|Новый заказ
2023-05-10 09:53:34.8630|DEBUG|stolov.Order|Табельный: 1045
2023-05-10 09:53:34.8630|DEBUG|stolov.Order|ФИО: Синицкая Наталья Александровна
2023-05-10 09:53:34.8630|DEBUG|stolov.Order|товар: 0 Горчица столовая 1 2.000000
2023-05-10 09:53:34.8630|DEBUG|stolov.Order|товар: 0 Кетчуп 30г 1 6.000000
2023-05-10 09:53:34.8630|DEBUG|stolov.Order|товар: 0 Салат Витаминный с перцем 1 26.000000
2023-05-10 09:53:34.8630|DEBUG|stolov.Order|товар: 1 Окрошка мясная 1 32.500000
2023-05-10 09:53:34.8630|DEBUG|stolov.Order|товар: 2 Биточки мясные 1 42.900000
2023-05-10 09:54:35.2439|DEBUG|stolov.Order|Новый заказ
2023-05-10 09:54:35.2449|DEBUG|stolov.Order|Табельный: 1122
2023-05-10 09:54:35.2449|DEBUG|stolov.Order|ФИО: Сычев Вячеслав Александрович
2023-05-10 09:54:35.2449|DEBUG|stolov.Order|товар: 0 Салат Витаминный с перцем 1 26.000000
2023-05-10 09:54:35.2449|DEBUG|stolov.Order|товар: 0 Сельдь "под шубой" 2 33.000000
2023-05-10 09:54:35.2449|DEBUG|stolov.Order|товар: 1 Суп картофельный с шампиньонами 3 29.500000
2023-05-10 09:54:35.2449|DEBUG|stolov.Order|товар: 2 Грудка отбивная с сыром,майонезом 4 58.500000
2023-05-10 09:54:35.2449|DEBUG|stolov.Order|товар: 2 Шницель натуральный рубленый 5 49.400000
2023-05-10 09:54:35.2449|DEBUG|stolov.Order|товар: 3 Каша гречневая 6 17.500000
2023-05-10 11:04:58.6429|DEBUG|stolov.Order|Новый заказ
2023-05-10 11:04:58.7039|DEBUG|stolov.Order|Табельный: 3814
2023-05-10 11:04:58.7039|DEBUG|stolov.Order|ФИО: Васильев Сергей Николаевич
2023-05-10 11:04:58.7039|DEBUG|stolov.Order|товар: 0 Горчица столовая 1 2.000000
2023-05-10 11:04:58.7039|DEBUG|stolov.Order|товар: 0 Салат грузинский 1 40.000000
2023-05-10 11:04:58.7039|DEBUG|stolov.Order|товар: 1 Солянка домашняя со сметаной 1 49.500000
2023-05-10 11:04:58.7039|DEBUG|stolov.Order|товар: 2 Грудка отбивная с сыром,майонезом 1 58.500000
2023-05-10 11:04:58.7039|DEBUG|stolov.Order|товар: 2 Сердце куриное тушеное в красном соусе 1 55.500000
2023-05-10 11:04:58.7039|DEBUG|stolov.Order|товар: 3 Капуста цветная жареная 1 35.700000
2023-05-10 11:04:58.7039|DEBUG|stolov.Order|товар: 2 Гуляш из говядины 2 79.800000
