2023-05-19 08:09:45.9316|DEBUG|stolov.Order|Новый заказ
2023-05-19 08:09:45.9876|DEBUG|stolov.Order|Табельный: 1042
2023-05-19 08:09:45.9876|DEBUG|stolov.Order|ФИО: Садыкова Венера Рафагатовна
2023-05-19 08:17:01.8258|ERROR|stolov.Print|Ошибка чтения файла заголовка чека
2023-05-19 08:17:01.8818|ERROR|stolov.Print|Ошибка: Файл 'C:\1111\holiday1.txt' не найден.; Source: mscorlib
2023-05-19 08:17:01.9918|DEBUG|stolov.Order|Новый заказ
2023-05-19 08:17:01.9918|DEBUG|stolov.Order|Табельный: 1042
2023-05-19 08:17:01.9918|DEBUG|stolov.Order|ФИО: Садыкова Венера Рафагатовна
2023-05-19 08:22:29.5342|ERROR|stolov.Print|Ошибка чтения файла заголовка чека
2023-05-19 08:22:29.5952|ERROR|stolov.Print|Ошибка: Файл 'C:\1111\holiday1.txt' не найден.; Source: mscorlib
2023-05-19 08:22:30.1011|DEBUG|stolov.Order|Новый заказ
2023-05-19 08:22:30.1011|DEBUG|stolov.Order|Табельный: 1042
2023-05-19 08:22:30.1011|DEBUG|stolov.Order|ФИО: Садыкова Венера Рафагатовна
2023-05-19 08:26:20.1441|ERROR|stolov.Print|Ошибка чтения файла заголовка чека
2023-05-19 08:26:20.2121|ERROR|stolov.Print|Ошибка: Файл 'C:\1111\holiday1.txt' не найден.; Source: mscorlib
2023-05-19 08:26:20.7290|DEBUG|stolov.Order|Новый заказ
2023-05-19 08:26:20.7290|DEBUG|stolov.Order|Табельный: 1028
2023-05-19 08:26:20.7290|DEBUG|stolov.Order|ФИО: Козлова Людмила Николаевна
2023-05-19 08:30:20.5034|DEBUG|stolov.Order|Новый заказ
2023-05-19 08:30:20.5594|DEBUG|stolov.Order|Табельный: 3814
2023-05-19 08:30:20.5594|DEBUG|stolov.Order|ФИО: Васильев Сергей Николаевич
2023-05-19 08:34:25.9544|DEBUG|stolov.Order|Новый заказ
2023-05-19 08:34:25.9544|DEBUG|stolov.Order|Табельный: 3814
2023-05-19 08:34:25.9544|DEBUG|stolov.Order|ФИО: Васильев Сергей Николаевич
2023-05-19 08:35:07.8226|DEBUG|stolov.Order|Новый заказ
2023-05-19 08:35:07.8226|DEBUG|stolov.Order|Табельный: 1045
2023-05-19 08:35:07.8226|DEBUG|stolov.Order|ФИО: Синицкая Наталья Александровна
2023-05-19 08:36:38.0144|DEBUG|stolov.Order|Новый заказ
2023-05-19 08:36:38.0644|DEBUG|stolov.Order|Табельный: 1042
2023-05-19 08:36:38.0644|DEBUG|stolov.Order|ФИО: Садыкова Венера Рафагатовна
2023-05-19 08:37:38.9682|DEBUG|stolov.Order|Новый заказ
2023-05-19 08:37:39.0272|DEBUG|stolov.Order|Табельный: 1042
2023-05-19 08:37:39.0272|DEBUG|stolov.Order|ФИО: Садыкова Венера Рафагатовна
2023-05-19 08:38:20.5927|DEBUG|stolov.Order|Новый заказ
2023-05-19 08:38:20.5927|DEBUG|stolov.Order|Табельный: 1117
2023-05-19 08:38:20.5927|DEBUG|stolov.Order|ФИО: Тулеулинов Игорь Исамбулатович
2023-05-19 08:39:05.3189|DEBUG|stolov.Order|Новый заказ
2023-05-19 08:39:05.3189|DEBUG|stolov.Order|Табельный: 1139
2023-05-19 08:39:05.3189|DEBUG|stolov.Order|ФИО: Лукашова Валентина Ивановна
2023-05-19 08:45:37.2965|DEBUG|stolov.Order|Новый заказ
2023-05-19 08:45:37.3625|DEBUG|stolov.Order|Табельный: 1042
2023-05-19 08:45:37.3625|DEBUG|stolov.Order|ФИО: Садыкова Венера Рафагатовна
2023-05-19 08:45:53.8273|DEBUG|stolov.Order|Новый заказ
2023-05-19 08:45:53.8273|DEBUG|stolov.Order|Табельный: 1045
2023-05-19 08:45:53.8273|DEBUG|stolov.Order|ФИО: Синицкая Наталья Александровна
2023-05-19 08:47:10.1736|DEBUG|stolov.Order|Новый заказ
2023-05-19 08:47:10.2586|DEBUG|stolov.Order|Табельный: 1028
2023-05-19 08:47:10.2606|DEBUG|stolov.Order|ФИО: Козлова Людмила Николаевна
2023-05-19 08:47:28.3906|DEBUG|stolov.Order|Новый заказ
2023-05-19 08:47:28.3906|DEBUG|stolov.Order|Табельный: 1117
2023-05-19 08:47:28.3906|DEBUG|stolov.Order|ФИО: Тулеулинов Игорь Исамбулатович
2023-05-19 08:47:50.5343|DEBUG|stolov.Order|Новый заказ
2023-05-19 08:47:50.5343|DEBUG|stolov.Order|Табельный: 1136
2023-05-19 08:47:50.5343|DEBUG|stolov.Order|ФИО: Лымарь Алексей Александрович
2023-05-19 08:53:29.8233|DEBUG|stolov.Order|Новый заказ
2023-05-19 08:53:29.8783|DEBUG|stolov.Order|Табельный: 1028
2023-05-19 08:53:29.8783|DEBUG|stolov.Order|ФИО: Козлова Людмила Николаевна
2023-05-19 08:53:46.1600|DEBUG|stolov.Order|Новый заказ
2023-05-19 08:53:46.1600|DEBUG|stolov.Order|Табельный: 1042
2023-05-19 08:53:46.1600|DEBUG|stolov.Order|ФИО: Садыкова Венера Рафагатовна
2023-05-19 09:22:41.2882|DEBUG|stolov.Order|Новый заказ
2023-05-19 09:22:41.3392|DEBUG|stolov.Order|Табельный: 1042
2023-05-19 09:22:41.3392|DEBUG|stolov.Order|ФИО: Садыкова Венера Рафагатовна
2023-05-19 09:23:19.8060|DEBUG|stolov.Order|Новый заказ
2023-05-19 09:23:19.8650|DEBUG|stolov.Order|Табельный: 1045
2023-05-19 09:23:19.8650|DEBUG|stolov.Order|ФИО: Синицкая Наталья Александровна
2023-05-19 09:24:29.0319|DEBUG|stolov.Order|Новый заказ
2023-05-19 09:24:29.0919|DEBUG|stolov.Order|Табельный: 1028
2023-05-19 09:24:29.0919|DEBUG|stolov.Order|ФИО: Козлова Людмила Николаевна
2023-05-19 09:24:50.9242|DEBUG|stolov.Order|Новый заказ
2023-05-19 09:24:50.9242|DEBUG|stolov.Order|Табельный: 1042
2023-05-19 09:24:50.9242|DEBUG|stolov.Order|ФИО: Садыкова Венера Рафагатовна
2023-05-19 09:27:55.8933|DEBUG|stolov.Order|Новый заказ
2023-05-19 09:27:55.9493|DEBUG|stolov.Order|Табельный: 1028
2023-05-19 09:27:55.9493|DEBUG|stolov.Order|ФИО: Козлова Людмила Николаевна
2023-05-19 09:28:09.3049|DEBUG|stolov.Order|Новый заказ
2023-05-19 09:28:09.3049|DEBUG|stolov.Order|Табельный: 1042
2023-05-19 09:28:09.3049|DEBUG|stolov.Order|ФИО: Садыкова Венера Рафагатовна
2023-05-19 09:28:30.1494|DEBUG|stolov.Order|Новый заказ
2023-05-19 09:28:30.1494|DEBUG|stolov.Order|Табельный: 1045
2023-05-19 09:28:30.1494|DEBUG|stolov.Order|ФИО: Синицкая Наталья Александровна
2023-05-19 09:29:41.9699|DEBUG|stolov.Order|Новый заказ
2023-05-19 09:29:42.0299|DEBUG|stolov.Order|Табельный: 1028
2023-05-19 09:29:42.0299|DEBUG|stolov.Order|ФИО: Козлова Людмила Николаевна
2023-05-19 09:30:02.8468|DEBUG|stolov.Order|Новый заказ
2023-05-19 09:30:02.8468|DEBUG|stolov.Order|Табельный: 1042
2023-05-19 09:30:02.8468|DEBUG|stolov.Order|ФИО: Садыкова Венера Рафагатовна
2023-05-19 09:30:43.2959|DEBUG|stolov.Order|Новый заказ
2023-05-19 09:30:43.2959|DEBUG|stolov.Order|Табельный: 1028
2023-05-19 09:30:43.2959|DEBUG|stolov.Order|ФИО: Козлова Людмила Николаевна
2023-05-19 09:32:15.1453|DEBUG|stolov.Order|Новый заказ
2023-05-19 09:32:15.2063|DEBUG|stolov.Order|Табельный: 1028
2023-05-19 09:32:15.2063|DEBUG|stolov.Order|ФИО: Козлова Людмила Николаевна
2023-05-19 09:32:27.6303|DEBUG|stolov.Order|Новый заказ
2023-05-19 09:32:27.6303|DEBUG|stolov.Order|Табельный: 1042
2023-05-19 09:32:27.6303|DEBUG|stolov.Order|ФИО: Садыкова Венера Рафагатовна
2023-05-19 09:32:49.0691|DEBUG|stolov.Order|Новый заказ
2023-05-19 09:32:49.0691|DEBUG|stolov.Order|Табельный: 1045
2023-05-19 09:32:49.0691|DEBUG|stolov.Order|ФИО: Синицкая Наталья Александровна
2023-05-19 09:54:18.7781|DEBUG|stolov.Order|Новый заказ
2023-05-19 09:54:18.8451|DEBUG|stolov.Order|Табельный: 1028
2023-05-19 09:54:18.8451|DEBUG|stolov.Order|ФИО: Козлова Людмила Николаевна
2023-05-19 10:05:47.7406|DEBUG|stolov.Order|Новый заказ
2023-05-19 10:05:47.8156|DEBUG|stolov.Order|Табельный: 1028
2023-05-19 10:05:47.8156|DEBUG|stolov.Order|ФИО: Козлова Людмила Николаевна
2023-05-19 10:06:06.9792|DEBUG|stolov.Order|Новый заказ
2023-05-19 10:06:06.9792|DEBUG|stolov.Order|Табельный: 1042
2023-05-19 10:06:06.9792|DEBUG|stolov.Order|ФИО: Садыкова Венера Рафагатовна
2023-05-19 10:08:14.6823|DEBUG|stolov.Order|Новый заказ
2023-05-19 10:08:14.7663|DEBUG|stolov.Order|Табельный: 1028
2023-05-19 10:08:14.7663|DEBUG|stolov.Order|ФИО: Козлова Людмила Николаевна
2023-05-19 10:08:28.4306|DEBUG|stolov.Order|Новый заказ
2023-05-19 10:08:28.4346|DEBUG|stolov.Order|Табельный: 1042
2023-05-19 10:08:28.4346|DEBUG|stolov.Order|ФИО: Садыкова Венера Рафагатовна
2023-05-19 10:09:52.8226|DEBUG|stolov.Order|Новый заказ
2023-05-19 10:09:52.8826|DEBUG|stolov.Order|Табельный: 1028
2023-05-19 10:09:52.8826|DEBUG|stolov.Order|ФИО: Козлова Людмила Николаевна
2023-05-19 10:10:06.1303|DEBUG|stolov.Order|Новый заказ
2023-05-19 10:10:06.1303|DEBUG|stolov.Order|Табельный: 1042
2023-05-19 10:10:06.1303|DEBUG|stolov.Order|ФИО: Садыкова Венера Рафагатовна
2023-05-19 10:11:05.0356|DEBUG|stolov.Order|Новый заказ
2023-05-19 10:11:05.0886|DEBUG|stolov.Order|Табельный: 1028
2023-05-19 10:11:05.0886|DEBUG|stolov.Order|ФИО: Козлова Людмила Николаевна
2023-05-19 10:11:17.2003|DEBUG|stolov.Order|Новый заказ
2023-05-19 10:11:17.2003|DEBUG|stolov.Order|Табельный: 1042
2023-05-19 10:11:17.2003|DEBUG|stolov.Order|ФИО: Садыкова Венера Рафагатовна
2023-05-19 10:14:03.4572|DEBUG|stolov.Order|Новый заказ
2023-05-19 10:14:03.5242|DEBUG|stolov.Order|Табельный: 1028
2023-05-19 10:14:03.5242|DEBUG|stolov.Order|ФИО: Козлова Людмила Николаевна
2023-05-19 10:14:10.2799|DEBUG|stolov.Order|Новый заказ
2023-05-19 10:14:10.2799|DEBUG|stolov.Order|Табельный: 1042
2023-05-19 10:14:10.2799|DEBUG|stolov.Order|ФИО: Садыкова Венера Рафагатовна
2023-05-19 10:14:24.2323|DEBUG|stolov.Order|Новый заказ
2023-05-19 10:14:24.2323|DEBUG|stolov.Order|Табельный: 1042
2023-05-19 10:14:24.2323|DEBUG|stolov.Order|ФИО: Садыкова Венера Рафагатовна
2023-05-19 10:16:42.6608|DEBUG|stolov.Order|Новый заказ
2023-05-19 10:16:42.7468|DEBUG|stolov.Order|Табельный: 1028
2023-05-19 10:16:42.7468|DEBUG|stolov.Order|ФИО: Козлова Людмила Николаевна
2023-05-19 10:17:11.4724|DEBUG|stolov.Order|Новый заказ
2023-05-19 10:17:11.4724|DEBUG|stolov.Order|Табельный: 1042
2023-05-19 10:17:11.4724|DEBUG|stolov.Order|ФИО: Садыкова Венера Рафагатовна
2023-05-19 10:17:44.4580|DEBUG|stolov.Order|Новый заказ
2023-05-19 10:17:44.4580|DEBUG|stolov.Order|Табельный: 1048
2023-05-19 10:17:44.4580|DEBUG|stolov.Order|ФИО: Трипольская Ирина Викторовна
2023-05-19 10:19:32.9733|DEBUG|stolov.Order|Новый заказ
2023-05-19 10:19:33.0513|DEBUG|stolov.Order|Табельный: 1028
2023-05-19 10:19:33.0513|DEBUG|stolov.Order|ФИО: Козлова Людмила Николаевна
2023-05-19 10:20:41.7463|DEBUG|stolov.Order|Новый заказ
2023-05-19 10:20:41.8053|DEBUG|stolov.Order|Табельный: 1028
2023-05-19 10:20:41.8053|DEBUG|stolov.Order|ФИО: Козлова Людмила Николаевна
2023-05-19 10:20:53.5183|DEBUG|stolov.Order|Новый заказ
2023-05-19 10:20:53.5183|DEBUG|stolov.Order|Табельный: 1042
2023-05-19 10:20:53.5183|DEBUG|stolov.Order|ФИО: Садыкова Венера Рафагатовна
2023-05-19 10:21:02.8553|DEBUG|stolov.Order|Новый заказ
2023-05-19 10:21:02.8553|DEBUG|stolov.Order|Табельный: 1045
2023-05-19 10:21:02.8553|DEBUG|stolov.Order|ФИО: Синицкая Наталья Александровна
2023-05-19 10:21:21.3637|DEBUG|stolov.Order|Новый заказ
2023-05-19 10:21:21.3637|DEBUG|stolov.Order|Табельный: 1045
2023-05-19 10:21:21.3637|DEBUG|stolov.Order|ФИО: Синицкая Наталья Александровна
2023-05-19 10:22:30.9832|DEBUG|stolov.Order|Новый заказ
2023-05-19 10:22:30.9832|DEBUG|stolov.Order|Табельный: 3814
2023-05-19 10:22:30.9832|DEBUG|stolov.Order|ФИО: Васильев Сергей Николаевич
2023-05-19 10:57:24.1841|DEBUG|stolov.Order|Новый заказ
2023-05-19 10:57:24.2611|DEBUG|stolov.Order|Табельный: 3026
2023-05-19 10:57:24.2611|DEBUG|stolov.Order|ФИО: Волкова Кристина Александровна
2023-05-19 11:12:13.7180|DEBUG|stolov.Order|Новый заказ
2023-05-19 11:12:13.7750|DEBUG|stolov.Order|Табельный: 1075
2023-05-19 11:12:13.7760|DEBUG|stolov.Order|ФИО: Ситников Сергей Петрович
2023-05-19 11:13:20.1232|DEBUG|stolov.Order|Новый заказ
2023-05-19 11:13:20.1232|DEBUG|stolov.Order|Табельный: 1101
2023-05-19 11:13:20.1232|DEBUG|stolov.Order|ФИО: Сафина Диля Асхатовна
2023-05-19 11:44:04.5061|DEBUG|stolov.Order|Новый заказ
2023-05-19 11:44:47.4276|DEBUG|stolov.Order|Новый заказ
2023-05-19 11:46:42.4292|DEBUG|stolov.Order|Новый заказ
2023-05-19 11:46:42.4932|DEBUG|stolov.Order|Табельный: наличный расчет
2023-05-19 11:46:42.4932|DEBUG|stolov.Order|ФИО: наличный расчет
2023-05-19 11:47:17.7674|DEBUG|stolov.Order|Новый заказ
2023-05-19 11:47:17.7674|DEBUG|stolov.Order|Табельный: 1042
2023-05-19 11:47:17.7674|DEBUG|stolov.Order|ФИО: Садыкова Венера Рафагатовна
2023-05-19 11:49:23.9266|DEBUG|stolov.Order|Новый заказ
2023-05-19 11:49:24.0046|DEBUG|stolov.Order|Табельный: наличный расчет
2023-05-19 11:49:24.0046|DEBUG|stolov.Order|ФИО: наличный расчет
2023-05-19 11:49:50.7207|DEBUG|stolov.Order|Новый заказ
2023-05-19 11:49:50.7207|DEBUG|stolov.Order|Табельный: 1048
2023-05-19 11:49:50.7207|DEBUG|stolov.Order|ФИО: Трипольская Ирина Викторовна
2023-05-19 11:52:04.1982|DEBUG|stolov.Order|Новый заказ
2023-05-19 11:52:04.2622|DEBUG|stolov.Order|Табельный: наличный расчет
2023-05-19 11:52:04.2622|DEBUG|stolov.Order|ФИО: наличный расчет
2023-05-19 11:52:34.3115|DEBUG|stolov.Order|Новый заказ
2023-05-19 11:52:34.3115|DEBUG|stolov.Order|Табельный: 1048
2023-05-19 11:52:34.3115|DEBUG|stolov.Order|ФИО: Трипольская Ирина Викторовна
2023-05-19 11:52:54.4666|DEBUG|stolov.Order|Новый заказ
2023-05-19 11:52:54.4666|DEBUG|stolov.Order|Табельный: наличный расчет
2023-05-19 11:52:54.4666|DEBUG|stolov.Order|ФИО: наличный расчет
2023-05-19 11:53:19.7001|DEBUG|stolov.Order|Новый заказ
2023-05-19 11:53:19.7001|DEBUG|stolov.Order|Табельный: 1042
2023-05-19 11:53:19.7001|DEBUG|stolov.Order|ФИО: Садыкова Венера Рафагатовна
2023-05-19 11:55:37.8979|DEBUG|stolov.Order|Новый заказ
2023-05-19 11:55:37.9569|DEBUG|stolov.Order|Табельный: наличный расчет
2023-05-19 11:55:37.9569|DEBUG|stolov.Order|ФИО: наличный расчет
2023-05-19 11:56:06.6403|DEBUG|stolov.Order|Новый заказ
2023-05-19 11:56:06.6403|DEBUG|stolov.Order|Табельный: 1065
2023-05-19 11:56:06.6403|DEBUG|stolov.Order|ФИО: Лукашенко Сергей Александрович
2023-05-19 11:57:13.5395|DEBUG|stolov.OrdersToISPRO|date=20230519
2023-05-19 11:57:13.5620|DEBUG|stolov.OrdersToISPRO|zkg=5004987 sum=150
2023-05-19 11:57:13.5620|DEBUG|stolov.OrdersToISPRO||13757|00000000000000005402|0 Салат Витаминный с перцем|Холодные блюда|порц.|1|26.000000|9798|74076|51
2023-05-19 11:57:13.5932|DEBUG|stolov.OrdersToISPRO||4382|11170000000000001028|0 Салат грузинский|Холодные блюда|порц.|1|40.000000|829|74107|51
2023-05-19 11:57:13.6194|DEBUG|stolov.OrdersToISPRO||4404|11170000000000001050|0 Свекла с изюмом, сметаной|Холодные блюда|порц.|1|18.500000|838|74077|51
2023-05-19 11:57:13.6458|DEBUG|stolov.OrdersToISPRO||4392|11170000000000001038|0 Сельдь "под шубой"|Холодные блюда|порц.|1|33.000000|822|74093|51
2023-05-19 11:57:13.6717|DEBUG|stolov.OrdersToISPRO||3654|11170000000000000313|1 Окрошка мясная|Первые блюда|порц.|1|32.500000|620|72806|51
2023-05-19 12:04:25.5991|DEBUG|stolov.Order|Новый заказ
2023-05-19 12:04:25.6801|DEBUG|stolov.Order|Табельный: наличный расчет
2023-05-19 12:04:25.6801|DEBUG|stolov.Order|ФИО: наличный расчет
2023-05-19 12:04:52.8623|DEBUG|stolov.Order|Новый заказ
2023-05-19 12:04:52.8623|DEBUG|stolov.Order|Табельный: 1048
2023-05-19 12:04:52.8623|DEBUG|stolov.Order|ФИО: Трипольская Ирина Викторовна
2023-05-19 12:05:05.7477|DEBUG|stolov.OrdersToISPRO|date=20230519
2023-05-19 12:05:05.7747|DEBUG|stolov.OrdersToISPRO|zkg=5004989 sum=199.5
2023-05-19 12:05:05.7777|DEBUG|stolov.OrdersToISPRO||13757|00000000000000005402|0 Салат Витаминный с перцем|Холодные блюда|порц.|1|26.000000|9798|74076|51
2023-05-19 12:05:05.8107|DEBUG|stolov.OrdersToISPRO||4382|11170000000000001028|0 Салат грузинский|Холодные блюда|порц.|1|40.000000|829|74107|51
2023-05-19 12:05:05.8379|DEBUG|stolov.OrdersToISPRO||4404|11170000000000001050|0 Свекла с изюмом, сметаной|Холодные блюда|порц.|1|18.500000|838|74077|51
2023-05-19 12:05:05.8669|DEBUG|stolov.OrdersToISPRO||4392|11170000000000001038|0 Сельдь "под шубой"|Холодные блюда|порц.|1|33.000000|822|74093|51
2023-05-19 12:05:05.9011|DEBUG|stolov.OrdersToISPRO||3654|11170000000000000313|1 Окрошка мясная|Первые блюда|порц.|1|32.500000|620|72806|51
2023-05-19 12:05:05.9317|DEBUG|stolov.OrdersToISPRO||13560|00000000000000005214|1 Солянка домашняя со сметаной|Первые блюда|порц.|1|49.500000|9611|74094|51
2023-05-19 12:05:05.9628|DEBUG|stolov.OrdersToISPRO|date=20230519
2023-05-19 12:05:05.9825|DEBUG|stolov.OrdersToISPRO|zkg=5004990 sum=411
2023-05-19 12:05:05.9825|DEBUG|stolov.OrdersToISPRO||13448|00000000000000005118|0 Кетчуп 30г|Холодные блюда|порц.|2|6.000000|9503|63604|51
2023-05-19 12:05:06.0135|DEBUG|stolov.OrdersToISPRO||13757|00000000000000005402|0 Салат Витаминный с перцем|Холодные блюда|порц.|2|26.000000|9798|74076|51
2023-05-19 12:05:06.0405|DEBUG|stolov.OrdersToISPRO||4382|11170000000000001028|0 Салат грузинский|Холодные блюда|порц.|2|40.000000|829|74107|51
2023-05-19 12:05:06.0685|DEBUG|stolov.OrdersToISPRO||4404|11170000000000001050|0 Свекла с изюмом, сметаной|Холодные блюда|порц.|2|18.500000|838|74077|51
2023-05-19 12:05:06.0971|DEBUG|stolov.OrdersToISPRO||4392|11170000000000001038|0 Сельдь "под шубой"|Холодные блюда|порц.|2|33.000000|822|74093|51
2023-05-19 12:05:06.1241|DEBUG|stolov.OrdersToISPRO||3654|11170000000000000313|1 Окрошка мясная|Первые блюда|порц.|2|32.500000|620|72806|51
2023-05-19 12:05:06.1511|DEBUG|stolov.OrdersToISPRO||13560|00000000000000005214|1 Солянка домашняя со сметаной|Первые блюда|порц.|2|49.500000|9611|74094|51
2023-05-19 12:05:07.8776|DEBUG|stolov.Ctolov|Данные выгружены
2023-05-19 12:17:02.0167|DEBUG|stolov.Order|Новый заказ
2023-05-19 12:17:02.0767|DEBUG|stolov.Order|Табельный: наличный расчет
2023-05-19 12:17:02.0767|DEBUG|stolov.Order|ФИО: наличный расчет
2023-05-19 12:17:25.7423|DEBUG|stolov.Order|Новый заказ
2023-05-19 12:17:25.7423|DEBUG|stolov.Order|Табельный: 1042
2023-05-19 12:17:25.7423|DEBUG|stolov.Order|ФИО: Садыкова Венера Рафагатовна
2023-05-19 12:17:30.7634|DEBUG|stolov.OrdersToISPRO|date=20230519
2023-05-19 12:17:30.7934|DEBUG|stolov.OrdersToISPRO|zkg=5004991 sum=178
2023-05-19 12:17:30.7934|DEBUG|stolov.OrdersToISPRO||13448|00000000000000005118|0 Кетчуп 30г|Холодные блюда|порц.|1|6.000000|9503|63604|51
2023-05-19 12:17:30.8294|DEBUG|stolov.OrdersToISPRO||13757|00000000000000005402|0 Салат Витаминный с перцем|Холодные блюда|порц.|2|26.000000|9798|74076|51
2023-05-19 12:17:30.8614|DEBUG|stolov.OrdersToISPRO||4382|11170000000000001028|0 Салат грузинский|Холодные блюда|порц.|3|40.000000|829|74107|51
2023-05-19 12:17:30.8934|DEBUG|stolov.OrdersToISPRO|date=20230519
2023-05-19 12:17:30.9154|DEBUG|stolov.OrdersToISPRO|zkg=5004992 sum=304
2023-05-19 12:17:30.9184|DEBUG|stolov.OrdersToISPRO||13757|00000000000000005402|0 Салат Витаминный с перцем|Холодные блюда|порц.|4|26.000000|9798|74076|51
2023-05-19 12:17:30.9485|DEBUG|stolov.OrdersToISPRO||4382|11170000000000001028|0 Салат грузинский|Холодные блюда|порц.|5|40.000000|829|74107|51
2023-05-19 12:17:32.3989|DEBUG|stolov.Ctolov|Данные выгружены
2023-05-19 12:46:13.4497|DEBUG|stolov.Order|Новый заказ
2023-05-19 12:46:13.5017|DEBUG|stolov.Order|Табельный: 1028
2023-05-19 12:46:13.5017|DEBUG|stolov.Order|ФИО: Козлова Людмила Николаевна
2023-05-19 12:46:29.9980|DEBUG|stolov.Order|Новый заказ
2023-05-19 12:46:29.9980|DEBUG|stolov.Order|Табельный: 1042
2023-05-19 12:46:29.9980|DEBUG|stolov.Order|ФИО: Садыкова Венера Рафагатовна
2023-05-19 12:47:15.9522|DEBUG|stolov.OrdersToISPRO|date=20230519
2023-05-19 12:47:15.9762|DEBUG|stolov.OrdersToISPRO|zkg=5004993 sum=34
2023-05-19 12:47:15.9762|DEBUG|stolov.OrdersToISPRO||13773|00000000000000005417|0 Горчица столовая|Холодные блюда|порц.|1|2.000000|9813|64131|51
2023-05-19 12:47:16.0102|DEBUG|stolov.OrdersToISPRO||13448|00000000000000005118|0 Кетчуп 30г|Холодные блюда|порц.|1|6.000000|9503|63604|51
2023-05-19 12:47:16.0382|DEBUG|stolov.OrdersToISPRO||13757|00000000000000005402|0 Салат Витаминный с перцем|Холодные блюда|порц.|1|26.000000|9798|74076|51
2023-05-19 12:47:16.0712|DEBUG|stolov.OrdersToISPRO|date=20230519
2023-05-19 12:47:16.0922|DEBUG|stolov.OrdersToISPRO|zkg=5004994 sum=148
2023-05-19 12:47:16.0922|DEBUG|stolov.OrdersToISPRO||13773|00000000000000005417|0 Горчица столовая|Холодные блюда|порц.|2|2.000000|9813|64131|51
2023-05-19 12:47:16.1252|DEBUG|stolov.OrdersToISPRO||13448|00000000000000005118|0 Кетчуп 30г|Холодные блюда|порц.|2|6.000000|9503|63604|51
2023-05-19 12:47:16.1532|DEBUG|stolov.OrdersToISPRO||13757|00000000000000005402|0 Салат Витаминный с перцем|Холодные блюда|порц.|2|26.000000|9798|74076|51
2023-05-19 12:47:16.1812|DEBUG|stolov.OrdersToISPRO||4382|11170000000000001028|0 Салат грузинский|Холодные блюда|порц.|2|40.000000|829|74107|51
2023-05-19 12:47:18.1529|DEBUG|stolov.Ctolov|Данные выгружены
2023-05-19 13:28:18.2521|DEBUG|stolov.Order|Новый заказ
2023-05-19 13:28:18.3021|DEBUG|stolov.Order|Табельный: 1028
2023-05-19 13:28:18.3021|DEBUG|stolov.Order|ФИО: Козлова Людмила Николаевна
2023-05-19 13:28:40.6301|DEBUG|stolov.Order|Новый заказ
2023-05-19 13:28:40.6301|DEBUG|stolov.Order|Табельный: 1042
2023-05-19 13:28:40.6301|DEBUG|stolov.Order|ФИО: Садыкова Венера Рафагатовна
2023-05-19 13:29:01.4918|DEBUG|stolov.Order|Новый заказ
2023-05-19 13:29:01.4918|DEBUG|stolov.Order|Табельный: 1045
2023-05-19 13:29:01.4918|DEBUG|stolov.Order|ФИО: Синицкая Наталья Александровна
2023-05-19 13:29:21.3694|DEBUG|stolov.OrdersToISPRO|date=20230519
2023-05-19 13:29:21.3925|DEBUG|stolov.OrdersToISPRO|zkg=5004995 sum=123.5
2023-05-19 13:29:21.3925|DEBUG|stolov.OrdersToISPRO||13448|00000000000000005118|0 Кетчуп 30г|Холодные блюда|порц.|1|6.000000|9503|63604|51
2023-05-19 13:29:21.4245|DEBUG|stolov.OrdersToISPRO||13757|00000000000000005402|0 Салат Витаминный с перцем|Холодные блюда|порц.|1|26.000000|9798|74076|51
2023-05-19 13:29:21.4525|DEBUG|stolov.OrdersToISPRO||4382|11170000000000001028|0 Салат грузинский|Холодные блюда|порц.|1|40.000000|829|74107|51
2023-05-19 13:29:21.4805|DEBUG|stolov.OrdersToISPRO||4404|11170000000000001050|0 Свекла с изюмом, сметаной|Холодные блюда|порц.|1|18.500000|838|74077|51
2023-05-19 13:29:21.5145|DEBUG|stolov.OrdersToISPRO||4392|11170000000000001038|0 Сельдь "под шубой"|Холодные блюда|порц.|1|33.000000|822|74093|51
2023-05-19 13:29:21.5455|DEBUG|stolov.OrdersToISPRO|date=20230519
2023-05-19 13:29:21.5664|DEBUG|stolov.OrdersToISPRO|zkg=5004996 sum=247
2023-05-19 13:29:21.5664|DEBUG|stolov.OrdersToISPRO||13448|00000000000000005118|0 Кетчуп 30г|Холодные блюда|порц.|2|6.000000|9503|63604|51
2023-05-19 13:29:21.5995|DEBUG|stolov.OrdersToISPRO||13757|00000000000000005402|0 Салат Витаминный с перцем|Холодные блюда|порц.|2|26.000000|9798|74076|51
2023-05-19 13:29:21.6275|DEBUG|stolov.OrdersToISPRO||4382|11170000000000001028|0 Салат грузинский|Холодные блюда|порц.|2|40.000000|829|74107|51
2023-05-19 13:29:21.6555|DEBUG|stolov.OrdersToISPRO||4404|11170000000000001050|0 Свекла с изюмом, сметаной|Холодные блюда|порц.|2|18.500000|838|74077|51
2023-05-19 13:29:21.6845|DEBUG|stolov.OrdersToISPRO||4392|11170000000000001038|0 Сельдь "под шубой"|Холодные блюда|порц.|2|33.000000|822|74093|51
2023-05-19 13:29:21.7225|DEBUG|stolov.OrdersToISPRO|date=20230519
2023-05-19 13:29:21.7495|DEBUG|stolov.OrdersToISPRO|zkg=5004997 sum=370.5
2023-05-19 13:29:21.7495|DEBUG|stolov.OrdersToISPRO||13448|00000000000000005118|0 Кетчуп 30г|Холодные блюда|порц.|3|6.000000|9503|63604|51
2023-05-19 13:29:21.7816|DEBUG|stolov.OrdersToISPRO||13757|00000000000000005402|0 Салат Витаминный с перцем|Холодные блюда|порц.|3|26.000000|9798|74076|51
2023-05-19 13:29:21.8116|DEBUG|stolov.OrdersToISPRO||4382|11170000000000001028|0 Салат грузинский|Холодные блюда|порц.|3|40.000000|829|74107|51
2023-05-19 13:29:21.8386|DEBUG|stolov.OrdersToISPRO||4404|11170000000000001050|0 Свекла с изюмом, сметаной|Холодные блюда|порц.|3|18.500000|838|74077|51
2023-05-19 13:29:21.8686|DEBUG|stolov.OrdersToISPRO||4392|11170000000000001038|0 Сельдь "под шубой"|Холодные блюда|порц.|3|33.000000|822|74093|51
2023-05-19 13:29:24.1395|DEBUG|stolov.Ctolov|Данные выгружены
2023-05-19 13:40:01.2056|DEBUG|stolov.Order|Новый заказ
2023-05-19 13:40:01.2626|DEBUG|stolov.Order|Табельный: 1028
2023-05-19 13:40:01.2626|DEBUG|stolov.Order|ФИО: Козлова Людмила Николаевна
2023-05-19 13:40:18.4778|DEBUG|stolov.Order|Новый заказ
2023-05-19 13:40:18.4788|DEBUG|stolov.Order|Табельный: 1042
2023-05-19 13:40:18.4788|DEBUG|stolov.Order|ФИО: Садыкова Венера Рафагатовна
2023-05-19 13:40:36.7428|DEBUG|stolov.Order|Новый заказ
2023-05-19 13:40:36.7428|DEBUG|stolov.Order|Табельный: 1045
2023-05-19 13:40:36.7428|DEBUG|stolov.Order|ФИО: Синицкая Наталья Александровна
2023-05-19 13:40:53.0146|DEBUG|stolov.OrdersToISPRO|date=20230519
2023-05-19 13:40:53.0466|DEBUG|stolov.OrdersToISPRO|zkg=5004998 sum=92.5
2023-05-19 13:40:53.0466|DEBUG|stolov.OrdersToISPRO||13773|00000000000000005417|0 Горчица столовая|Холодные блюда|порц.|1|2.000000|9813|64131|51
2023-05-19 13:40:53.0786|DEBUG|stolov.OrdersToISPRO||13448|00000000000000005118|0 Кетчуп 30г|Холодные блюда|порц.|1|6.000000|9503|63604|51
2023-05-19 13:40:53.1047|DEBUG|stolov.OrdersToISPRO||13757|00000000000000005402|0 Салат Витаминный с перцем|Холодные блюда|порц.|1|26.000000|9798|74076|51
2023-05-19 13:40:53.1327|DEBUG|stolov.OrdersToISPRO||4382|11170000000000001028|0 Салат грузинский|Холодные блюда|порц.|1|40.000000|829|74107|51
2023-05-19 13:40:53.1607|DEBUG|stolov.OrdersToISPRO||4404|11170000000000001050|0 Свекла с изюмом, сметаной|Холодные блюда|порц.|1|18.500000|838|74077|51
2023-05-19 13:41:01.5264|DEBUG|stolov.OrdersToISPRO|date=20230519
2023-05-19 13:41:01.5474|DEBUG|stolov.OrdersToISPRO|zkg=5004999 sum=185
2023-05-19 13:41:01.5474|DEBUG|stolov.OrdersToISPRO||13773|00000000000000005417|0 Горчица столовая|Холодные блюда|порц.|2|2.000000|9813|64131|51
2023-05-19 13:41:01.5805|DEBUG|stolov.OrdersToISPRO||13448|00000000000000005118|0 Кетчуп 30г|Холодные блюда|порц.|2|6.000000|9503|63604|51
2023-05-19 13:41:01.6085|DEBUG|stolov.OrdersToISPRO||13757|00000000000000005402|0 Салат Витаминный с перцем|Холодные блюда|порц.|2|26.000000|9798|74076|51
2023-05-19 13:41:01.6355|DEBUG|stolov.OrdersToISPRO||4382|11170000000000001028|0 Салат грузинский|Холодные блюда|порц.|2|40.000000|829|74107|51
2023-05-19 13:41:01.6635|DEBUG|stolov.OrdersToISPRO||4404|11170000000000001050|0 Свекла с изюмом, сметаной|Холодные блюда|порц.|2|18.500000|838|74077|51
2023-05-19 13:41:03.9031|DEBUG|stolov.OrdersToISPRO|date=20230519
2023-05-19 13:41:03.9231|DEBUG|stolov.OrdersToISPRO|zkg=5005000 sum=277.5
2023-05-19 13:41:03.9231|DEBUG|stolov.OrdersToISPRO||13773|00000000000000005417|0 Горчица столовая|Холодные блюда|порц.|3|2.000000|9813|64131|51
2023-05-19 13:41:03.9531|DEBUG|stolov.OrdersToISPRO||13448|00000000000000005118|0 Кетчуп 30г|Холодные блюда|порц.|3|6.000000|9503|63604|51
2023-05-19 13:41:03.9821|DEBUG|stolov.OrdersToISPRO||13757|00000000000000005402|0 Салат Витаминный с перцем|Холодные блюда|порц.|3|26.000000|9798|74076|51
2023-05-19 13:41:04.0092|DEBUG|stolov.OrdersToISPRO||4382|11170000000000001028|0 Салат грузинский|Холодные блюда|порц.|3|40.000000|829|74107|51
2023-05-19 13:41:04.0372|DEBUG|stolov.OrdersToISPRO||4404|11170000000000001050|0 Свекла с изюмом, сметаной|Холодные блюда|порц.|3|18.500000|838|74077|51
2023-05-19 13:41:05.9156|DEBUG|stolov.Ctolov|Данные выгружены
2023-05-19 13:41:56.6808|DEBUG|stolov.OrdersToISPRO|date=20230519
2023-05-19 13:41:56.7118|DEBUG|stolov.OrdersToISPRO|zkg=5005001 sum=92.5
2023-05-19 13:41:56.7158|DEBUG|stolov.OrdersToISPRO||13773|00000000000000005417|0 Горчица столовая|Холодные блюда|порц.|1|2.000000|9813|64131|51
2023-05-19 13:41:56.7628|DEBUG|stolov.OrdersToISPRO||13448|00000000000000005118|0 Кетчуп 30г|Холодные блюда|порц.|1|6.000000|9503|63604|51
2023-05-19 13:41:56.7968|DEBUG|stolov.OrdersToISPRO||13757|00000000000000005402|0 Салат Витаминный с перцем|Холодные блюда|порц.|1|26.000000|9798|74076|51
2023-05-19 13:41:56.8318|DEBUG|stolov.OrdersToISPRO||4382|11170000000000001028|0 Салат грузинский|Холодные блюда|порц.|1|40.000000|829|74107|51
2023-05-19 13:41:56.8618|DEBUG|stolov.OrdersToISPRO||4404|11170000000000001050|0 Свекла с изюмом, сметаной|Холодные блюда|порц.|1|18.500000|838|74077|51
2023-05-19 13:42:02.7270|DEBUG|stolov.OrdersToISPRO|date=20230519
2023-05-19 13:42:02.7490|DEBUG|stolov.OrdersToISPRO|zkg=5005002 sum=185
2023-05-19 13:42:02.7490|DEBUG|stolov.OrdersToISPRO||13773|00000000000000005417|0 Горчица столовая|Холодные блюда|порц.|2|2.000000|9813|64131|51
2023-05-19 13:42:02.7790|DEBUG|stolov.OrdersToISPRO||13448|00000000000000005118|0 Кетчуп 30г|Холодные блюда|порц.|2|6.000000|9503|63604|51
2023-05-19 13:42:02.8070|DEBUG|stolov.OrdersToISPRO||13757|00000000000000005402|0 Салат Витаминный с перцем|Холодные блюда|порц.|2|26.000000|9798|74076|51
2023-05-19 13:42:02.8330|DEBUG|stolov.OrdersToISPRO||4382|11170000000000001028|0 Салат грузинский|Холодные блюда|порц.|2|40.000000|829|74107|51
2023-05-19 13:42:02.8600|DEBUG|stolov.OrdersToISPRO||4404|11170000000000001050|0 Свекла с изюмом, сметаной|Холодные блюда|порц.|2|18.500000|838|74077|51
2023-05-19 13:42:06.0225|DEBUG|stolov.OrdersToISPRO|date=20230519
2023-05-19 13:42:06.0435|DEBUG|stolov.OrdersToISPRO|zkg=5005003 sum=277.5
2023-05-19 13:42:06.0435|DEBUG|stolov.OrdersToISPRO||13773|00000000000000005417|0 Горчица столовая|Холодные блюда|порц.|3|2.000000|9813|64131|51
2023-05-19 13:42:06.0755|DEBUG|stolov.OrdersToISPRO||13448|00000000000000005118|0 Кетчуп 30г|Холодные блюда|порц.|3|6.000000|9503|63604|51
2023-05-19 13:42:06.1045|DEBUG|stolov.OrdersToISPRO||13757|00000000000000005402|0 Салат Витаминный с перцем|Холодные блюда|порц.|3|26.000000|9798|74076|51
2023-05-19 13:42:06.1374|DEBUG|stolov.OrdersToISPRO||4382|11170000000000001028|0 Салат грузинский|Холодные блюда|порц.|3|40.000000|829|74107|51
2023-05-19 13:42:06.1815|DEBUG|stolov.OrdersToISPRO||4404|11170000000000001050|0 Свекла с изюмом, сметаной|Холодные блюда|порц.|3|18.500000|838|74077|51
2023-05-19 13:42:20.0115|DEBUG|stolov.Ctolov|Данные выгружены
2023-05-19 13:43:56.1571|DEBUG|stolov.Order|Новый заказ
2023-05-19 13:43:56.2181|DEBUG|stolov.Order|Табельный: 1028
2023-05-19 13:43:56.2181|DEBUG|stolov.Order|ФИО: Козлова Людмила Николаевна
2023-05-19 13:44:10.9394|DEBUG|stolov.Order|Новый заказ
2023-05-19 13:44:10.9394|DEBUG|stolov.Order|Табельный: 1042
2023-05-19 13:44:10.9394|DEBUG|stolov.Order|ФИО: Садыкова Венера Рафагатовна
2023-05-19 13:44:26.3305|DEBUG|stolov.Order|Новый заказ
2023-05-19 13:44:26.3305|DEBUG|stolov.Order|Табельный: 1045
2023-05-19 13:44:26.3305|DEBUG|stolov.Order|ФИО: Синицкая Наталья Александровна
2023-05-19 13:44:45.4386|DEBUG|stolov.OrdersToISPRO|date=20230519
2023-05-19 13:44:45.4596|DEBUG|stolov.OrdersToISPRO|zkg=5005004 sum=34
2023-05-19 13:44:45.4596|DEBUG|stolov.OrdersToISPRO||13773|00000000000000005417|0 Горчица столовая|Холодные блюда|порц.|1|2.000000|9813|64131|51
2023-05-19 13:44:45.4906|DEBUG|stolov.OrdersToISPRO||13448|00000000000000005118|0 Кетчуп 30г|Холодные блюда|порц.|1|6.000000|9503|63604|51
2023-05-19 13:44:45.5186|DEBUG|stolov.OrdersToISPRO||13757|00000000000000005402|0 Салат Витаминный с перцем|Холодные блюда|порц.|1|26.000000|9798|74076|51
2023-05-19 13:44:57.3274|DEBUG|stolov.OrdersToISPRO|date=20230519
2023-05-19 13:44:57.3464|DEBUG|stolov.OrdersToISPRO|zkg=5005005 sum=68
2023-05-19 13:44:57.3464|DEBUG|stolov.OrdersToISPRO||13773|00000000000000005417|0 Горчица столовая|Холодные блюда|порц.|2|2.000000|9813|64131|51
2023-05-19 13:44:57.3744|DEBUG|stolov.OrdersToISPRO||13448|00000000000000005118|0 Кетчуп 30г|Холодные блюда|порц.|2|6.000000|9503|63604|51
2023-05-19 13:44:57.4024|DEBUG|stolov.OrdersToISPRO||13757|00000000000000005402|0 Салат Витаминный с перцем|Холодные блюда|порц.|2|26.000000|9798|74076|51
2023-05-19 13:45:06.0400|DEBUG|stolov.OrdersToISPRO|date=20230519
2023-05-19 13:45:06.0640|DEBUG|stolov.OrdersToISPRO|zkg=5005006 sum=102
2023-05-19 13:45:06.0640|DEBUG|stolov.OrdersToISPRO||13773|00000000000000005417|0 Горчица столовая|Холодные блюда|порц.|3|2.000000|9813|64131|51
2023-05-19 13:45:06.0930|DEBUG|stolov.OrdersToISPRO||13448|00000000000000005118|0 Кетчуп 30г|Холодные блюда|порц.|3|6.000000|9503|63604|51
2023-05-19 13:45:06.1210|DEBUG|stolov.OrdersToISPRO||13757|00000000000000005402|0 Салат Витаминный с перцем|Холодные блюда|порц.|3|26.000000|9798|74076|51
2023-05-19 13:45:27.9483|DEBUG|stolov.Ctolov|Данные выгружены
2023-05-19 13:46:25.6321|DEBUG|stolov.Order|Новый заказ
2023-05-19 13:46:25.6861|DEBUG|stolov.Order|Табельный: 1028
2023-05-19 13:46:25.6861|DEBUG|stolov.Order|ФИО: Козлова Людмила Николаевна
2023-05-19 13:46:43.4833|DEBUG|stolov.Order|Новый заказ
2023-05-19 13:46:43.4833|DEBUG|stolov.Order|Табельный: 1042
2023-05-19 13:46:43.4833|DEBUG|stolov.Order|ФИО: Садыкова Венера Рафагатовна
2023-05-19 13:47:00.2673|DEBUG|stolov.Order|Новый заказ
2023-05-19 13:47:00.2673|DEBUG|stolov.Order|Табельный: 1045
2023-05-19 13:47:00.2673|DEBUG|stolov.Order|ФИО: Синицкая Наталья Александровна
2023-05-19 13:47:10.4964|DEBUG|stolov.OrdersToISPRO|date=20230519
2023-05-19 13:47:10.5184|DEBUG|stolov.OrdersToISPRO|zkg=5005007 sum=34
2023-05-19 13:47:10.5184|DEBUG|stolov.OrdersToISPRO||13773|00000000000000005417|0 Горчица столовая|Холодные блюда|порц.|1|2.000000|9813|64131|51
2023-05-19 13:47:10.5484|DEBUG|stolov.OrdersToISPRO||13448|00000000000000005118|0 Кетчуп 30г|Холодные блюда|порц.|1|6.000000|9503|63604|51
2023-05-19 13:47:10.5764|DEBUG|stolov.OrdersToISPRO||13757|00000000000000005402|0 Салат Витаминный с перцем|Холодные блюда|порц.|1|26.000000|9798|74076|51
2023-05-19 13:47:14.0229|DEBUG|stolov.OrdersToISPRO|date=20230519
2023-05-19 13:47:14.0439|DEBUG|stolov.OrdersToISPRO|zkg=5005008 sum=68
2023-05-19 13:47:14.0439|DEBUG|stolov.OrdersToISPRO||13773|00000000000000005417|0 Горчица столовая|Холодные блюда|порц.|2|2.000000|9813|64131|51
2023-05-19 13:47:14.0749|DEBUG|stolov.OrdersToISPRO||13448|00000000000000005118|0 Кетчуп 30г|Холодные блюда|порц.|2|6.000000|9503|63604|51
2023-05-19 13:47:14.1069|DEBUG|stolov.OrdersToISPRO||13757|00000000000000005402|0 Салат Витаминный с перцем|Холодные блюда|порц.|2|26.000000|9798|74076|51
2023-05-19 13:47:17.5752|DEBUG|stolov.OrdersToISPRO|date=20230519
2023-05-19 13:47:17.6012|DEBUG|stolov.OrdersToISPRO|zkg=5005009 sum=102
2023-05-19 13:47:17.6012|DEBUG|stolov.OrdersToISPRO||13773|00000000000000005417|0 Горчица столовая|Холодные блюда|порц.|3|2.000000|9813|64131|51
2023-05-19 13:47:17.6332|DEBUG|stolov.OrdersToISPRO||13448|00000000000000005118|0 Кетчуп 30г|Холодные блюда|порц.|3|6.000000|9503|63604|51
2023-05-19 13:47:17.6632|DEBUG|stolov.OrdersToISPRO||13757|00000000000000005402|0 Салат Витаминный с перцем|Холодные блюда|порц.|3|26.000000|9798|74076|51
2023-05-19 13:47:56.4531|DEBUG|stolov.Ctolov|Данные выгружены
2023-05-19 13:53:20.7776|DEBUG|stolov.Order|Новый заказ
2023-05-19 13:53:20.8336|DEBUG|stolov.Order|Табельный: 1028
2023-05-19 13:53:20.8336|DEBUG|stolov.Order|ФИО: Козлова Людмила Николаевна
2023-05-19 13:53:37.6518|DEBUG|stolov.Order|Новый заказ
2023-05-19 13:53:37.6518|DEBUG|stolov.Order|Табельный: 1042
2023-05-19 13:53:37.6518|DEBUG|stolov.Order|ФИО: Садыкова Венера Рафагатовна
2023-05-19 13:53:51.3870|DEBUG|stolov.Order|Новый заказ
2023-05-19 13:53:51.3870|DEBUG|stolov.Order|Табельный: 1045
2023-05-19 13:53:51.3870|DEBUG|stolov.Order|ФИО: Синицкая Наталья Александровна
2023-05-19 13:53:53.4320|DEBUG|stolov.OrdersToISPRO|date=20230519
2023-05-19 13:53:53.4550|DEBUG|stolov.OrdersToISPRO|zkg=5005010 sum=92.5
2023-05-19 13:53:53.4550|DEBUG|stolov.OrdersToISPRO||13773|00000000000000005417|0 Горчица столовая|Холодные блюда|порц.|1|2.000000|9813|64131|51
2023-05-19 13:53:53.4861|DEBUG|stolov.OrdersToISPRO||13448|00000000000000005118|0 Кетчуп 30г|Холодные блюда|порц.|1|6.000000|9503|63604|51
2023-05-19 13:53:53.5131|DEBUG|stolov.OrdersToISPRO||13757|00000000000000005402|0 Салат Витаминный с перцем|Холодные блюда|порц.|1|26.000000|9798|74076|51
2023-05-19 13:53:53.5401|DEBUG|stolov.OrdersToISPRO||4382|11170000000000001028|0 Салат грузинский|Холодные блюда|порц.|1|40.000000|829|74107|51
2023-05-19 13:53:53.5671|DEBUG|stolov.OrdersToISPRO||4404|11170000000000001050|0 Свекла с изюмом, сметаной|Холодные блюда|порц.|1|18.500000|838|74077|51
2023-05-19 13:53:53.5971|DEBUG|stolov.OrdersToISPRO|date=20230519
2023-05-19 13:53:53.6161|DEBUG|stolov.OrdersToISPRO|zkg=5005011 sum=185
2023-05-19 13:53:53.6161|DEBUG|stolov.OrdersToISPRO||13773|00000000000000005417|0 Горчица столовая|Холодные блюда|порц.|2|2.000000|9813|64131|51
2023-05-19 13:53:53.6431|DEBUG|stolov.OrdersToISPRO||13448|00000000000000005118|0 Кетчуп 30г|Холодные блюда|порц.|2|6.000000|9503|63604|51
2023-05-19 13:53:53.6711|DEBUG|stolov.OrdersToISPRO||13757|00000000000000005402|0 Салат Витаминный с перцем|Холодные блюда|порц.|2|26.000000|9798|74076|51
2023-05-19 13:53:53.7011|DEBUG|stolov.OrdersToISPRO||4382|11170000000000001028|0 Салат грузинский|Холодные блюда|порц.|2|40.000000|829|74107|51
2023-05-19 13:53:53.7291|DEBUG|stolov.OrdersToISPRO||4404|11170000000000001050|0 Свекла с изюмом, сметаной|Холодные блюда|порц.|2|18.500000|838|74077|51
2023-05-19 13:53:53.7591|DEBUG|stolov.OrdersToISPRO|date=20230519
2023-05-19 13:53:53.7811|DEBUG|stolov.OrdersToISPRO|zkg=5005012 sum=277.5
2023-05-19 13:53:53.7811|DEBUG|stolov.OrdersToISPRO||13773|00000000000000005417|0 Горчица столовая|Холодные блюда|порц.|3|2.000000|9813|64131|51
2023-05-19 13:53:53.8121|DEBUG|stolov.OrdersToISPRO||13448|00000000000000005118|0 Кетчуп 30г|Холодные блюда|порц.|3|6.000000|9503|63604|51
2023-05-19 13:53:53.8421|DEBUG|stolov.OrdersToISPRO||13757|00000000000000005402|0 Салат Витаминный с перцем|Холодные блюда|порц.|3|26.000000|9798|74076|51
2023-05-19 13:53:53.8731|DEBUG|stolov.OrdersToISPRO||4382|11170000000000001028|0 Салат грузинский|Холодные блюда|порц.|3|40.000000|829|74107|51
2023-05-19 13:53:53.8991|DEBUG|stolov.OrdersToISPRO||4404|11170000000000001050|0 Свекла с изюмом, сметаной|Холодные блюда|порц.|3|18.500000|838|74077|51
2023-05-19 13:53:55.5892|DEBUG|stolov.Ctolov|Данные выгружены
2023-05-19 13:54:56.9990|DEBUG|stolov.Order|Новый заказ
2023-05-19 13:54:57.0570|DEBUG|stolov.Order|Табельный: 1028
2023-05-19 13:54:57.0570|DEBUG|stolov.Order|ФИО: Козлова Людмила Николаевна
2023-05-19 13:55:43.5534|DEBUG|stolov.Order|Новый заказ
2023-05-19 13:55:43.5534|DEBUG|stolov.Order|Табельный: 1042
2023-05-19 13:55:43.5534|DEBUG|stolov.Order|ФИО: Садыкова Венера Рафагатовна
2023-05-19 13:55:58.5707|DEBUG|stolov.Order|Новый заказ
2023-05-19 13:55:58.5707|DEBUG|stolov.Order|Табельный: 1045
2023-05-19 13:55:58.5707|DEBUG|stolov.Order|ФИО: Синицкая Наталья Александровна
2023-05-19 13:56:11.9970|DEBUG|stolov.OrdersToISPRO|date=20230519
2023-05-19 13:56:12.0280|DEBUG|stolov.OrdersToISPRO|zkg=5005013 sum=34
2023-05-19 13:56:12.0280|DEBUG|stolov.OrdersToISPRO||13773|00000000000000005417|0 Горчица столовая|Холодные блюда|порц.|1|2.000000|9813|64131|51
2023-05-19 13:56:12.0590|DEBUG|stolov.OrdersToISPRO||13448|00000000000000005118|0 Кетчуп 30г|Холодные блюда|порц.|1|6.000000|9503|63604|51
2023-05-19 13:56:12.0870|DEBUG|stolov.OrdersToISPRO||13757|00000000000000005402|0 Салат Витаминный с перцем|Холодные блюда|порц.|1|26.000000|9798|74076|51
2023-05-19 13:56:12.1190|DEBUG|stolov.OrdersToISPRO|date=20230519
2023-05-19 13:56:12.1390|DEBUG|stolov.OrdersToISPRO|zkg=5005014 sum=68
2023-05-19 13:56:12.1390|DEBUG|stolov.OrdersToISPRO||13773|00000000000000005417|0 Горчица столовая|Холодные блюда|порц.|2|2.000000|9813|64131|51
2023-05-19 13:56:12.1700|DEBUG|stolov.OrdersToISPRO||13448|00000000000000005118|0 Кетчуп 30г|Холодные блюда|порц.|2|6.000000|9503|63604|51
2023-05-19 13:56:12.1980|DEBUG|stolov.OrdersToISPRO||13757|00000000000000005402|0 Салат Витаминный с перцем|Холодные блюда|порц.|2|26.000000|9798|74076|51
2023-05-19 13:56:12.2270|DEBUG|stolov.OrdersToISPRO|date=20230519
2023-05-19 13:56:12.2480|DEBUG|stolov.OrdersToISPRO|zkg=5005015 sum=102
2023-05-19 13:56:12.2480|DEBUG|stolov.OrdersToISPRO||13773|00000000000000005417|0 Горчица столовая|Холодные блюда|порц.|3|2.000000|9813|64131|51
2023-05-19 13:56:12.2781|DEBUG|stolov.OrdersToISPRO||13448|00000000000000005118|0 Кетчуп 30г|Холодные блюда|порц.|3|6.000000|9503|63604|51
2023-05-19 13:56:12.3053|DEBUG|stolov.OrdersToISPRO||13757|00000000000000005402|0 Салат Витаминный с перцем|Холодные блюда|порц.|3|26.000000|9798|74076|51
2023-05-19 13:56:13.2682|DEBUG|stolov.Ctolov|Данные выгружены
2023-05-19 14:00:54.6233|DEBUG|stolov.Order|Новый заказ
2023-05-19 14:00:54.6783|DEBUG|stolov.Order|Табельный: 1028
2023-05-19 14:00:54.6783|DEBUG|stolov.Order|ФИО: Козлова Людмила Николаевна
2023-05-19 14:01:16.6950|DEBUG|stolov.Order|Новый заказ
2023-05-19 14:01:16.6950|DEBUG|stolov.Order|Табельный: 1042
2023-05-19 14:01:16.6950|DEBUG|stolov.Order|ФИО: Садыкова Венера Рафагатовна
2023-05-19 14:01:31.3965|DEBUG|stolov.Order|Новый заказ
2023-05-19 14:01:31.3965|DEBUG|stolov.Order|Табельный: 1045
2023-05-19 14:01:31.3965|DEBUG|stolov.Order|ФИО: Синицкая Наталья Александровна
2023-05-19 14:01:37.8159|DEBUG|stolov.OrdersToISPRO|date=20230519
2023-05-19 14:01:37.8429|DEBUG|stolov.OrdersToISPRO|zkg=5005016 sum=46.5
2023-05-19 14:01:37.8429|DEBUG|stolov.OrdersToISPRO||13773|00000000000000005417|0 Горчица столовая|Холодные блюда|порц.|1|2.000000|9813|64131|51
2023-05-19 14:01:37.8740|DEBUG|stolov.OrdersToISPRO||13757|00000000000000005402|0 Салат Витаминный с перцем|Холодные блюда|порц.|1|26.000000|9798|74076|51
2023-05-19 14:01:37.9020|DEBUG|stolov.OrdersToISPRO||4404|11170000000000001050|0 Свекла с изюмом, сметаной|Холодные блюда|порц.|1|18.500000|838|74077|51
2023-05-19 14:01:37.9330|DEBUG|stolov.OrdersToISPRO|date=20230519
2023-05-19 14:01:37.9670|DEBUG|stolov.OrdersToISPRO|zkg=5005017 sum=68
2023-05-19 14:01:37.9670|DEBUG|stolov.OrdersToISPRO||13773|00000000000000005417|0 Горчица столовая|Холодные блюда|порц.|2|2.000000|9813|64131|51
2023-05-19 14:01:37.9960|DEBUG|stolov.OrdersToISPRO||13448|00000000000000005118|0 Кетчуп 30г|Холодные блюда|порц.|2|6.000000|9503|63604|51
2023-05-19 14:01:38.0230|DEBUG|stolov.OrdersToISPRO||13757|00000000000000005402|0 Салат Витаминный с перцем|Холодные блюда|порц.|2|26.000000|9798|74076|51
2023-05-19 14:01:38.0530|DEBUG|stolov.OrdersToISPRO|date=20230519
2023-05-19 14:01:38.0720|DEBUG|stolov.OrdersToISPRO|zkg=5005018 sum=102
2023-05-19 14:01:38.0740|DEBUG|stolov.OrdersToISPRO||13773|00000000000000005417|0 Горчица столовая|Холодные блюда|порц.|3|2.000000|9813|64131|51
2023-05-19 14:01:38.1030|DEBUG|stolov.OrdersToISPRO||13448|00000000000000005118|0 Кетчуп 30г|Холодные блюда|порц.|3|6.000000|9503|63604|51
2023-05-19 14:01:38.1320|DEBUG|stolov.OrdersToISPRO||13757|00000000000000005402|0 Салат Витаминный с перцем|Холодные блюда|порц.|3|26.000000|9798|74076|51
2023-05-19 14:01:39.3265|DEBUG|stolov.Ctolov|Данные выгружены
2023-05-19 14:06:09.0597|DEBUG|stolov.Order|Новый заказ
2023-05-19 14:06:09.1177|DEBUG|stolov.Order|Табельный: 1028
2023-05-19 14:06:09.1227|DEBUG|stolov.Order|ФИО: Козлова Людмила Николаевна
2023-05-19 14:06:25.4644|DEBUG|stolov.Order|Новый заказ
2023-05-19 14:06:25.4644|DEBUG|stolov.Order|Табельный: 1042
2023-05-19 14:06:25.4644|DEBUG|stolov.Order|ФИО: Садыкова Венера Рафагатовна
2023-05-19 14:06:40.4597|DEBUG|stolov.Order|Новый заказ
2023-05-19 14:06:40.4597|DEBUG|stolov.Order|Табельный: 1045
2023-05-19 14:06:40.4597|DEBUG|stolov.Order|ФИО: Синицкая Наталья Александровна
2023-05-19 14:07:06.0012|DEBUG|stolov.OrdersToISPRO|date=20230519
2023-05-19 14:07:06.0222|DEBUG|stolov.OrdersToISPRO|zkg=5005019 sum=92.5
2023-05-19 14:07:06.0222|DEBUG|stolov.OrdersToISPRO||13773|00000000000000005417|0 Горчица столовая|Холодные блюда|порц.|1|2.000000|9813|64131|51
2023-05-19 14:07:06.0523|DEBUG|stolov.OrdersToISPRO||13448|00000000000000005118|0 Кетчуп 30г|Холодные блюда|порц.|1|6.000000|9503|63604|51
2023-05-19 14:07:06.0793|DEBUG|stolov.OrdersToISPRO||13757|00000000000000005402|0 Салат Витаминный с перцем|Холодные блюда|порц.|1|26.000000|9798|74076|51
2023-05-19 14:07:06.1083|DEBUG|stolov.OrdersToISPRO||4382|11170000000000001028|0 Салат грузинский|Холодные блюда|порц.|1|40.000000|829|74107|51
2023-05-19 14:07:06.1353|DEBUG|stolov.OrdersToISPRO||4404|11170000000000001050|0 Свекла с изюмом, сметаной|Холодные блюда|порц.|1|18.500000|838|74077|51
2023-05-19 14:07:06.1663|DEBUG|stolov.OrdersToISPRO|date=20230519
2023-05-19 14:07:06.1853|DEBUG|stolov.OrdersToISPRO|zkg=5005020 sum=185
2023-05-19 14:07:06.1853|DEBUG|stolov.OrdersToISPRO||13773|00000000000000005417|0 Горчица столовая|Холодные блюда|порц.|2|2.000000|9813|64131|51
2023-05-19 14:07:06.2133|DEBUG|stolov.OrdersToISPRO||13448|00000000000000005118|0 Кетчуп 30г|Холодные блюда|порц.|2|6.000000|9503|63604|51
2023-05-19 14:07:06.2443|DEBUG|stolov.OrdersToISPRO||13757|00000000000000005402|0 Салат Витаминный с перцем|Холодные блюда|порц.|2|26.000000|9798|74076|51
2023-05-19 14:07:06.2753|DEBUG|stolov.OrdersToISPRO||4382|11170000000000001028|0 Салат грузинский|Холодные блюда|порц.|2|40.000000|829|74107|51
2023-05-19 14:07:06.3043|DEBUG|stolov.OrdersToISPRO||4404|11170000000000001050|0 Свекла с изюмом, сметаной|Холодные блюда|порц.|2|18.500000|838|74077|51
2023-05-19 14:07:06.3333|DEBUG|stolov.OrdersToISPRO|date=20230519
2023-05-19 14:07:06.3513|DEBUG|stolov.OrdersToISPRO|zkg=5005021 sum=277.5
2023-05-19 14:07:06.3541|DEBUG|stolov.OrdersToISPRO||13773|00000000000000005417|0 Горчица столовая|Холодные блюда|порц.|3|2.000000|9813|64131|51
2023-05-19 14:07:06.3803|DEBUG|stolov.OrdersToISPRO||13448|00000000000000005118|0 Кетчуп 30г|Холодные блюда|порц.|3|6.000000|9503|63604|51
2023-05-19 14:07:06.4064|DEBUG|stolov.OrdersToISPRO||13757|00000000000000005402|0 Салат Витаминный с перцем|Холодные блюда|порц.|3|26.000000|9798|74076|51
2023-05-19 14:07:06.4324|DEBUG|stolov.OrdersToISPRO||4382|11170000000000001028|0 Салат грузинский|Холодные блюда|порц.|3|40.000000|829|74107|51
2023-05-19 14:07:06.4584|DEBUG|stolov.OrdersToISPRO||4404|11170000000000001050|0 Свекла с изюмом, сметаной|Холодные блюда|порц.|3|18.500000|838|74077|51
2023-05-19 14:07:07.6536|DEBUG|stolov.Ctolov|Данные выгружены
2023-05-19 14:11:57.9366|DEBUG|stolov.Order|Новый заказ
2023-05-19 14:11:57.9966|DEBUG|stolov.Order|Табельный: 1028
2023-05-19 14:11:57.9966|DEBUG|stolov.Order|ФИО: Козлова Людмила Николаевна
2023-05-19 14:12:11.6402|DEBUG|stolov.Order|Новый заказ
2023-05-19 14:12:11.6402|DEBUG|stolov.Order|Табельный: 1042
2023-05-19 14:12:11.6402|DEBUG|stolov.Order|ФИО: Садыкова Венера Рафагатовна
2023-05-19 14:12:24.0027|DEBUG|stolov.Order|Новый заказ
2023-05-19 14:12:24.0027|DEBUG|stolov.Order|Табельный: 1045
2023-05-19 14:12:24.0027|DEBUG|stolov.Order|ФИО: Синицкая Наталья Александровна
2023-05-19 14:13:39.5547|DEBUG|stolov.Order|Новый заказ
2023-05-19 14:13:39.6117|DEBUG|stolov.Order|Табельный: 1028
2023-05-19 14:13:39.6117|DEBUG|stolov.Order|ФИО: Козлова Людмила Николаевна
2023-05-19 14:13:54.6343|DEBUG|stolov.Order|Новый заказ
2023-05-19 14:13:54.6353|DEBUG|stolov.Order|Табельный: 1042
2023-05-19 14:13:54.6353|DEBUG|stolov.Order|ФИО: Садыкова Венера Рафагатовна
2023-05-19 14:14:36.2766|DEBUG|stolov.Order|Новый заказ
2023-05-19 14:14:36.2766|DEBUG|stolov.Order|Табельный: 1028
2023-05-19 14:14:36.2766|DEBUG|stolov.Order|ФИО: Козлова Людмила Николаевна
2023-05-19 14:14:56.0218|DEBUG|stolov.Order|Новый заказ
2023-05-19 14:14:56.0218|DEBUG|stolov.Order|Табельный: 1045
2023-05-19 14:14:56.0218|DEBUG|stolov.Order|ФИО: Синицкая Наталья Александровна
2023-05-19 14:15:12.5906|DEBUG|stolov.Ctolov|Данных для выгрузки нет
2023-05-19 14:24:39.8265|DEBUG|stolov.Order|Новый заказ
2023-05-19 14:24:39.8855|DEBUG|stolov.Order|Табельный: 1042
2023-05-19 14:24:39.8855|DEBUG|stolov.Order|ФИО: Садыкова Венера Рафагатовна
2023-05-19 14:27:49.8694|DEBUG|stolov.Order|Новый заказ
2023-05-19 14:27:49.8694|DEBUG|stolov.Order|Табельный: 1042
2023-05-19 14:27:49.8694|DEBUG|stolov.Order|ФИО: Садыкова Венера Рафагатовна
2023-05-19 14:28:28.7823|DEBUG|stolov.Order|Новый заказ
2023-05-19 14:28:28.7823|DEBUG|stolov.Order|Табельный: 1045
2023-05-19 14:28:28.7823|DEBUG|stolov.Order|ФИО: Синицкая Наталья Александровна
2023-05-19 14:53:00.0060|DEBUG|stolov.Order|Новый заказ
2023-05-19 14:53:00.0660|DEBUG|stolov.Order|Табельный: 1028
2023-05-19 14:53:00.0660|DEBUG|stolov.Order|ФИО: Козлова Людмила Николаевна
2023-05-19 14:53:32.8085|DEBUG|stolov.Order|Новый заказ
2023-05-19 14:53:32.8715|DEBUG|stolov.Order|Табельный: 1028
2023-05-19 14:53:32.8715|DEBUG|stolov.Order|ФИО: Козлова Людмила Николаевна
2023-05-19 14:54:08.9789|DEBUG|stolov.Order|Новый заказ
2023-05-19 14:54:08.9789|DEBUG|stolov.Order|Табельный: 1028
2023-05-19 14:54:08.9789|DEBUG|stolov.Order|ФИО: Козлова Людмила Николаевна
2023-05-19 14:55:24.1725|DEBUG|stolov.Order|Новый заказ
2023-05-19 14:55:24.1725|DEBUG|stolov.Order|Табельный: 1118
2023-05-19 14:55:24.1725|DEBUG|stolov.Order|ФИО: Агафонов Владислав Захарович
2023-05-19 15:05:51.3051|DEBUG|stolov.Order|Новый заказ
2023-05-19 15:05:51.3662|DEBUG|stolov.Order|Табельный: 1028
2023-05-19 15:05:51.3662|DEBUG|stolov.Order|ФИО: Козлова Людмила Николаевна
2023-05-19 15:06:19.3194|DEBUG|stolov.Order|Новый заказ
2023-05-19 15:06:19.3194|DEBUG|stolov.Order|Табельный: 1028
2023-05-19 15:06:19.3194|DEBUG|stolov.Order|ФИО: Козлова Людмила Николаевна
2023-05-19 15:55:25.4830|DEBUG|stolov.Order|Новый заказ
2023-05-19 15:55:25.5420|DEBUG|stolov.Order|Табельный: 1028
2023-05-19 15:55:25.5420|DEBUG|stolov.Order|ФИО: Козлова Людмила Николаевна
2023-05-19 16:06:47.3169|DEBUG|stolov.Order|Новый заказ
2023-05-19 16:06:47.3659|DEBUG|stolov.Order|Табельный: 1042
2023-05-19 16:06:47.3659|DEBUG|stolov.Order|ФИО: Садыкова Венера Рафагатовна
2023-05-19 16:17:26.7286|DEBUG|stolov.Order|Новый заказ
2023-05-19 16:17:26.7876|DEBUG|stolov.Order|Табельный: 1028
2023-05-19 16:17:26.7876|DEBUG|stolov.Order|ФИО: Козлова Людмила Николаевна
2023-05-19 16:17:57.4975|DEBUG|stolov.Order|Новый заказ
2023-05-19 16:17:57.5625|DEBUG|stolov.Order|Табельный: 1042
2023-05-19 16:17:57.5625|DEBUG|stolov.Order|ФИО: Садыкова Венера Рафагатовна
2023-05-19 16:18:26.8953|DEBUG|stolov.Order|Новый заказ
2023-05-19 16:18:26.8953|DEBUG|stolov.Order|Табельный: 1045
2023-05-19 16:18:26.8953|DEBUG|stolov.Order|ФИО: Синицкая Наталья Александровна
2023-05-19 16:18:52.8729|DEBUG|stolov.Order|Новый заказ
2023-05-19 16:18:52.8729|DEBUG|stolov.Order|Табельный: 1042
2023-05-19 16:18:52.8729|DEBUG|stolov.Order|ФИО: Садыкова Венера Рафагатовна
2023-05-19 16:23:25.4425|DEBUG|stolov.Order|Новый заказ
2023-05-19 16:23:25.5015|DEBUG|stolov.Order|Табельный: 1028
2023-05-19 16:23:25.5015|DEBUG|stolov.Order|ФИО: Козлова Людмила Николаевна
2023-05-19 16:25:37.3668|DEBUG|stolov.Order|Новый заказ
2023-05-19 16:25:37.4248|DEBUG|stolov.Order|Табельный: 1028
2023-05-19 16:25:37.4248|DEBUG|stolov.Order|ФИО: Козлова Людмила Николаевна
2023-05-19 16:26:33.2357|DEBUG|stolov.OrdersToISPRO|date=20230519
2023-05-19 16:26:33.2607|DEBUG|stolov.OrdersToISPRO|zkg=5005024 sum=344.5
2023-05-19 16:26:33.2607|DEBUG|stolov.OrdersToISPRO||13773|00000000000000005417|0 Горчица столовая|Холодные блюда|порц.|1|2.000000|9813|64131|51
2023-05-19 16:26:33.2947|DEBUG|stolov.OrdersToISPRO||13448|00000000000000005118|0 Кетчуп 30г|Холодные блюда|порц.|2|6.000000|9503|63604|51
2023-05-19 16:26:33.3227|DEBUG|stolov.OrdersToISPRO||13757|00000000000000005402|0 Салат Витаминный с перцем|Холодные блюда|порц.|3|26.000000|9798|74076|51
2023-05-19 16:26:33.3517|DEBUG|stolov.OrdersToISPRO||4382|11170000000000001028|0 Салат грузинский|Холодные блюда|порц.|4|40.000000|829|74107|51
2023-05-19 16:26:33.3827|DEBUG|stolov.OrdersToISPRO||4404|11170000000000001050|0 Свекла с изюмом, сметаной|Холодные блюда|порц.|5|18.500000|838|74077|51
2023-05-19 16:26:34.4724|DEBUG|stolov.Ctolov|Данные выгружены
2023-05-19 16:29:29.5367|DEBUG|stolov.Order|Новый заказ
2023-05-19 16:29:29.5947|DEBUG|stolov.Order|Табельный: 1138
2023-05-19 16:29:29.5947|DEBUG|stolov.Order|ФИО: Седых Сергей Владимирович
2023-05-19 16:29:32.0379|DEBUG|stolov.OrdersToISPRO|date=20230519
2023-05-19 16:29:32.0589|DEBUG|stolov.OrdersToISPRO|zkg=5005025 sum=4425.2
2023-05-19 16:29:32.0589|DEBUG|stolov.OrdersToISPRO||13765|00000000000000005409|2 Биточки мясные|Вторые блюда|порц.|13|42.900000|9805|74106|51
2023-05-19 16:29:32.0889|DEBUG|stolov.OrdersToISPRO||3712|11170000000000000371|2 Горбуша жареная в яйце|Вторые блюда|порц.|13|50.500000|593|74095|51
2023-05-19 16:29:32.1159|DEBUG|stolov.OrdersToISPRO||13981|00000000000000005571|2 Грудка отбивная с сыром,майонезом|Вторые блюда|порц.|13|58.500000|9988|74096|51
2023-05-19 16:29:32.1429|DEBUG|stolov.OrdersToISPRO||3692|11170000000000000351|2 Гуляш из говядины|Вторые блюда|порц.|13|79.800000|595|74080|51
2023-05-19 16:29:32.1699|DEBUG|stolov.OrdersToISPRO||3685|11170000000000000344|2 Сердце куриное тушеное в красном соусе|Вторые блюда|порц.|13|55.500000|80|74083|51
2023-05-19 16:29:32.1979|DEBUG|stolov.OrdersToISPRO||15203|00000000000000006652|3 Капуста цветная жареная|Гарниры|порц.|13|35.700000|11723|74098|51
2023-05-19 16:29:32.2249|DEBUG|stolov.OrdersToISPRO||13472|00000000000000005136|3 Каша гречневая|Гарниры|порц.|13|17.500000|9533|74099|51
2023-05-19 16:29:33.4424|DEBUG|stolov.Ctolov|Данные выгружены
