2023-05-17 09:17:55.8126|DEBUG|stolov.Order|Новый заказ
2023-05-17 09:17:55.8756|DEBUG|stolov.Order|Табельный: 1042
2023-05-17 09:17:55.8756|DEBUG|stolov.Order|ФИО: Садыкова Венера Рафагатовна
2023-05-17 09:17:55.8756|DEBUG|stolov.Order|товар: Кетчуп 30г 1 6.000000
2023-05-17 09:17:55.8756|DEBUG|stolov.Order|товар: Салат Витаминный с перцем 2 26.000000
2023-05-17 09:17:55.8756|DEBUG|stolov.Order|товар: Салат грузинский 3 40.000000
2023-05-17 09:17:57.5001|ERROR|stolov.OrdersToISPRO|SELECT MAX(PrdZkg_RcdNmr)  FROM PRDZKG WHERE PrdZkg_RcdNmr < 9999999 and (PRDZKG_Dt = CONVERT(date, '20230517') ) 
2023-05-17 09:17:57.5001|ERROR|stolov.OrdersToISPRO|Ошибка получения RcdNmr
2023-05-17 09:17:57.5101|ERROR|stolov.OrdersToISPRO|Ошибка: Невозможно выполнить приведение данного объекта из DBNull к другому типу.; Source: mscorlib
2023-05-17 09:17:57.5101|DEBUG|stolov.OrdersToISPRO|date=20230517
2023-05-17 09:17:57.5311|DEBUG|stolov.OrdersToISPRO|zkg=5004960 sum=178
2023-05-17 09:17:57.5311|DEBUG|stolov.OrdersToISPRO||13448|00000000000000005118|Кетчуп 30г|Холодные блюда|порц.|1|6.000000|9503|63604|51
2023-05-17 09:17:57.5601|DEBUG|stolov.OrdersToISPRO||13757|00000000000000005402|Салат Витаминный с перцем|Холодные блюда|порц.|2|26.000000|9798|74076|51
2023-05-17 09:17:57.5869|DEBUG|stolov.OrdersToISPRO||4382|11170000000000001028|Салат грузинский|Холодные блюда|порц.|3|40.000000|829|74107|51
2023-05-17 09:20:07.1725|DEBUG|stolov.Order|Новый заказ
2023-05-17 09:20:07.2245|DEBUG|stolov.Order|Табельный: 1042
2023-05-17 09:20:07.2245|DEBUG|stolov.Order|ФИО: Садыкова Венера Рафагатовна
2023-05-17 09:20:07.2245|DEBUG|stolov.Order|товар: Кетчуп 30г 1 6.000000
2023-05-17 09:20:07.2245|DEBUG|stolov.Order|товар: Салат Витаминный с перцем 2 26.000000
2023-05-17 09:20:07.2245|DEBUG|stolov.Order|товар: Салат грузинский 3 40.000000
2023-05-17 09:20:07.2245|DEBUG|stolov.Order|товар: Свекла с изюмом, сметаной 4 18.500000
2023-05-17 09:20:08.5165|DEBUG|stolov.OrdersToISPRO|date=20230517
2023-05-17 09:20:08.5435|DEBUG|stolov.OrdersToISPRO|zkg=5004961 sum=252
2023-05-17 09:20:08.5435|DEBUG|stolov.OrdersToISPRO||13448|00000000000000005118|Кетчуп 30г|Холодные блюда|порц.|1|6.000000|9503|63604|51
2023-05-17 09:20:08.5755|DEBUG|stolov.OrdersToISPRO||13757|00000000000000005402|Салат Витаминный с перцем|Холодные блюда|порц.|2|26.000000|9798|74076|51
2023-05-17 09:20:08.6386|DEBUG|stolov.OrdersToISPRO||4382|11170000000000001028|Салат грузинский|Холодные блюда|порц.|3|40.000000|829|74107|51
2023-05-17 09:20:08.6706|DEBUG|stolov.OrdersToISPRO||4404|11170000000000001050|Свекла с изюмом, сметаной|Холодные блюда|порц.|4|18.500000|838|74077|51
2023-05-17 09:21:24.4304|DEBUG|stolov.Order|Новый заказ
2023-05-17 09:21:24.4974|DEBUG|stolov.Order|Табельный: 1042
2023-05-17 09:21:24.4974|DEBUG|stolov.Order|ФИО: Садыкова Венера Рафагатовна
2023-05-17 09:21:24.4974|DEBUG|stolov.Order|товар: Салат Витаминный с перцем 1 26.000000
2023-05-17 09:21:24.4974|DEBUG|stolov.Order|товар: Салат грузинский 2 40.000000
2023-05-17 09:21:24.4974|DEBUG|stolov.Order|товар: Свекла с изюмом, сметаной 3 18.500000
2023-05-17 09:21:25.7375|DEBUG|stolov.OrdersToISPRO|date=20230517
2023-05-17 09:21:25.8045|DEBUG|stolov.OrdersToISPRO|zkg=5004962 sum=161.5
2023-05-17 09:21:25.8075|DEBUG|stolov.OrdersToISPRO||13757|00000000000000005402|Салат Витаминный с перцем|Холодные блюда|порц.|1|26.000000|9798|74076|51
2023-05-17 09:21:25.8386|DEBUG|stolov.OrdersToISPRO||4382|11170000000000001028|Салат грузинский|Холодные блюда|порц.|2|40.000000|829|74107|51
2023-05-17 09:21:25.8666|DEBUG|stolov.OrdersToISPRO||4404|11170000000000001050|Свекла с изюмом, сметаной|Холодные блюда|порц.|3|18.500000|838|74077|51
2023-05-17 09:24:15.7074|DEBUG|stolov.Order|Новый заказ
2023-05-17 09:24:15.7784|DEBUG|stolov.Order|Табельный: 1028
2023-05-17 09:24:15.7784|DEBUG|stolov.Order|ФИО: Козлова Людмила Николаевна
2023-05-17 09:24:15.7784|DEBUG|stolov.Order|товар: Горчица столовая 1 2.000000
2023-05-17 09:24:15.7784|DEBUG|stolov.Order|товар: Кетчуп 30г 2 6.000000
2023-05-17 09:24:15.7784|DEBUG|stolov.Order|товар: Салат Витаминный с перцем 3 26.000000
2023-05-17 09:24:15.7784|DEBUG|stolov.Order|товар: Салат грузинский 4 40.000000
2023-05-17 09:24:15.7784|DEBUG|stolov.Order|товар: Свекла с изюмом, сметаной 5 18.500000
2023-05-17 09:24:18.2839|DEBUG|stolov.OrdersToISPRO|date=20230517
2023-05-17 09:24:18.3219|DEBUG|stolov.OrdersToISPRO|zkg=5004963 sum=344.5
2023-05-17 09:24:18.3239|DEBUG|stolov.OrdersToISPRO||13773|00000000000000005417|Горчица столовая|Холодные блюда|порц.|1|2.000000|9813|64131|51
2023-05-17 09:24:18.3615|DEBUG|stolov.OrdersToISPRO||13448|00000000000000005118|Кетчуп 30г|Холодные блюда|порц.|2|6.000000|9503|63604|51
2023-05-17 09:24:18.3875|DEBUG|stolov.OrdersToISPRO||13757|00000000000000005402|Салат Витаминный с перцем|Холодные блюда|порц.|3|26.000000|9798|74076|51
2023-05-17 09:24:18.4135|DEBUG|stolov.OrdersToISPRO||4382|11170000000000001028|Салат грузинский|Холодные блюда|порц.|4|40.000000|829|74107|51
2023-05-17 09:24:18.4425|DEBUG|stolov.OrdersToISPRO||4404|11170000000000001050|Свекла с изюмом, сметаной|Холодные блюда|порц.|5|18.500000|838|74077|51
2023-05-17 09:25:58.0740|DEBUG|stolov.Order|Новый заказ
2023-05-17 09:25:58.1320|DEBUG|stolov.Order|Табельный: 1042
2023-05-17 09:25:58.1320|DEBUG|stolov.Order|ФИО: Садыкова Венера Рафагатовна
2023-05-17 09:25:58.1320|DEBUG|stolov.Order|товар: Сельдь "под шубой" 1 33.000000
2023-05-17 09:25:59.4531|DEBUG|stolov.OrdersToISPRO|date=20230517
2023-05-17 09:25:59.4757|DEBUG|stolov.OrdersToISPRO|zkg=5004964 sum=33
2023-05-17 09:25:59.4797|DEBUG|stolov.OrdersToISPRO||4392|11170000000000001038|Сельдь "под шубой"|Холодные блюда|порц.|1|33.000000|822|74093|51
2023-05-17 09:27:04.5621|DEBUG|stolov.Order|Новый заказ
2023-05-17 09:27:04.6191|DEBUG|stolov.Order|Табельный: 1042
2023-05-17 09:27:04.6201|DEBUG|stolov.Order|ФИО: Садыкова Венера Рафагатовна
2023-05-17 09:27:04.6201|DEBUG|stolov.Order|товар: Салат Витаминный с перцем 1 26.000000
2023-05-17 09:27:06.0665|DEBUG|stolov.OrdersToISPRO|date=20230517
2023-05-17 09:27:06.0896|DEBUG|stolov.OrdersToISPRO|zkg=5004965 sum=26
2023-05-17 09:27:06.0896|DEBUG|stolov.OrdersToISPRO||13757|00000000000000005402|Салат Витаминный с перцем|Холодные блюда|порц.|1|26.000000|9798|74076|51
2023-05-17 09:27:33.6581|DEBUG|stolov.Order|Новый заказ
2023-05-17 09:27:33.7151|DEBUG|stolov.Order|Табельный: 1048
2023-05-17 09:27:33.7151|DEBUG|stolov.Order|ФИО: Трипольская Ирина Викторовна
2023-05-17 09:27:33.7151|DEBUG|stolov.Order|товар: Кетчуп 30г 1 6.000000
2023-05-17 09:27:35.2207|DEBUG|stolov.OrdersToISPRO|date=20230517
2023-05-17 09:27:35.2438|DEBUG|stolov.OrdersToISPRO|zkg=5004966 sum=6
2023-05-17 09:27:35.2468|DEBUG|stolov.OrdersToISPRO||13448|00000000000000005118|Кетчуп 30г|Холодные блюда|порц.|1|6.000000|9503|63604|51
2023-05-17 09:29:23.0362|DEBUG|stolov.Order|Новый заказ
2023-05-17 09:29:23.0952|DEBUG|stolov.Order|Табельный: 1028
2023-05-17 09:29:23.0952|DEBUG|stolov.Order|ФИО: Козлова Людмила Николаевна
2023-05-17 09:29:23.0952|DEBUG|stolov.Order|товар: Салат грузинский 1 40.000000
2023-05-17 09:29:24.8569|DEBUG|stolov.OrdersToISPRO|date=20230517
2023-05-17 09:29:24.8791|DEBUG|stolov.OrdersToISPRO|zkg=5004967 sum=40
2023-05-17 09:29:24.8791|DEBUG|stolov.OrdersToISPRO||4382|11170000000000001028|Салат грузинский|Холодные блюда|порц.|1|40.000000|829|74107|51
2023-05-17 09:51:01.8248|DEBUG|stolov.Order|Новый заказ
2023-05-17 09:51:01.8818|DEBUG|stolov.Order|Табельный: 1042
2023-05-17 09:51:01.8858|DEBUG|stolov.Order|ФИО: Садыкова Венера Рафагатовна
2023-05-17 09:51:01.8858|DEBUG|stolov.Order|товар: Горчица столовая 1 2.000000
2023-05-17 09:51:01.8858|DEBUG|stolov.Order|товар: Кетчуп 30г 2 6.000000
2023-05-17 09:51:01.8858|DEBUG|stolov.Order|товар: Салат Витаминный с перцем 3 26.000000
2023-05-17 09:51:04.8734|DEBUG|stolov.OrdersToISPRO|date=20230517
2023-05-17 09:51:04.8965|DEBUG|stolov.OrdersToISPRO|zkg=5004968 sum=92
2023-05-17 09:51:04.8965|DEBUG|stolov.OrdersToISPRO||13773|00000000000000005417|Горчица столовая|Холодные блюда|порц.|1|2.000000|9813|64131|51
2023-05-17 09:51:04.9848|DEBUG|stolov.OrdersToISPRO||13448|00000000000000005118|Кетчуп 30г|Холодные блюда|порц.|2|6.000000|9503|63604|51
2023-05-17 09:51:05.0128|DEBUG|stolov.OrdersToISPRO||13757|00000000000000005402|Салат Витаминный с перцем|Холодные блюда|порц.|3|26.000000|9798|74076|51
2023-05-17 09:54:20.9505|DEBUG|stolov.Order|Новый заказ
2023-05-17 09:54:21.0335|DEBUG|stolov.Order|Табельный: 1042
2023-05-17 09:54:21.0335|DEBUG|stolov.Order|ФИО: Садыкова Венера Рафагатовна
2023-05-17 09:54:21.0335|DEBUG|stolov.Order|товар: Кетчуп 30г 4 6.000000
2023-05-17 09:54:21.0335|DEBUG|stolov.Order|товар: Салат Витаминный с перцем 5 26.000000
2023-05-17 09:54:21.0335|DEBUG|stolov.Order|товар: Салат грузинский 6 40.000000
2023-05-17 09:54:23.6897|DEBUG|stolov.OrdersToISPRO|date=20230517
2023-05-17 09:54:23.7137|DEBUG|stolov.OrdersToISPRO|zkg=5004969 sum=394
2023-05-17 09:54:23.7137|DEBUG|stolov.OrdersToISPRO||13448|00000000000000005118|Кетчуп 30г|Холодные блюда|порц.|4|6.000000|9503|63604|51
2023-05-17 09:54:23.7462|DEBUG|stolov.OrdersToISPRO||13757|00000000000000005402|Салат Витаминный с перцем|Холодные блюда|порц.|5|26.000000|9798|74076|51
2023-05-17 09:54:23.7749|DEBUG|stolov.OrdersToISPRO||4382|11170000000000001028|Салат грузинский|Холодные блюда|порц.|6|40.000000|829|74107|51
2023-05-17 10:01:55.4880|DEBUG|stolov.Order|Новый заказ
2023-05-17 10:01:55.5470|DEBUG|stolov.Order|Табельный: 1028
2023-05-17 10:01:55.5470|DEBUG|stolov.Order|ФИО: Козлова Людмила Николаевна
2023-05-17 10:01:55.5470|DEBUG|stolov.Order|товар: Горчица столовая 1 2.000000
2023-05-17 10:01:55.5470|DEBUG|stolov.Order|товар: Кетчуп 30г 2 6.000000
2023-05-17 10:01:55.5470|DEBUG|stolov.Order|товар: Салат Витаминный с перцем 3 26.000000
2023-05-17 10:01:55.5470|DEBUG|stolov.Order|товар: Салат грузинский 4 40.000000
2023-05-17 10:01:55.5470|DEBUG|stolov.Order|товар: Свекла с изюмом, сметаной 5 18.500000
2023-05-17 10:01:55.5470|DEBUG|stolov.Order|товар: Сельдь "под шубой" 6 33.000000
2023-05-17 10:01:57.8250|DEBUG|stolov.OrdersToISPRO|date=20230517
2023-05-17 10:01:57.8501|DEBUG|stolov.OrdersToISPRO|zkg=5004970 sum=542.5
2023-05-17 10:01:57.8501|DEBUG|stolov.OrdersToISPRO||13773|00000000000000005417|Горчица столовая|Холодные блюда|порц.|1|2.000000|9813|64131|51
2023-05-17 10:01:57.8842|DEBUG|stolov.OrdersToISPRO||13448|00000000000000005118|Кетчуп 30г|Холодные блюда|порц.|2|6.000000|9503|63604|51
2023-05-17 10:01:57.9132|DEBUG|stolov.OrdersToISPRO||13757|00000000000000005402|Салат Витаминный с перцем|Холодные блюда|порц.|3|26.000000|9798|74076|51
2023-05-17 10:01:57.9402|DEBUG|stolov.OrdersToISPRO||4382|11170000000000001028|Салат грузинский|Холодные блюда|порц.|4|40.000000|829|74107|51
2023-05-17 10:01:57.9672|DEBUG|stolov.OrdersToISPRO||4404|11170000000000001050|Свекла с изюмом, сметаной|Холодные блюда|порц.|5|18.500000|838|74077|51
2023-05-17 10:01:57.9942|DEBUG|stolov.OrdersToISPRO||4392|11170000000000001038|Сельдь "под шубой"|Холодные блюда|порц.|6|33.000000|822|74093|51
2023-05-17 10:04:08.5293|DEBUG|stolov.Order|Новый заказ
2023-05-17 10:04:08.5864|DEBUG|stolov.Order|Табельный: 1042
2023-05-17 10:04:08.5864|DEBUG|stolov.Order|ФИО: Садыкова Венера Рафагатовна
2023-05-17 10:04:08.5864|DEBUG|stolov.Order|товар: Горчица столовая 1 2.000000
2023-05-17 10:04:08.5864|DEBUG|stolov.Order|товар: Кетчуп 30г 2 6.000000
2023-05-17 10:04:08.5864|DEBUG|stolov.Order|товар: Салат Витаминный с перцем 3 26.000000
2023-05-17 10:04:11.9188|DEBUG|stolov.OrdersToISPRO|date=20230517
2023-05-17 10:04:11.9539|DEBUG|stolov.OrdersToISPRO|zkg=5004971 sum=92
2023-05-17 10:04:11.9539|DEBUG|stolov.OrdersToISPRO||13773|00000000000000005417|Горчица столовая|Холодные блюда|порц.|1|2.000000|9813|64131|51
2023-05-17 10:04:11.9849|DEBUG|stolov.OrdersToISPRO||13448|00000000000000005118|Кетчуп 30г|Холодные блюда|порц.|2|6.000000|9503|63604|51
2023-05-17 10:04:12.0120|DEBUG|stolov.OrdersToISPRO||13757|00000000000000005402|Салат Витаминный с перцем|Холодные блюда|порц.|3|26.000000|9798|74076|51
2023-05-17 10:06:21.9061|DEBUG|stolov.Order|Новый заказ
2023-05-17 10:06:21.9691|DEBUG|stolov.Order|Табельный: 1042
2023-05-17 10:06:21.9691|DEBUG|stolov.Order|ФИО: Садыкова Венера Рафагатовна
2023-05-17 10:06:21.9691|DEBUG|stolov.Order|товар: Кетчуп 30г 1 6.000000
2023-05-17 10:06:21.9691|DEBUG|stolov.Order|товар: Салат Витаминный с перцем 2 26.000000
2023-05-17 10:06:21.9691|DEBUG|stolov.Order|товар: Салат грузинский 3 40.000000
2023-05-17 10:06:23.7875|DEBUG|stolov.OrdersToISPRO|date=20230517
2023-05-17 10:06:23.8084|DEBUG|stolov.OrdersToISPRO|zkg=5004972 sum=178
2023-05-17 10:06:23.8084|DEBUG|stolov.OrdersToISPRO||13448|00000000000000005118|Кетчуп 30г|Холодные блюда|порц.|1|6.000000|9503|63604|51
2023-05-17 10:06:23.8405|DEBUG|stolov.OrdersToISPRO||13757|00000000000000005402|Салат Витаминный с перцем|Холодные блюда|порц.|2|26.000000|9798|74076|51
2023-05-17 10:06:23.8685|DEBUG|stolov.OrdersToISPRO||4382|11170000000000001028|Салат грузинский|Холодные блюда|порц.|3|40.000000|829|74107|51
2023-05-17 10:25:10.2132|DEBUG|stolov.Order|Новый заказ
2023-05-17 10:25:10.2702|DEBUG|stolov.Order|Табельный: 1042
2023-05-17 10:25:10.2702|DEBUG|stolov.Order|ФИО: Садыкова Венера Рафагатовна
2023-05-17 10:25:10.2702|DEBUG|stolov.Order|товар: Горчица столовая 1 2.000000
2023-05-17 10:25:10.2702|DEBUG|stolov.Order|товар: Кетчуп 30г 2 6.000000
2023-05-17 10:25:10.2702|DEBUG|stolov.Order|товар: Салат Витаминный с перцем 3 26.000000
2023-05-17 10:25:10.2702|DEBUG|stolov.Order|товар: Салат грузинский 4 40.000000
2023-05-17 10:25:10.2702|DEBUG|stolov.Order|товар: Свекла с изюмом, сметаной 5 18.500000
2023-05-17 10:25:10.2702|DEBUG|stolov.Order|товар: Сельдь "под шубой" 6 33.000000
2023-05-17 10:25:10.2702|DEBUG|stolov.Order|товар: Окрошка мясная 7 32.500000
2023-05-17 10:25:13.2018|DEBUG|stolov.OrdersToISPRO|date=20230517
2023-05-17 10:25:13.2278|DEBUG|stolov.OrdersToISPRO|zkg=5004973 sum=770
2023-05-17 10:25:13.2338|DEBUG|stolov.OrdersToISPRO||13773|00000000000000005417|Горчица столовая|Холодные блюда|порц.|1|2.000000|9813|64131|51
2023-05-17 10:25:13.2658|DEBUG|stolov.OrdersToISPRO||13448|00000000000000005118|Кетчуп 30г|Холодные блюда|порц.|2|6.000000|9503|63604|51
2023-05-17 10:25:13.2968|DEBUG|stolov.OrdersToISPRO||13757|00000000000000005402|Салат Витаминный с перцем|Холодные блюда|порц.|3|26.000000|9798|74076|51
2023-05-17 10:25:13.3278|DEBUG|stolov.OrdersToISPRO||4382|11170000000000001028|Салат грузинский|Холодные блюда|порц.|4|40.000000|829|74107|51
2023-05-17 10:25:13.3568|DEBUG|stolov.OrdersToISPRO||4404|11170000000000001050|Свекла с изюмом, сметаной|Холодные блюда|порц.|5|18.500000|838|74077|51
2023-05-17 10:25:13.3858|DEBUG|stolov.OrdersToISPRO||4392|11170000000000001038|Сельдь "под шубой"|Холодные блюда|порц.|6|33.000000|822|74093|51
2023-05-17 10:25:13.4128|DEBUG|stolov.OrdersToISPRO||3654|11170000000000000313|Окрошка мясная|Первые блюда|порц.|7|32.500000|620|72806|51
2023-05-17 10:33:12.9420|DEBUG|stolov.Order|Новый заказ
2023-05-17 10:33:12.9980|DEBUG|stolov.Order|Табельный: 3814
2023-05-17 10:33:12.9980|DEBUG|stolov.Order|ФИО: Васильев Сергей Николаевич
2023-05-17 10:33:12.9980|DEBUG|stolov.Order|товар: Горчица столовая 1 2.000000
2023-05-17 10:33:12.9980|DEBUG|stolov.Order|товар: Кетчуп 30г 2 6.000000
2023-05-17 10:33:12.9980|DEBUG|stolov.Order|товар: Салат Витаминный с перцем 3 26.000000
2023-05-17 10:33:12.9980|DEBUG|stolov.Order|товар: Салат грузинский 4 40.000000
2023-05-17 10:33:12.9980|DEBUG|stolov.Order|товар: Свекла с изюмом, сметаной 5 18.500000
2023-05-17 10:33:14.9361|DEBUG|stolov.OrdersToISPRO|date=20230517
2023-05-17 10:33:14.9901|DEBUG|stolov.OrdersToISPRO|zkg=5004974 sum=344.5
2023-05-17 10:33:14.9901|DEBUG|stolov.OrdersToISPRO||13773|00000000000000005417|Горчица столовая|Холодные блюда|порц.|1|2.000000|9813|64131|51
2023-05-17 10:33:15.0261|DEBUG|stolov.OrdersToISPRO||13448|00000000000000005118|Кетчуп 30г|Холодные блюда|порц.|2|6.000000|9503|63604|51
2023-05-17 10:33:15.0582|DEBUG|stolov.OrdersToISPRO||13757|00000000000000005402|Салат Витаминный с перцем|Холодные блюда|порц.|3|26.000000|9798|74076|51
2023-05-17 10:33:15.0862|DEBUG|stolov.OrdersToISPRO||4382|11170000000000001028|Салат грузинский|Холодные блюда|порц.|4|40.000000|829|74107|51
2023-05-17 10:33:15.1122|DEBUG|stolov.OrdersToISPRO||4404|11170000000000001050|Свекла с изюмом, сметаной|Холодные блюда|порц.|5|18.500000|838|74077|51
2023-05-17 10:34:34.5073|DEBUG|stolov.Order|Новый заказ
2023-05-17 10:34:34.5653|DEBUG|stolov.Order|Табельный: 1042
2023-05-17 10:34:34.5653|DEBUG|stolov.Order|ФИО: Садыкова Венера Рафагатовна
2023-05-17 10:34:34.5653|DEBUG|stolov.Order|товар: Салат грузинский 1 40.000000
2023-05-17 10:34:34.5653|DEBUG|stolov.Order|товар: Свекла с изюмом, сметаной 2 18.500000
2023-05-17 10:34:34.5653|DEBUG|stolov.Order|товар: Окрошка мясная 3 32.500000
2023-05-17 10:34:34.5653|DEBUG|stolov.Order|товар: Солянка домашняя со сметаной 4 49.500000
2023-05-17 10:34:34.5653|DEBUG|stolov.Order|товар: Салат Витаминный с перцем 5 26.000000
2023-05-17 10:34:36.3716|DEBUG|stolov.OrdersToISPRO|date=20230517
2023-05-17 10:34:36.3966|DEBUG|stolov.OrdersToISPRO|zkg=5004975 sum=502.5
2023-05-17 10:34:36.4006|DEBUG|stolov.OrdersToISPRO||4382|11170000000000001028|Салат грузинский|Холодные блюда|порц.|1|40.000000|829|74107|51
2023-05-17 10:34:36.4296|DEBUG|stolov.OrdersToISPRO||4404|11170000000000001050|Свекла с изюмом, сметаной|Холодные блюда|порц.|2|18.500000|838|74077|51
2023-05-17 10:34:36.4577|DEBUG|stolov.OrdersToISPRO||3654|11170000000000000313|Окрошка мясная|Первые блюда|порц.|3|32.500000|620|72806|51
2023-05-17 10:34:36.4867|DEBUG|stolov.OrdersToISPRO||13560|00000000000000005214|Солянка домашняя со сметаной|Первые блюда|порц.|4|49.500000|9611|74094|51
2023-05-17 10:34:36.5137|DEBUG|stolov.OrdersToISPRO||13757|00000000000000005402|Салат Витаминный с перцем|Холодные блюда|порц.|5|26.000000|9798|74076|51
2023-05-17 10:38:33.2208|DEBUG|stolov.Order|Новый заказ
2023-05-17 10:38:33.2858|DEBUG|stolov.Order|Табельный: 1048
2023-05-17 10:38:33.2858|DEBUG|stolov.Order|ФИО: Трипольская Ирина Викторовна
2023-05-17 10:38:33.2858|DEBUG|stolov.Order|товар: Кетчуп 30г 1 6.000000
2023-05-17 10:38:33.2858|DEBUG|stolov.Order|товар: Салат Витаминный с перцем 2 26.000000
2023-05-17 10:38:33.2858|DEBUG|stolov.Order|товар: Салат грузинский 3 40.000000
2023-05-17 10:38:33.2858|DEBUG|stolov.Order|товар: Свекла с изюмом, сметаной 4 18.500000
2023-05-17 10:38:33.2858|DEBUG|stolov.Order|товар: Сельдь "под шубой" 4 33.000000
2023-05-17 10:38:34.7705|DEBUG|stolov.OrdersToISPRO|date=20230517
2023-05-17 10:38:34.7936|DEBUG|stolov.OrdersToISPRO|zkg=5004976 sum=384
2023-05-17 10:38:34.7936|DEBUG|stolov.OrdersToISPRO||13448|00000000000000005118|Кетчуп 30г|Холодные блюда|порц.|1|6.000000|9503|63604|51
2023-05-17 10:38:34.8267|DEBUG|stolov.OrdersToISPRO||13757|00000000000000005402|Салат Витаминный с перцем|Холодные блюда|порц.|2|26.000000|9798|74076|51
2023-05-17 10:38:34.8548|DEBUG|stolov.OrdersToISPRO||4382|11170000000000001028|Салат грузинский|Холодные блюда|порц.|3|40.000000|829|74107|51
2023-05-17 10:38:34.8838|DEBUG|stolov.OrdersToISPRO||4404|11170000000000001050|Свекла с изюмом, сметаной|Холодные блюда|порц.|4|18.500000|838|74077|51
2023-05-17 10:38:34.9148|DEBUG|stolov.OrdersToISPRO||4392|11170000000000001038|Сельдь "под шубой"|Холодные блюда|порц.|4|33.000000|822|74093|51
2023-05-17 11:30:35.1126|DEBUG|stolov.Order|Новый заказ
2023-05-17 11:30:35.1716|DEBUG|stolov.Order|Табельный: 1042
2023-05-17 11:30:35.1716|DEBUG|stolov.Order|ФИО: Садыкова Венера Рафагатовна
2023-05-17 11:30:35.1716|DEBUG|stolov.Order|товар: Сельдь "под шубой" 5 33.000000
2023-05-17 11:30:35.1716|DEBUG|stolov.Order|товар: Окрошка мясная 6 32.500000
2023-05-17 11:30:35.1716|DEBUG|stolov.Order|товар: Солянка домашняя со сметаной 7 49.500000
2023-05-17 11:30:38.2643|DEBUG|stolov.OrdersToISPRO|date=20230517
2023-05-17 11:30:38.3001|DEBUG|stolov.OrdersToISPRO|zkg=5004977 sum=706.5
2023-05-17 11:30:38.3001|DEBUG|stolov.OrdersToISPRO||4392|11170000000000001038|Сельдь "под шубой"|Холодные блюда|порц.|5|33.000000|822|74093|51
2023-05-17 11:30:38.3354|DEBUG|stolov.OrdersToISPRO||3654|11170000000000000313|Окрошка мясная|Первые блюда|порц.|6|32.500000|620|72806|51
2023-05-17 11:30:38.3635|DEBUG|stolov.OrdersToISPRO||13560|00000000000000005214|Солянка домашняя со сметаной|Первые блюда|порц.|7|49.500000|9611|74094|51
2023-05-17 11:31:58.3536|DEBUG|stolov.Order|Новый заказ
2023-05-17 11:31:58.3546|DEBUG|stolov.Order|Табельный: 1101
2023-05-17 11:31:58.3546|DEBUG|stolov.Order|ФИО: Сафина Диля Асхатовна
2023-05-17 11:31:58.3546|DEBUG|stolov.Order|товар: Солянка домашняя со сметаной 2 49.500000
2023-05-17 11:31:58.3546|DEBUG|stolov.Order|товар: Горбуша жареная в яйце 2 50.500000
2023-05-17 11:31:58.3546|DEBUG|stolov.Order|товар: Сердце куриное тушеное в красном соусе 2 55.500000
2023-05-17 11:31:58.3546|DEBUG|stolov.Order|товар: Каша молочная Дружба 2 27.500000
2023-05-17 11:31:58.3546|DEBUG|stolov.Order|товар: Сметана (20г) 2 4.000000
2023-05-17 11:32:01.6684|DEBUG|stolov.OrdersToISPRO|date=20230517
2023-05-17 11:32:01.7155|DEBUG|stolov.OrdersToISPRO|zkg=5004978 sum=706.5
2023-05-17 11:32:01.7155|DEBUG|stolov.OrdersToISPRO||4392|11170000000000001038|Сельдь "под шубой"|Холодные блюда|порц.|5|33.000000|822|74093|51
2023-05-17 11:32:01.7475|DEBUG|stolov.OrdersToISPRO||3654|11170000000000000313|Окрошка мясная|Первые блюда|порц.|6|32.500000|620|72806|51
2023-05-17 11:32:01.7755|DEBUG|stolov.OrdersToISPRO||13560|00000000000000005214|Солянка домашняя со сметаной|Первые блюда|порц.|7|49.500000|9611|74094|51
2023-05-17 11:32:01.8035|DEBUG|stolov.OrdersToISPRO|date=20230517
2023-05-17 11:32:01.8225|DEBUG|stolov.OrdersToISPRO|zkg=5004979 sum=374
2023-05-17 11:32:01.8225|DEBUG|stolov.OrdersToISPRO||13560|00000000000000005214|Солянка домашняя со сметаной|Первые блюда|порц.|2|49.500000|9611|74094|51
2023-05-17 11:32:01.8505|DEBUG|stolov.OrdersToISPRO||3712|11170000000000000371|Горбуша жареная в яйце|Вторые блюда|порц.|2|50.500000|593|74095|51
2023-05-17 11:32:01.8795|DEBUG|stolov.OrdersToISPRO||3685|11170000000000000344|Сердце куриное тушеное в красном соусе|Вторые блюда|порц.|2|55.500000|80|74083|51
2023-05-17 11:32:01.9105|DEBUG|stolov.OrdersToISPRO||4360|11170000000000001008|Каша молочная Дружба|Гарниры|порц.|2|27.500000|895|74100|51
2023-05-17 11:32:01.9385|DEBUG|stolov.OrdersToISPRO||13738|00000000000000005384|Сметана (20г)|Молочные блюда|порц.|2|4.000000|9779|41621|51
