2023-05-18 09:44:03.4331|ERROR|stolov.Print|Ошибка чтения файла заголовка чека
2023-05-18 09:44:03.4979|ERROR|stolov.Print|Ошибка: Пустое имя пути не допускается.; Source: mscorlib
2023-05-18 09:44:04.0029|DEBUG|stolov.Order|Новый заказ
2023-05-18 09:44:04.0029|DEBUG|stolov.Order|Табельный: 1042
2023-05-18 09:44:04.0029|DEBUG|stolov.Order|ФИО: Садыкова Венера Рафагатовна
2023-05-18 09:44:04.0029|DEBUG|stolov.Order|товар: 0 Горчица столовая 1 2.000000
2023-05-18 09:44:04.0029|DEBUG|stolov.Order|товар: 0 Кетчуп 30г 2 6.000000
2023-05-18 09:46:20.6483|ERROR|stolov.Print|Ошибка чтения файла заголовка чека
2023-05-18 09:46:20.7123|ERROR|stolov.Print|Ошибка: Пустое имя пути не допускается.; Source: mscorlib
2023-05-18 09:46:21.1916|DEBUG|stolov.Order|Новый заказ
2023-05-18 09:46:21.1916|DEBUG|stolov.Order|Табельный: 3814
2023-05-18 09:46:21.1916|DEBUG|stolov.Order|ФИО: Васильев Сергей Николаевич
2023-05-18 09:46:21.1916|DEBUG|stolov.Order|товар: 0 Горчица столовая 1 2.000000
2023-05-18 09:46:21.1916|DEBUG|stolov.Order|товар: 0 Кетчуп 30г 2 6.000000
2023-05-18 09:46:21.1916|DEBUG|stolov.Order|товар: 0 Салат Витаминный с перцем 3 26.000000
2023-05-18 09:46:21.1916|DEBUG|stolov.Order|товар: 0 Салат грузинский 4 40.000000
2023-05-18 09:46:21.1916|DEBUG|stolov.Order|товар: 0 Свекла с изюмом, сметаной 5 18.500000
2023-05-18 09:46:21.1916|DEBUG|stolov.Order|товар: 0 Сельдь "под шубой" 6 33.000000
2023-05-18 09:46:21.1916|DEBUG|stolov.Order|товар: 1 Окрошка мясная 7 32.500000
2023-05-18 09:46:21.1916|DEBUG|stolov.Order|товар: 1 Солянка домашняя со сметаной 8 49.500000
2023-05-18 09:56:02.5381|ERROR|stolov.Print|Ошибка чтения файла заголовка чека
2023-05-18 09:56:02.6031|ERROR|stolov.Print|Ошибка: Пустое имя пути не допускается.; Source: mscorlib
2023-05-18 09:56:03.0795|DEBUG|stolov.Order|Новый заказ
2023-05-18 09:56:03.0795|DEBUG|stolov.Order|Табельный: 1028
2023-05-18 09:56:03.0795|DEBUG|stolov.Order|ФИО: Козлова Людмила Николаевна
2023-05-18 09:56:03.0795|DEBUG|stolov.Order|товар: 0 Горчица столовая 1 2.000000
2023-05-18 09:56:03.0795|DEBUG|stolov.Order|товар: 0 Кетчуп 30г 2 6.000000
2023-05-18 09:56:03.0795|DEBUG|stolov.Order|товар: 0 Салат Витаминный с перцем 3 26.000000
2023-05-18 10:03:05.5058|ERROR|stolov.Print|Ошибка чтения файла заголовка чека
2023-05-18 10:03:05.5669|ERROR|stolov.Print|Ошибка: Пустое имя пути не допускается.; Source: mscorlib
2023-05-18 10:03:05.9628|DEBUG|stolov.Order|Новый заказ
2023-05-18 10:03:05.9628|DEBUG|stolov.Order|Табельный: 1045
2023-05-18 10:03:05.9628|DEBUG|stolov.Order|ФИО: Синицкая Наталья Александровна
2023-05-18 10:03:05.9628|DEBUG|stolov.Order|товар: 0 Горчица столовая 1 2.000000
2023-05-18 10:03:05.9628|DEBUG|stolov.Order|товар: 0 Кетчуп 30г 2 6.000000
2023-05-18 10:03:05.9628|DEBUG|stolov.Order|товар: 0 Салат Витаминный с перцем 3 26.000000
2023-05-18 10:03:05.9628|DEBUG|stolov.Order|товар: 0 Салат грузинский 4 40.000000
2023-05-18 10:03:05.9628|DEBUG|stolov.Order|товар: 0 Свекла с изюмом, сметаной 5 18.500000
2023-05-18 10:03:05.9628|DEBUG|stolov.Order|товар: 0 Сельдь "под шубой" 6 33.000000
2023-05-18 10:03:05.9628|DEBUG|stolov.Order|товар: 1 Окрошка мясная 7 32.500000
2023-05-18 10:46:15.3018|ERROR|stolov.Print|Ошибка чтения файла заголовка чека
2023-05-18 10:46:15.3638|ERROR|stolov.Print|Ошибка: Пустое имя пути не допускается.; Source: mscorlib
2023-05-18 10:46:15.8543|DEBUG|stolov.Order|Новый заказ
2023-05-18 10:46:15.8543|DEBUG|stolov.Order|Табельный: 3080
2023-05-18 10:46:15.8543|DEBUG|stolov.Order|ФИО: Васильева Марина Ерболсыновна
2023-05-18 10:46:15.8543|DEBUG|stolov.Order|товар: 0 Кетчуп 30г 1 6.000000
2023-05-18 10:46:15.8543|DEBUG|stolov.Order|товар: 0 Салат грузинский 2 40.000000
2023-05-18 10:46:15.8543|DEBUG|stolov.Order|товар: 0 Свекла с изюмом, сметаной 3 18.500000
2023-05-18 10:46:15.8543|DEBUG|stolov.Order|товар: 1 Окрошка мясная 4 32.500000
2023-05-18 10:46:15.8543|DEBUG|stolov.Order|товар: 1 Суп картофельный с шампиньонами 5 29.500000
2023-05-18 10:46:15.8543|DEBUG|stolov.Order|товар: 2 Горбуша жареная в яйце 6 50.500000
2023-05-18 10:47:19.7449|ERROR|stolov.Print|Ошибка чтения файла заголовка чека
2023-05-18 10:47:19.8049|ERROR|stolov.Print|Ошибка: Пустое имя пути не допускается.; Source: mscorlib
2023-05-18 10:47:20.2801|DEBUG|stolov.Order|Новый заказ
2023-05-18 10:47:20.2801|DEBUG|stolov.Order|Табельный: 1042
2023-05-18 10:47:20.2801|DEBUG|stolov.Order|ФИО: Садыкова Венера Рафагатовна
2023-05-18 10:47:20.2801|DEBUG|stolov.Order|товар: 0 Кетчуп 30г 1 6.000000
2023-05-18 10:47:20.2801|DEBUG|stolov.Order|товар: 0 Салат Витаминный с перцем 2 26.000000
2023-05-18 10:47:20.2801|DEBUG|stolov.Order|товар: 0 Салат грузинский 3 40.000000
2023-05-18 10:47:20.2801|DEBUG|stolov.Order|товар: 0 Свекла с изюмом, сметаной 4 18.500000
2023-05-18 10:47:20.2801|DEBUG|stolov.Order|товар: 0 Сельдь "под шубой" 5 33.000000
2023-05-18 10:47:20.2801|DEBUG|stolov.Order|товар: 1 Окрошка мясная 6 32.500000
2023-05-18 10:47:20.2801|DEBUG|stolov.Order|товар: 1 Солянка домашняя со сметаной 7 49.500000
2023-05-18 11:10:57.9737|ERROR|stolov.Print|Ошибка чтения файла заголовка чека
2023-05-18 11:10:58.0277|ERROR|stolov.Print|Ошибка: Пустое имя пути не допускается.; Source: mscorlib
2023-05-18 11:10:58.4036|DEBUG|stolov.Order|Новый заказ
2023-05-18 11:10:58.4036|DEBUG|stolov.Order|Табельный: 1045
2023-05-18 11:10:58.4036|DEBUG|stolov.Order|ФИО: Синицкая Наталья Александровна
2023-05-18 11:10:58.4036|DEBUG|stolov.Order|товар: 0 Свекла с изюмом, сметаной 3 18.500000
2023-05-18 11:10:58.4036|DEBUG|stolov.Order|товар: 1 Солянка домашняя со сметаной 3 49.500000
2023-05-18 11:10:58.4036|DEBUG|stolov.Order|товар: 2 Грудка отбивная с сыром,майонезом 3 58.500000
2023-05-18 11:10:58.4036|DEBUG|stolov.Order|товар: 3 Капуста цветная жареная 3 35.700000
2023-05-18 11:32:03.1905|DEBUG|stolov.Order|Новый заказ
2023-05-18 11:32:03.2665|DEBUG|stolov.Order|Табельный: 1042
2023-05-18 11:32:03.2665|DEBUG|stolov.Order|ФИО: Садыкова Венера Рафагатовна
2023-05-18 11:32:03.2665|DEBUG|stolov.Order|товар: 0 Кетчуп 30г 1 6.000000
2023-05-18 11:32:03.2665|DEBUG|stolov.Order|товар: 0 Салат Витаминный с перцем 2 26.000000
2023-05-18 11:32:03.2665|DEBUG|stolov.Order|товар: 0 Свекла с изюмом, сметаной 3 18.500000
2023-05-18 11:32:03.2665|DEBUG|stolov.Order|товар: 0 Сельдь "под шубой" 4 33.000000
2023-05-18 11:37:33.4606|DEBUG|stolov.Order|Новый заказ
2023-05-18 11:37:33.5176|DEBUG|stolov.Order|Табельный: 1028
2023-05-18 11:37:33.5176|DEBUG|stolov.Order|ФИО: Козлова Людмила Николаевна
2023-05-18 11:37:33.5176|DEBUG|stolov.Order|товар: 0 Горчица столовая 1 2.000000
2023-05-18 11:37:33.5176|DEBUG|stolov.Order|товар: 0 Кетчуп 30г 2 6.000000
2023-05-18 11:37:33.5176|DEBUG|stolov.Order|товар: 0 Салат Витаминный с перцем 3 26.000000
2023-05-18 11:38:09.2716|DEBUG|stolov.Order|Новый заказ
2023-05-18 11:38:09.2716|DEBUG|stolov.Order|Табельный: 1028
2023-05-18 11:38:09.2716|DEBUG|stolov.Order|ФИО: Козлова Людмила Николаевна
2023-05-18 11:38:09.2786|DEBUG|stolov.Order|товар: 0 Салат грузинский 1 40.000000
2023-05-18 11:38:09.2786|DEBUG|stolov.Order|товар: 0 Свекла с изюмом, сметаной 2 18.500000
2023-05-18 11:38:09.2786|DEBUG|stolov.Order|товар: 0 Сельдь "под шубой" 3 33.000000
2023-05-18 11:38:09.2786|DEBUG|stolov.Order|товар: 1 Окрошка мясная 4 32.500000
2023-05-18 11:38:09.2786|DEBUG|stolov.Order|товар: 1 Солянка домашняя со сметаной 5 49.500000
2023-05-18 11:45:22.9751|DEBUG|stolov.Order|Новый заказ
2023-05-18 11:45:23.0301|DEBUG|stolov.Order|Табельный: 1045
2023-05-18 11:45:23.0301|DEBUG|stolov.Order|ФИО: Синицкая Наталья Александровна
2023-05-18 11:45:23.0301|DEBUG|stolov.Order|товар: 0 Горчица столовая 1 2.000000
2023-05-18 11:45:23.0301|DEBUG|stolov.Order|товар: 0 Кетчуп 30г 2 6.000000
2023-05-18 11:45:23.0301|DEBUG|stolov.Order|товар: 0 Салат Витаминный с перцем 3 26.000000
2023-05-18 11:45:23.0301|DEBUG|stolov.Order|товар: 0 Свекла с изюмом, сметаной 4 18.500000
2023-05-18 11:45:23.0301|DEBUG|stolov.Order|товар: 0 Салат грузинский 5 40.000000
2023-05-18 11:47:03.6773|DEBUG|stolov.Order|Новый заказ
2023-05-18 11:47:03.7363|DEBUG|stolov.Order|Табельный: 1042
2023-05-18 11:47:03.7363|DEBUG|stolov.Order|ФИО: Садыкова Венера Рафагатовна
2023-05-18 11:47:03.7363|DEBUG|stolov.Order|товар: 0 Горчица столовая 1 2.000000
2023-05-18 11:47:03.7363|DEBUG|stolov.Order|товар: 0 Кетчуп 30г 2 6.000000
2023-05-18 11:47:03.7363|DEBUG|stolov.Order|товар: 0 Салат Витаминный с перцем 3 26.000000
2023-05-18 11:47:03.7363|DEBUG|stolov.Order|товар: 0 Салат грузинский 4 40.000000
2023-05-18 11:50:50.3762|DEBUG|stolov.Order|Новый заказ
2023-05-18 11:50:50.4322|DEBUG|stolov.Order|Табельный: 1042
2023-05-18 11:50:50.4322|DEBUG|stolov.Order|ФИО: Садыкова Венера Рафагатовна
2023-05-18 11:50:50.4322|DEBUG|stolov.Order|товар: 0 Кетчуп 30г 1 6.000000
2023-05-18 11:50:50.4322|DEBUG|stolov.Order|товар: 0 Салат Витаминный с перцем 2 26.000000
2023-05-18 11:50:50.4322|DEBUG|stolov.Order|товар: 0 Салат грузинский 3 40.000000
2023-05-18 11:52:31.6975|DEBUG|stolov.Order|Новый заказ
2023-05-18 11:52:31.7505|DEBUG|stolov.Order|Табельный: 1101
2023-05-18 11:52:31.7505|DEBUG|stolov.Order|ФИО: Сафина Диля Асхатовна
2023-05-18 11:52:50.0709|DEBUG|stolov.Order|Новый заказ
2023-05-18 11:52:50.1309|DEBUG|stolov.Order|Табельный: 1048
2023-05-18 11:52:50.1309|DEBUG|stolov.Order|ФИО: Трипольская Ирина Викторовна
2023-05-18 11:54:29.3183|DEBUG|stolov.Order|Новый заказ
2023-05-18 11:54:29.3704|DEBUG|stolov.Order|Табельный: 1042
2023-05-18 11:54:29.3704|DEBUG|stolov.Order|ФИО: Садыкова Венера Рафагатовна
2023-05-18 11:55:20.9829|DEBUG|stolov.Order|Новый заказ
2023-05-18 11:55:21.0379|DEBUG|stolov.Order|Табельный: 1042
2023-05-18 11:55:21.0379|DEBUG|stolov.Order|ФИО: Садыкова Венера Рафагатовна
2023-05-18 11:55:21.0379|DEBUG|stolov.Order|товар: 0 Горчица столовая 1 2.000000
2023-05-18 11:55:21.0419|DEBUG|stolov.Order|товар: 0 Кетчуп 30г 2 6.000000
2023-05-18 11:55:21.0419|DEBUG|stolov.Order|товар: 0 Салат Витаминный с перцем 3 26.000000
2023-05-18 11:55:21.0419|DEBUG|stolov.Order|товар: 0 Салат грузинский 4 40.000000
2023-05-18 11:56:14.8996|DEBUG|stolov.Order|Новый заказ
2023-05-18 11:56:14.9596|DEBUG|stolov.Order|Табельный: 3814
2023-05-18 11:56:14.9596|DEBUG|stolov.Order|ФИО: Васильев Сергей Николаевич
2023-05-18 11:56:14.9596|DEBUG|stolov.Order|товар: 0 Кетчуп 30г 1 6.000000
2023-05-18 11:56:14.9596|DEBUG|stolov.Order|товар: 0 Салат Витаминный с перцем 2 26.000000
2023-05-18 11:56:14.9596|DEBUG|stolov.Order|товар: 0 Салат грузинский 3 40.000000
2023-05-18 11:56:14.9596|DEBUG|stolov.Order|товар: 0 Свекла с изюмом, сметаной 4 18.500000
2023-05-18 11:56:14.9596|DEBUG|stolov.Order|товар: 0 Сельдь "под шубой" 5 33.000000
2023-05-18 11:57:59.0214|DEBUG|stolov.Order|Новый заказ
2023-05-18 11:57:59.0764|DEBUG|stolov.Order|Табельный: 1042
2023-05-18 11:57:59.0764|DEBUG|stolov.Order|ФИО: Садыкова Венера Рафагатовна
2023-05-18 11:57:59.0764|DEBUG|stolov.Order|товар: 0 Горчица столовая 1 2.000000
2023-05-18 11:57:59.0764|DEBUG|stolov.Order|товар: 0 Кетчуп 30г 2 6.000000
2023-05-18 11:57:59.0764|DEBUG|stolov.Order|товар: 0 Салат Витаминный с перцем 3 26.000000
2023-05-18 11:57:59.0764|DEBUG|stolov.Order|товар: 0 Салат грузинский 4 40.000000
2023-05-18 12:00:00.2025|DEBUG|stolov.Order|Новый заказ
2023-05-18 12:00:00.2598|DEBUG|stolov.Order|Табельный: 1045
2023-05-18 12:00:00.2598|DEBUG|stolov.Order|ФИО: Синицкая Наталья Александровна
2023-05-18 12:00:00.2608|DEBUG|stolov.Order|товар: 0 Кетчуп 30г 1 6.000000
2023-05-18 12:00:00.2608|DEBUG|stolov.Order|товар: 0 Салат Витаминный с перцем 2 26.000000
2023-05-18 12:00:00.2608|DEBUG|stolov.Order|товар: 0 Салат грузинский 3 40.000000
2023-05-18 12:00:00.2608|DEBUG|stolov.Order|товар: 0 Свекла с изюмом, сметаной 4 18.500000
2023-05-18 12:00:00.2608|DEBUG|stolov.Order|товар: 0 Сельдь "под шубой" 5 33.000000
2023-05-18 12:00:00.2608|DEBUG|stolov.Order|товар: 1 Окрошка мясная 6 32.500000
2023-05-18 12:10:53.4034|DEBUG|stolov.Order|Новый заказ
2023-05-18 12:10:53.4544|DEBUG|stolov.Order|Табельный: 1045
2023-05-18 12:10:53.4544|DEBUG|stolov.Order|ФИО: Синицкая Наталья Александровна
2023-05-18 12:10:53.4544|DEBUG|stolov.Order|товар: 0 Горчица столовая 1 2.000000
2023-05-18 12:10:53.4544|DEBUG|stolov.Order|товар: 0 Кетчуп 30г 2 6.000000
2023-05-18 12:10:53.4544|DEBUG|stolov.Order|товар: 0 Салат Витаминный с перцем 3 26.000000
2023-05-18 12:10:53.4544|DEBUG|stolov.Order|товар: 0 Салат грузинский 4 40.000000
2023-05-18 12:10:53.4544|DEBUG|stolov.Order|товар: 0 Свекла с изюмом, сметаной 5 18.500000
2023-05-18 12:12:02.3550|DEBUG|stolov.Order|Новый заказ
2023-05-18 12:12:02.4090|DEBUG|stolov.Order|Табельный: 1048
2023-05-18 12:12:02.4090|DEBUG|stolov.Order|ФИО: Трипольская Ирина Викторовна
2023-05-18 12:12:02.4090|DEBUG|stolov.Order|товар: 0 Салат Витаминный с перцем 1 26.000000
2023-05-18 12:12:02.4090|DEBUG|stolov.Order|товар: 0 Салат грузинский 2 40.000000
2023-05-18 12:12:02.4090|DEBUG|stolov.Order|товар: 0 Свекла с изюмом, сметаной 3 18.500000
2023-05-18 12:12:56.6231|DEBUG|stolov.Order|Новый заказ
2023-05-18 12:12:56.6881|DEBUG|stolov.Order|Табельный: 1045
2023-05-18 12:12:56.6881|DEBUG|stolov.Order|ФИО: Синицкая Наталья Александровна
2023-05-18 12:12:56.6881|DEBUG|stolov.Order|товар: 0 Кетчуп 30г 1 6.000000
2023-05-18 12:12:56.6881|DEBUG|stolov.Order|товар: 0 Салат Витаминный с перцем 2 26.000000
2023-05-18 12:12:56.6881|DEBUG|stolov.Order|товар: 0 Салат грузинский 3 40.000000
2023-05-18 12:12:56.6881|DEBUG|stolov.Order|товар: 0 Свекла с изюмом, сметаной 4 18.500000
2023-05-18 12:12:56.6881|DEBUG|stolov.Order|товар: 0 Сельдь "под шубой" 5 33.000000
2023-05-18 13:13:59.0564|DEBUG|stolov.Order|Новый заказ
2023-05-18 13:13:59.1144|DEBUG|stolov.Order|Табельный: 1028
2023-05-18 13:13:59.1144|DEBUG|stolov.Order|ФИО: Козлова Людмила Николаевна
2023-05-18 13:13:59.1144|DEBUG|stolov.Order|товар: 0 Кетчуп 30г 1 6.000000
2023-05-18 13:13:59.1144|DEBUG|stolov.Order|товар: 0 Салат Витаминный с перцем 2 26.000000
2023-05-18 13:13:59.1144|DEBUG|stolov.Order|товар: 0 Салат грузинский 3 40.000000
2023-05-18 13:13:59.1144|DEBUG|stolov.Order|товар: 0 Свекла с изюмом, сметаной 4 18.500000
2023-05-18 13:13:59.1144|DEBUG|stolov.Order|товар: 0 Сельдь "под шубой" 5 33.000000
2023-05-18 13:13:59.1144|DEBUG|stolov.Order|товар: 1 Окрошка мясная 56 32.500000
2023-05-18 13:15:42.3796|DEBUG|stolov.Order|Новый заказ
2023-05-18 13:15:42.4386|DEBUG|stolov.Order|Табельный: 1028
2023-05-18 13:15:42.4386|DEBUG|stolov.Order|ФИО: Козлова Людмила Николаевна
2023-05-18 13:15:42.4386|DEBUG|stolov.Order|товар: 0 Горчица столовая 1 2.000000
2023-05-18 13:15:42.4386|DEBUG|stolov.Order|товар: 0 Кетчуп 30г 2 6.000000
2023-05-18 13:15:42.4386|DEBUG|stolov.Order|товар: 0 Салат Витаминный с перцем 3 26.000000
2023-05-18 13:15:42.4386|DEBUG|stolov.Order|товар: 0 Салат грузинский 4 40.000000
2023-05-18 13:15:42.4386|DEBUG|stolov.Order|товар: 0 Свекла с изюмом, сметаной 5 18.500000
2023-05-18 13:15:42.4386|DEBUG|stolov.Order|товар: 0 Сельдь "под шубой" 6 33.000000
2023-05-18 13:16:54.6905|DEBUG|stolov.Order|Новый заказ
2023-05-18 13:16:54.7525|DEBUG|stolov.Order|Табельный: 1042
2023-05-18 13:16:54.7525|DEBUG|stolov.Order|ФИО: Садыкова Венера Рафагатовна
2023-05-18 13:16:54.7525|DEBUG|stolov.Order|товар: 0 Горчица столовая 1 2.000000
2023-05-18 13:16:54.7525|DEBUG|stolov.Order|товар: 0 Кетчуп 30г 2 6.000000
2023-05-18 13:16:54.7525|DEBUG|stolov.Order|товар: 0 Салат Витаминный с перцем 3 26.000000
2023-05-18 13:16:54.7525|DEBUG|stolov.Order|товар: 0 Салат грузинский 4 40.000000
2023-05-18 13:16:54.7525|DEBUG|stolov.Order|товар: 0 Свекла с изюмом, сметаной 5 18.500000
2023-05-18 13:16:54.7525|DEBUG|stolov.Order|товар: 1 Окрошка мясная 6 32.500000
2023-05-18 13:22:19.2219|DEBUG|stolov.Order|Новый заказ
2023-05-18 13:22:19.2799|DEBUG|stolov.Order|Табельный: 1042
2023-05-18 13:22:19.2799|DEBUG|stolov.Order|ФИО: Садыкова Венера Рафагатовна
2023-05-18 13:22:19.2799|DEBUG|stolov.Order|товар: 0 Кетчуп 30г 1 6.000000
2023-05-18 13:22:19.2799|DEBUG|stolov.Order|товар: 0 Салат Витаминный с перцем 2 26.000000
2023-05-18 13:22:19.2799|DEBUG|stolov.Order|товар: 0 Салат грузинский 3 40.000000
2023-05-18 13:22:19.2799|DEBUG|stolov.Order|товар: 0 Свекла с изюмом, сметаной 4 18.500000
2023-05-18 13:22:19.2799|DEBUG|stolov.Order|товар: 0 Сельдь "под шубой" 5 33.000000
2023-05-18 13:22:19.2799|DEBUG|stolov.Order|товар: 1 Окрошка мясная 5 32.500000
2023-05-18 13:36:20.3050|DEBUG|stolov.Order|Новый заказ
2023-05-18 13:36:20.3600|DEBUG|stolov.Order|Табельный: 1042
2023-05-18 13:36:20.3600|DEBUG|stolov.Order|ФИО: Садыкова Венера Рафагатовна
2023-05-18 13:36:20.3600|DEBUG|stolov.Order|товар: 0 Горчица столовая 1 2.000000
2023-05-18 13:36:20.3600|DEBUG|stolov.Order|товар: 0 Кетчуп 30г 2 6.000000
2023-05-18 13:36:20.3600|DEBUG|stolov.Order|товар: 0 Салат Витаминный с перцем 3 26.000000
2023-05-18 13:36:20.3600|DEBUG|stolov.Order|товар: 0 Салат грузинский 4 40.000000
2023-05-18 13:36:20.3600|DEBUG|stolov.Order|товар: 0 Свекла с изюмом, сметаной 5 18.500000
2023-05-18 13:38:32.5831|DEBUG|stolov.Order|Новый заказ
2023-05-18 13:38:32.6406|DEBUG|stolov.Order|Табельный: 1042
2023-05-18 13:38:32.6406|DEBUG|stolov.Order|ФИО: Садыкова Венера Рафагатовна
2023-05-18 13:38:32.6406|DEBUG|stolov.Order|товар: 0 Горчица столовая 1 2.000000
2023-05-18 13:38:32.6406|DEBUG|stolov.Order|товар: 0 Кетчуп 30г 2 6.000000
2023-05-18 13:38:32.6406|DEBUG|stolov.Order|товар: 0 Салат Витаминный с перцем 3 26.000000
2023-05-18 13:38:32.6406|DEBUG|stolov.Order|товар: 0 Салат грузинский 4 40.000000
2023-05-18 13:38:32.6406|DEBUG|stolov.Order|товар: 0 Свекла с изюмом, сметаной 5 18.500000
2023-05-18 13:39:43.9946|DEBUG|stolov.Order|Новый заказ
2023-05-18 13:39:44.0416|DEBUG|stolov.Order|Табельный: 1042
2023-05-18 13:39:44.0416|DEBUG|stolov.Order|ФИО: Садыкова Венера Рафагатовна
2023-05-18 13:39:44.0416|DEBUG|stolov.Order|товар: 0 Горчица столовая 1 2.000000
2023-05-18 13:39:44.0416|DEBUG|stolov.Order|товар: 0 Кетчуп 30г 2 6.000000
2023-05-18 13:39:44.0416|DEBUG|stolov.Order|товар: 0 Салат Витаминный с перцем 3 26.000000
2023-05-18 13:39:44.0416|DEBUG|stolov.Order|товар: 0 Салат грузинский 4 40.000000
2023-05-18 13:39:44.0416|DEBUG|stolov.Order|товар: 0 Свекла с изюмом, сметаной 5 18.500000
2023-05-18 13:52:04.2643|DEBUG|stolov.Order|Новый заказ
2023-05-18 13:52:04.3293|DEBUG|stolov.Order|Табельный: 3814
2023-05-18 13:52:04.3293|DEBUG|stolov.Order|ФИО: Васильев Сергей Николаевич
2023-05-18 13:52:04.3293|DEBUG|stolov.Order|товар: 0 Горчица столовая 1 2.000000
2023-05-18 13:52:04.3293|DEBUG|stolov.Order|товар: 0 Кетчуп 30г 2 6.000000
2023-05-18 13:52:04.3293|DEBUG|stolov.Order|товар: 0 Салат Витаминный с перцем 3 26.000000
2023-05-18 13:52:04.3293|DEBUG|stolov.Order|товар: 0 Салат грузинский 4 40.000000
2023-05-18 13:52:04.3293|DEBUG|stolov.Order|товар: 0 Свекла с изюмом, сметаной 5 18.500000
2023-05-18 13:55:44.7590|DEBUG|stolov.Order|Новый заказ
2023-05-18 13:55:44.8170|DEBUG|stolov.Order|Табельный: 1042
2023-05-18 13:55:44.8170|DEBUG|stolov.Order|ФИО: Садыкова Венера Рафагатовна
2023-05-18 13:55:44.8170|DEBUG|stolov.Order|товар: 0 Горчица столовая 1 2.000000
2023-05-18 13:55:44.8170|DEBUG|stolov.Order|товар: 0 Кетчуп 30г 2 6.000000
2023-05-18 13:55:44.8170|DEBUG|stolov.Order|товар: 0 Салат Витаминный с перцем 3 26.000000
2023-05-18 13:55:44.8170|DEBUG|stolov.Order|товар: 0 Салат грузинский 4 40.000000
2023-05-18 13:55:44.8170|DEBUG|stolov.Order|товар: 0 Свекла с изюмом, сметаной 5 18.500000
2023-05-18 13:55:44.8170|DEBUG|stolov.Order|товар: 0 Сельдь "под шубой" 6 33.000000
2023-05-18 13:56:31.6047|DEBUG|stolov.Order|Новый заказ
2023-05-18 13:56:31.6587|DEBUG|stolov.Order|Табельный: 1042
2023-05-18 13:56:31.6587|DEBUG|stolov.Order|ФИО: Садыкова Венера Рафагатовна
2023-05-18 13:56:31.6587|DEBUG|stolov.Order|товар: 0 Горчица столовая 1 2.000000
2023-05-18 13:56:31.6587|DEBUG|stolov.Order|товар: 0 Кетчуп 30г 2 6.000000
2023-05-18 13:56:31.6587|DEBUG|stolov.Order|товар: 0 Салат Витаминный с перцем 3 26.000000
2023-05-18 13:56:31.6587|DEBUG|stolov.Order|товар: 0 Салат грузинский 4 40.000000
2023-05-18 13:56:31.6587|DEBUG|stolov.Order|товар: 0 Свекла с изюмом, сметаной 5 18.500000
2023-05-18 13:56:31.6587|DEBUG|stolov.Order|товар: 0 Сельдь "под шубой" 6 33.000000
2023-05-18 13:57:40.8089|DEBUG|stolov.Order|Новый заказ
2023-05-18 13:57:40.8669|DEBUG|stolov.Order|Табельный: 1042
2023-05-18 13:57:40.8669|DEBUG|stolov.Order|ФИО: Садыкова Венера Рафагатовна
2023-05-18 13:57:40.8669|DEBUG|stolov.Order|товар: 0 Горчица столовая 1 2.000000
2023-05-18 13:57:40.8669|DEBUG|stolov.Order|товар: 0 Кетчуп 30г 2 6.000000
2023-05-18 13:57:40.8669|DEBUG|stolov.Order|товар: 0 Салат Витаминный с перцем 3 26.000000
2023-05-18 13:57:40.8669|DEBUG|stolov.Order|товар: 0 Салат грузинский 4 40.000000
2023-05-18 13:57:40.8669|DEBUG|stolov.Order|товар: 0 Свекла с изюмом, сметаной 5 18.500000
2023-05-18 13:57:40.8669|DEBUG|stolov.Order|товар: 0 Сельдь "под шубой" 6 33.000000
2023-05-18 13:58:14.2812|DEBUG|stolov.Order|Новый заказ
2023-05-18 13:58:14.3382|DEBUG|stolov.Order|Табельный: 1028
2023-05-18 13:58:14.3382|DEBUG|stolov.Order|ФИО: Козлова Людмила Николаевна
2023-05-18 13:58:14.3382|DEBUG|stolov.Order|товар: 0 Горчица столовая 1 2.000000
2023-05-18 13:58:14.3382|DEBUG|stolov.Order|товар: 0 Кетчуп 30г 2 6.000000
2023-05-18 13:58:14.3382|DEBUG|stolov.Order|товар: 0 Салат Витаминный с перцем 3 26.000000
2023-05-18 13:58:14.3382|DEBUG|stolov.Order|товар: 0 Салат грузинский 4 40.000000
2023-05-18 13:58:14.3382|DEBUG|stolov.Order|товар: 0 Свекла с изюмом, сметаной 5 18.500000
2023-05-18 13:58:14.3382|DEBUG|stolov.Order|товар: 0 Сельдь "под шубой" 6 33.000000
2023-05-18 14:10:32.5486|DEBUG|stolov.Order|Новый заказ
2023-05-18 14:10:32.6086|DEBUG|stolov.Order|Табельный: 1042
2023-05-18 14:10:32.6086|DEBUG|stolov.Order|ФИО: Садыкова Венера Рафагатовна
2023-05-18 14:10:32.6086|DEBUG|stolov.Order|товар: 0 Кетчуп 30г 1 6.000000
2023-05-18 14:10:32.6086|DEBUG|stolov.Order|товар: 0 Салат Витаминный с перцем 2 26.000000
2023-05-18 14:10:32.6086|DEBUG|stolov.Order|товар: 0 Салат грузинский 3 40.000000
2023-05-18 14:10:32.6086|DEBUG|stolov.Order|товар: 0 Сельдь "под шубой" 4 33.000000
2023-05-18 14:10:32.6086|DEBUG|stolov.Order|товар: 1 Окрошка мясная 5 32.500000
2023-05-18 14:17:42.4612|DEBUG|stolov.Order|Новый заказ
2023-05-18 14:17:42.5172|DEBUG|stolov.Order|Табельный: 1042
2023-05-18 14:17:42.5172|DEBUG|stolov.Order|ФИО: Садыкова Венера Рафагатовна
2023-05-18 14:17:42.5172|DEBUG|stolov.Order|товар: 0 Горчица столовая 1 2.000000
2023-05-18 14:17:42.5172|DEBUG|stolov.Order|товар: 0 Кетчуп 30г 2 6.000000
2023-05-18 14:17:42.5172|DEBUG|stolov.Order|товар: 0 Салат Витаминный с перцем 3 26.000000
2023-05-18 14:17:42.5172|DEBUG|stolov.Order|товар: 0 Салат грузинский 4 40.000000
2023-05-18 14:17:42.5172|DEBUG|stolov.Order|товар: 0 Свекла с изюмом, сметаной 5 18.500000
2023-05-18 14:19:46.1491|DEBUG|stolov.Order|Новый заказ
2023-05-18 14:19:46.2071|DEBUG|stolov.Order|Табельный: 1028
2023-05-18 14:19:46.2071|DEBUG|stolov.Order|ФИО: Козлова Людмила Николаевна
2023-05-18 14:19:46.2071|DEBUG|stolov.Order|товар: 0 Горчица столовая 1 2.000000
2023-05-18 14:19:46.2071|DEBUG|stolov.Order|товар: 0 Кетчуп 30г 2 6.000000
2023-05-18 14:19:46.2071|DEBUG|stolov.Order|товар: 0 Салат Витаминный с перцем 3 26.000000
2023-05-18 14:19:46.2071|DEBUG|stolov.Order|товар: 0 Салат грузинский 4 40.000000
2023-05-18 14:19:46.2071|DEBUG|stolov.Order|товар: 0 Свекла с изюмом, сметаной 5 18.500000
2023-05-18 14:31:09.0861|DEBUG|stolov.Order|Новый заказ
2023-05-18 14:31:09.1391|DEBUG|stolov.Order|Табельный: 1028
2023-05-18 14:31:09.1391|DEBUG|stolov.Order|ФИО: Козлова Людмила Николаевна
2023-05-18 14:31:09.1391|DEBUG|stolov.Order|товар: 0 Горчица столовая 1 2.000000
2023-05-18 14:31:09.1391|DEBUG|stolov.Order|товар: 0 Кетчуп 30г 2 6.000000
2023-05-18 14:31:09.1391|DEBUG|stolov.Order|товар: 0 Салат Витаминный с перцем 3 26.000000
2023-05-18 14:31:09.1391|DEBUG|stolov.Order|товар: 0 Салат грузинский 4 40.000000
2023-05-18 14:31:09.1391|DEBUG|stolov.Order|товар: 0 Свекла с изюмом, сметаной 5 18.500000
2023-05-18 14:31:09.1391|DEBUG|stolov.Order|товар: 0 Сельдь "под шубой" 6 33.000000
2023-05-18 14:33:45.7368|DEBUG|stolov.Order|Новый заказ
2023-05-18 14:33:45.7952|DEBUG|stolov.Order|Табельный: 1042
2023-05-18 14:33:45.7952|DEBUG|stolov.Order|ФИО: Садыкова Венера Рафагатовна
2023-05-18 14:33:45.7952|DEBUG|stolov.Order|товар: 0 Горчица столовая 1 2.000000
2023-05-18 14:33:45.7952|DEBUG|stolov.Order|товар: 0 Кетчуп 30г 2 6.000000
2023-05-18 14:33:45.7952|DEBUG|stolov.Order|товар: 0 Салат Витаминный с перцем 3 26.000000
2023-05-18 14:33:45.7952|DEBUG|stolov.Order|товар: 0 Салат грузинский 4 40.000000
2023-05-18 14:33:45.7952|DEBUG|stolov.Order|товар: 0 Свекла с изюмом, сметаной 5 18.500000
2023-05-18 14:33:45.7952|DEBUG|stolov.Order|товар: 0 Сельдь "под шубой" 6 33.000000
2023-05-18 14:36:09.2352|DEBUG|stolov.Order|Новый заказ
2023-05-18 14:36:09.2922|DEBUG|stolov.Order|Табельный: 1042
2023-05-18 14:36:09.2922|DEBUG|stolov.Order|ФИО: Садыкова Венера Рафагатовна
2023-05-18 14:36:31.0947|DEBUG|stolov.Order|Новый заказ
2023-05-18 14:36:31.1497|DEBUG|stolov.Order|Табельный: 1042
2023-05-18 14:36:31.1507|DEBUG|stolov.Order|ФИО: Садыкова Венера Рафагатовна
2023-05-18 14:37:00.3346|DEBUG|stolov.Order|Новый заказ
2023-05-18 14:37:00.3346|DEBUG|stolov.Order|Табельный: 1042
2023-05-18 14:37:00.3346|DEBUG|stolov.Order|ФИО: Садыкова Венера Рафагатовна
2023-05-18 15:49:12.4519|DEBUG|stolov.Order|Новый заказ
2023-05-18 15:49:12.5079|DEBUG|stolov.Order|Табельный: 1028
2023-05-18 15:49:12.5079|DEBUG|stolov.Order|ФИО: Козлова Людмила Николаевна
2023-05-18 15:49:47.8791|DEBUG|stolov.Order|Новый заказ
2023-05-18 15:49:47.8791|DEBUG|stolov.Order|Табельный: 1048
2023-05-18 15:49:47.8791|DEBUG|stolov.Order|ФИО: Трипольская Ирина Викторовна
2023-05-18 15:51:42.9825|DEBUG|stolov.Order|Новый заказ
2023-05-18 15:51:43.0369|DEBUG|stolov.Order|Табельный: 1048
2023-05-18 15:51:43.0369|DEBUG|stolov.Order|ФИО: Трипольская Ирина Викторовна
2023-05-18 15:52:01.3654|DEBUG|stolov.Order|Новый заказ
2023-05-18 15:52:01.3654|DEBUG|stolov.Order|Табельный: 1117
2023-05-18 15:52:01.3654|DEBUG|stolov.Order|ФИО: Тулеулинов Игорь Исамбулатович
2023-05-18 15:52:58.7633|DEBUG|stolov.Order|Новый заказ
2023-05-18 15:52:58.8224|DEBUG|stolov.Order|Табельный: 1028
2023-05-18 15:52:58.8224|DEBUG|stolov.Order|ФИО: Козлова Людмила Николаевна
2023-05-18 16:09:09.4861|DEBUG|stolov.Order|Новый заказ
2023-05-18 16:09:09.5431|DEBUG|stolov.Order|Табельный: 1028
2023-05-18 16:09:09.5431|DEBUG|stolov.Order|ФИО: Козлова Людмила Николаевна
2023-05-18 16:10:40.1107|DEBUG|stolov.Order|Новый заказ
2023-05-18 16:10:40.1707|DEBUG|stolov.Order|Табельный: 1045
2023-05-18 16:10:40.1707|DEBUG|stolov.Order|ФИО: Синицкая Наталья Александровна
2023-05-18 16:11:10.1036|DEBUG|stolov.Order|Новый заказ
2023-05-18 16:11:10.1596|DEBUG|stolov.Order|Табельный: 1028
2023-05-18 16:11:10.1596|DEBUG|stolov.Order|ФИО: Козлова Людмила Николаевна
2023-05-18 16:16:18.2203|DEBUG|stolov.Order|Новый заказ
2023-05-18 16:16:18.2733|DEBUG|stolov.Order|Табельный: 1042
2023-05-18 16:16:18.2733|DEBUG|stolov.Order|ФИО: Садыкова Венера Рафагатовна
2023-05-18 16:16:37.7550|DEBUG|stolov.Order|Новый заказ
2023-05-18 16:16:37.8090|DEBUG|stolov.Order|Табельный: 1042
2023-05-18 16:16:37.8090|DEBUG|stolov.Order|ФИО: Садыкова Венера Рафагатовна
2023-05-18 16:17:23.7753|DEBUG|stolov.Order|Новый заказ
2023-05-18 16:17:23.7753|DEBUG|stolov.Order|Табельный: 1042
2023-05-18 16:17:23.7753|DEBUG|stolov.Order|ФИО: Садыкова Венера Рафагатовна
2023-05-18 16:28:44.9577|DEBUG|stolov.Order|Новый заказ
2023-05-18 16:28:45.0125|DEBUG|stolov.Order|Табельный: 1042
2023-05-18 16:28:45.0125|DEBUG|stolov.Order|ФИО: Садыкова Венера Рафагатовна
2023-05-18 16:29:18.6570|DEBUG|stolov.Order|Новый заказ
2023-05-18 16:29:18.7140|DEBUG|stolov.Order|Табельный: 1028
2023-05-18 16:29:18.7140|DEBUG|stolov.Order|ФИО: Козлова Людмила Николаевна
2023-05-18 16:30:25.7404|DEBUG|stolov.Order|Новый заказ
2023-05-18 16:30:25.8004|DEBUG|stolov.Order|Табельный: 1042
2023-05-18 16:30:25.8004|DEBUG|stolov.Order|ФИО: Садыкова Венера Рафагатовна
2023-05-18 16:34:51.2574|DEBUG|stolov.Order|Новый заказ
2023-05-18 16:34:51.3064|DEBUG|stolov.Order|Табельный: 1028
2023-05-18 16:34:51.3074|DEBUG|stolov.Order|ФИО: Козлова Людмила Николаевна
2023-05-18 16:35:05.8524|DEBUG|stolov.Order|Новый заказ
2023-05-18 16:35:05.8524|DEBUG|stolov.Order|Табельный: 1028
2023-05-18 16:35:05.8524|DEBUG|stolov.Order|ФИО: Козлова Людмила Николаевна
2023-05-18 16:35:38.1207|DEBUG|stolov.Order|Новый заказ
2023-05-18 16:35:38.1207|DEBUG|stolov.Order|Табельный: 1042
2023-05-18 16:35:38.1207|DEBUG|stolov.Order|ФИО: Садыкова Венера Рафагатовна
2023-05-18 16:36:17.7890|DEBUG|stolov.Order|Новый заказ
2023-05-18 16:36:17.7890|DEBUG|stolov.Order|Табельный: 1028
2023-05-18 16:36:17.7890|DEBUG|stolov.Order|ФИО: Козлова Людмила Николаевна
2023-05-18 16:36:45.4018|DEBUG|stolov.Order|Новый заказ
2023-05-18 16:36:45.4018|DEBUG|stolov.Order|Табельный: 1028
2023-05-18 16:36:45.4018|DEBUG|stolov.Order|ФИО: Козлова Людмила Николаевна
2023-05-18 16:37:48.7780|DEBUG|stolov.Order|Новый заказ
2023-05-18 16:37:48.7780|DEBUG|stolov.Order|Табельный: 1126
2023-05-18 16:37:48.7780|DEBUG|stolov.Order|ФИО: Трейго Юрий Викторович
2023-05-18 16:38:26.7611|DEBUG|stolov.Order|Новый заказ
2023-05-18 16:38:26.7611|DEBUG|stolov.Order|Табельный: 1126
2023-05-18 16:38:26.7611|DEBUG|stolov.Order|ФИО: Трейго Юрий Викторович
2023-05-18 16:43:23.6375|DEBUG|stolov.Order|Новый заказ
2023-05-18 16:43:23.6955|DEBUG|stolov.Order|Табельный: 1048
2023-05-18 16:43:23.6955|DEBUG|stolov.Order|ФИО: Трипольская Ирина Викторовна
2023-05-18 16:43:42.5485|DEBUG|stolov.Order|Новый заказ
2023-05-18 16:43:42.5485|DEBUG|stolov.Order|Табельный: 1048
2023-05-18 16:43:42.5485|DEBUG|stolov.Order|ФИО: Трипольская Ирина Викторовна
2023-05-18 16:44:27.4247|DEBUG|stolov.Order|Новый заказ
2023-05-18 16:44:27.4247|DEBUG|stolov.Order|Табельный: 1122
2023-05-18 16:44:27.4247|DEBUG|stolov.Order|ФИО: Сычев Вячеслав Александрович
2023-05-18 16:44:41.3444|DEBUG|stolov.Order|Новый заказ
2023-05-18 16:44:41.3444|DEBUG|stolov.Order|Табельный: 1122
2023-05-18 16:44:41.3444|DEBUG|stolov.Order|ФИО: Сычев Вячеслав Александрович
2023-05-18 16:45:10.1219|DEBUG|stolov.Order|Новый заказ
2023-05-18 16:45:10.1219|DEBUG|stolov.Order|Табельный: 1122
2023-05-18 16:45:10.1219|DEBUG|stolov.Order|ФИО: Сычев Вячеслав Александрович
2023-05-18 16:45:32.7796|DEBUG|stolov.Order|Новый заказ
2023-05-18 16:45:32.7796|DEBUG|stolov.Order|Табельный: 1122
2023-05-18 16:45:32.7796|DEBUG|stolov.Order|ФИО: Сычев Вячеслав Александрович
2023-05-18 16:45:52.1100|DEBUG|stolov.Order|Новый заказ
2023-05-18 16:45:52.1100|DEBUG|stolov.Order|Табельный: 1048
2023-05-18 16:45:52.1100|DEBUG|stolov.Order|ФИО: Трипольская Ирина Викторовна
2023-05-18 16:46:19.6193|DEBUG|stolov.Order|Новый заказ
2023-05-18 16:46:19.6203|DEBUG|stolov.Order|Табельный: 1136
2023-05-18 16:46:19.6203|DEBUG|stolov.Order|ФИО: Лымарь Алексей Александрович
2023-05-18 16:46:37.1551|DEBUG|stolov.Order|Новый заказ
2023-05-18 16:46:37.1551|DEBUG|stolov.Order|Табельный: 1136
2023-05-18 16:46:37.1551|DEBUG|stolov.Order|ФИО: Лымарь Алексей Александрович
2023-05-18 16:49:02.1038|DEBUG|stolov.Order|Новый заказ
2023-05-18 16:49:02.1588|DEBUG|stolov.Order|Табельный: 1042
2023-05-18 16:49:02.1588|DEBUG|stolov.Order|ФИО: Садыкова Венера Рафагатовна
2023-05-18 16:49:37.0200|DEBUG|stolov.Order|Новый заказ
2023-05-18 16:49:37.0200|DEBUG|stolov.Order|Табельный: 1028
2023-05-18 16:49:37.0200|DEBUG|stolov.Order|ФИО: Козлова Людмила Николаевна
2023-05-18 16:54:58.7818|DEBUG|stolov.Order|Новый заказ
2023-05-18 16:54:58.7818|DEBUG|stolov.Order|Табельный: 1042
2023-05-18 16:54:58.7818|DEBUG|stolov.Order|ФИО: Садыкова Венера Рафагатовна
2023-05-18 20:19:53.9961|DEBUG|stolov.Order|Новый заказ
2023-05-18 20:19:54.0511|DEBUG|stolov.Order|Табельный: 1028
2023-05-18 20:19:54.0511|DEBUG|stolov.Order|ФИО: Козлова Людмила Николаевна
2023-05-18 20:36:50.9525|DEBUG|stolov.Order|Новый заказ
2023-05-18 20:36:51.0116|DEBUG|stolov.Order|Табельный: 1042
2023-05-18 20:36:51.0116|DEBUG|stolov.Order|ФИО: Садыкова Венера Рафагатовна
2023-05-18 20:38:46.4772|DEBUG|stolov.Order|Новый заказ
2023-05-18 20:38:46.5412|DEBUG|stolov.Order|Табельный: 1028
2023-05-18 20:38:46.5412|DEBUG|stolov.Order|ФИО: Козлова Людмила Николаевна
2023-05-18 20:41:35.1696|DEBUG|stolov.Order|Новый заказ
2023-05-18 20:41:35.2276|DEBUG|stolov.Order|Табельный: 1028
2023-05-18 20:41:35.2276|DEBUG|stolov.Order|ФИО: Козлова Людмила Николаевна
2023-05-18 20:42:43.9180|DEBUG|stolov.Order|Новый заказ
2023-05-18 20:42:43.9780|DEBUG|stolov.Order|Табельный: 1042
2023-05-18 20:42:43.9790|DEBUG|stolov.Order|ФИО: Садыкова Венера Рафагатовна
2023-05-18 20:43:33.8926|DEBUG|stolov.Order|Новый заказ
2023-05-18 20:43:33.9566|DEBUG|stolov.Order|Табельный: 1042
2023-05-18 20:43:33.9566|DEBUG|stolov.Order|ФИО: Садыкова Венера Рафагатовна
2023-05-18 20:44:07.8414|DEBUG|stolov.Order|Новый заказ
2023-05-18 20:44:07.8414|DEBUG|stolov.Order|Табельный: 1045
2023-05-18 20:44:07.8414|DEBUG|stolov.Order|ФИО: Синицкая Наталья Александровна
2023-05-18 20:46:50.9356|DEBUG|stolov.Order|Новый заказ
2023-05-18 20:46:50.9356|DEBUG|stolov.Order|Табельный: 1042
2023-05-18 20:46:50.9356|DEBUG|stolov.Order|ФИО: Садыкова Венера Рафагатовна
2023-05-18 20:50:17.1222|DEBUG|stolov.Order|Новый заказ
2023-05-18 20:50:17.1853|DEBUG|stolov.Order|Табельный: 1042
2023-05-18 20:50:17.1853|DEBUG|stolov.Order|ФИО: Садыкова Венера Рафагатовна
2023-05-18 20:50:49.8284|DEBUG|stolov.Order|Новый заказ
2023-05-18 20:50:49.8284|DEBUG|stolov.Order|Табельный: 1042
2023-05-18 20:50:49.8284|DEBUG|stolov.Order|ФИО: Садыкова Венера Рафагатовна
2023-05-18 20:51:25.7031|DEBUG|stolov.Order|Новый заказ
2023-05-18 20:51:25.7031|DEBUG|stolov.Order|Табельный: 1048
2023-05-18 20:51:25.7031|DEBUG|stolov.Order|ФИО: Трипольская Ирина Викторовна
2023-05-18 20:52:16.5514|DEBUG|stolov.Order|Новый заказ
2023-05-18 20:52:16.5514|DEBUG|stolov.Order|Табельный: 1048
2023-05-18 20:52:16.5514|DEBUG|stolov.Order|ФИО: Трипольская Ирина Викторовна
2023-05-18 21:43:11.0236|DEBUG|stolov.Order|Новый заказ
2023-05-18 21:43:11.0776|DEBUG|stolov.Order|Табельный: 1042
2023-05-18 21:43:11.0776|DEBUG|stolov.Order|ФИО: Садыкова Венера Рафагатовна
2023-05-18 21:44:23.2287|DEBUG|stolov.Order|Новый заказ
2023-05-18 21:44:23.2297|DEBUG|stolov.Order|Табельный: 1042
2023-05-18 21:44:23.2297|DEBUG|stolov.Order|ФИО: Садыкова Венера Рафагатовна
2023-05-18 21:46:28.6571|DEBUG|stolov.Order|Новый заказ
2023-05-18 21:46:28.7161|DEBUG|stolov.Order|Табельный: 1042
2023-05-18 21:46:28.7161|DEBUG|stolov.Order|ФИО: Садыкова Венера Рафагатовна
2023-05-18 21:46:43.8868|DEBUG|stolov.Order|Новый заказ
2023-05-18 21:46:43.8868|DEBUG|stolov.Order|Табельный: 1065
2023-05-18 21:46:43.8868|DEBUG|stolov.Order|ФИО: Лукашенко Сергей Александрович
2023-05-18 21:46:51.3541|DEBUG|stolov.Order|Новый заказ
2023-05-18 21:46:51.3541|DEBUG|stolov.Order|Табельный: 1126
2023-05-18 21:46:51.3541|DEBUG|stolov.Order|ФИО: Трейго Юрий Викторович
2023-05-18 21:47:04.9594|DEBUG|stolov.Order|Новый заказ
2023-05-18 21:47:04.9594|DEBUG|stolov.Order|Табельный: 1126
2023-05-18 21:47:04.9594|DEBUG|stolov.Order|ФИО: Трейго Юрий Викторович
2023-05-18 21:49:37.4196|DEBUG|stolov.Order|Новый заказ
2023-05-18 21:49:37.4796|DEBUG|stolov.Order|Табельный: 1028
2023-05-18 21:49:37.4796|DEBUG|stolov.Order|ФИО: Козлова Людмила Николаевна
2023-05-18 21:52:46.4500|ERROR|stolov.OrdersToISPRO|SELECT MAX(PrdZkg_RcdNmr)  FROM PRDZKG WHERE PrdZkg_RcdNmr < 9999999 and (PRDZKG_Dt = CONVERT(date, '20230518') ) 
2023-05-18 21:52:46.4500|ERROR|stolov.OrdersToISPRO|Ошибка получения RcdNmr
2023-05-18 21:52:46.4500|ERROR|stolov.OrdersToISPRO|Ошибка: Невозможно выполнить приведение данного объекта из DBNull к другому типу.; Source: mscorlib
2023-05-18 21:52:46.4500|DEBUG|stolov.OrdersToISPRO|date=20230518
2023-05-18 21:52:46.4950|DEBUG|stolov.OrdersToISPRO|zkg=5004981 sum=324.5
2023-05-18 21:52:46.4950|DEBUG|stolov.OrdersToISPRO||13773|00000000000000005417|0 Горчица столовая|Холодные блюда|порц.|1|2.000000|9813|64131|51
2023-05-18 21:52:46.5511|DEBUG|stolov.OrdersToISPRO||13757|00000000000000005402|0 Салат Витаминный с перцем|Холодные блюда|порц.|2|26.000000|9798|74076|51
2023-05-18 21:52:46.5911|DEBUG|stolov.OrdersToISPRO||13448|00000000000000005118|0 Кетчуп 30г|Холодные блюда|порц.|3|6.000000|9503|63604|51
2023-05-18 21:52:46.6322|DEBUG|stolov.OrdersToISPRO||4382|11170000000000001028|0 Салат грузинский|Холодные блюда|порц.|4|40.000000|829|74107|51
2023-05-18 21:52:46.6732|DEBUG|stolov.OrdersToISPRO||4404|11170000000000001050|0 Свекла с изюмом, сметаной|Холодные блюда|порц.|5|18.500000|838|74077|51
2023-05-18 21:52:48.0461|DEBUG|stolov.Ctolov|Данные выгружены
2023-05-18 21:53:12.1808|DEBUG|stolov.OrdersToISPRO|date=20230518
2023-05-18 21:53:12.2018|DEBUG|stolov.OrdersToISPRO|zkg=5004982 sum=324.5
2023-05-18 21:53:12.2018|DEBUG|stolov.OrdersToISPRO||13773|00000000000000005417|0 Горчица столовая|Холодные блюда|порц.|1|2.000000|9813|64131|51
2023-05-18 21:53:12.2498|DEBUG|stolov.OrdersToISPRO||13757|00000000000000005402|0 Салат Витаминный с перцем|Холодные блюда|порц.|2|26.000000|9798|74076|51
2023-05-18 21:53:12.2809|DEBUG|stolov.OrdersToISPRO||13448|00000000000000005118|0 Кетчуп 30г|Холодные блюда|порц.|3|6.000000|9503|63604|51
2023-05-18 21:53:12.3119|DEBUG|stolov.OrdersToISPRO||4382|11170000000000001028|0 Салат грузинский|Холодные блюда|порц.|4|40.000000|829|74107|51
2023-05-18 21:53:12.3450|DEBUG|stolov.OrdersToISPRO||4404|11170000000000001050|0 Свекла с изюмом, сметаной|Холодные блюда|порц.|5|18.500000|838|74077|51
2023-05-18 21:53:13.4358|DEBUG|stolov.Ctolov|Данные выгружены
2023-05-18 21:54:32.4547|ERROR|stolov.OrdersToISPRO|SELECT MAX(PrdZkg_RcdNmr)  FROM PRDZKG WHERE PrdZkg_RcdNmr < 9999999 and (PRDZKG_Dt = CONVERT(date, '20230518') ) 
2023-05-18 21:54:32.4547|ERROR|stolov.OrdersToISPRO|Ошибка получения RcdNmr
2023-05-18 21:54:32.4547|ERROR|stolov.OrdersToISPRO|Ошибка: Невозможно выполнить приведение данного объекта из DBNull к другому типу.; Source: mscorlib
2023-05-18 21:54:32.4547|DEBUG|stolov.OrdersToISPRO|date=20230518
2023-05-18 21:54:32.4787|DEBUG|stolov.OrdersToISPRO|zkg=5004983 sum=324.5
2023-05-18 21:54:32.4807|DEBUG|stolov.OrdersToISPRO||13773|00000000000000005417|0 Горчица столовая|Холодные блюда|порц.|1|2.000000|9813|64131|51
2023-05-18 21:54:32.5077|DEBUG|stolov.OrdersToISPRO||13757|00000000000000005402|0 Салат Витаминный с перцем|Холодные блюда|порц.|2|26.000000|9798|74076|51
2023-05-18 21:54:32.5337|DEBUG|stolov.OrdersToISPRO||13448|00000000000000005118|0 Кетчуп 30г|Холодные блюда|порц.|3|6.000000|9503|63604|51
2023-05-18 21:54:32.5597|DEBUG|stolov.OrdersToISPRO||4382|11170000000000001028|0 Салат грузинский|Холодные блюда|порц.|4|40.000000|829|74107|51
2023-05-18 21:54:32.5858|DEBUG|stolov.OrdersToISPRO||4404|11170000000000001050|0 Свекла с изюмом, сметаной|Холодные блюда|порц.|5|18.500000|838|74077|51
2023-05-18 21:54:33.8491|DEBUG|stolov.Ctolov|Данные выгружены
2023-05-18 21:57:25.4499|DEBUG|stolov.Order|Новый заказ
2023-05-18 21:57:25.5039|DEBUG|stolov.Order|Табельный: 1048
2023-05-18 21:57:25.5039|DEBUG|stolov.Order|ФИО: Трипольская Ирина Викторовна
2023-05-18 21:57:28.1686|ERROR|stolov.OrdersToISPRO|SELECT MAX(PrdZkg_RcdNmr)  FROM PRDZKG WHERE PrdZkg_RcdNmr < 9999999 and (PRDZKG_Dt = CONVERT(date, '20230518') ) 
2023-05-18 21:57:28.1686|ERROR|stolov.OrdersToISPRO|Ошибка получения RcdNmr
2023-05-18 21:57:28.1876|ERROR|stolov.OrdersToISPRO|Ошибка: Невозможно выполнить приведение данного объекта из DBNull к другому типу.; Source: mscorlib
2023-05-18 21:57:28.1876|DEBUG|stolov.OrdersToISPRO|date=20230518
2023-05-18 21:57:28.2096|DEBUG|stolov.OrdersToISPRO|zkg=5004984 sum=330.5
2023-05-18 21:57:28.2096|DEBUG|stolov.OrdersToISPRO||13773|00000000000000005417|0 Горчица столовая|Холодные блюда|порц.|1|2.000000|9813|64131|51
2023-05-18 21:57:28.2387|DEBUG|stolov.OrdersToISPRO||13448|00000000000000005118|0 Кетчуп 30г|Холодные блюда|порц.|2|6.000000|9503|63604|51
2023-05-18 21:57:28.2647|DEBUG|stolov.OrdersToISPRO||4382|11170000000000001028|0 Салат грузинский|Холодные блюда|порц.|3|40.000000|829|74107|51
2023-05-18 21:57:28.2947|DEBUG|stolov.OrdersToISPRO||13757|00000000000000005402|0 Салат Витаминный с перцем|Холодные блюда|порц.|4|26.000000|9798|74076|51
2023-05-18 21:57:28.3207|DEBUG|stolov.OrdersToISPRO||4404|11170000000000001050|0 Свекла с изюмом, сметаной|Холодные блюда|порц.|5|18.500000|838|74077|51
2023-05-18 21:57:29.7786|DEBUG|stolov.Ctolov|Данные выгружены
2023-05-18 21:59:36.9974|DEBUG|stolov.Order|Новый заказ
2023-05-18 21:59:37.0544|DEBUG|stolov.Order|Табельный: 1042
2023-05-18 21:59:37.0544|DEBUG|stolov.Order|ФИО: Садыкова Венера Рафагатовна
2023-05-18 21:59:41.6528|ERROR|stolov.OrdersToISPRO|SELECT MAX(PrdZkg_RcdNmr)  FROM PRDZKG WHERE PrdZkg_RcdNmr < 9999999 and (PRDZKG_Dt = CONVERT(date, '20230518') ) 
2023-05-18 21:59:41.6528|ERROR|stolov.OrdersToISPRO|Ошибка получения RcdNmr
2023-05-18 21:59:41.6528|ERROR|stolov.OrdersToISPRO|Ошибка: Невозможно выполнить приведение данного объекта из DBNull к другому типу.; Source: mscorlib
2023-05-18 21:59:41.6528|DEBUG|stolov.OrdersToISPRO|date=20230518
2023-05-18 21:59:41.6848|DEBUG|stolov.OrdersToISPRO|zkg=5004985 sum=252
2023-05-18 21:59:41.6848|DEBUG|stolov.OrdersToISPRO||13773|00000000000000005417|0 Горчица столовая|Холодные блюда|порц.|1|2.000000|9813|64131|51
2023-05-18 21:59:41.7159|DEBUG|stolov.OrdersToISPRO||13448|00000000000000005118|0 Кетчуп 30г|Холодные блюда|порц.|2|6.000000|9503|63604|51
2023-05-18 21:59:41.7399|DEBUG|stolov.OrdersToISPRO||13757|00000000000000005402|0 Салат Витаминный с перцем|Холодные блюда|порц.|3|26.000000|9798|74076|51
2023-05-18 21:59:41.7659|DEBUG|stolov.OrdersToISPRO||4382|11170000000000001028|0 Салат грузинский|Холодные блюда|порц.|4|40.000000|829|74107|51
2023-05-18 21:59:43.2083|DEBUG|stolov.Ctolov|Данные выгружены
2023-05-18 22:01:43.0201|DEBUG|stolov.Order|Новый заказ
2023-05-18 22:01:43.0762|DEBUG|stolov.Order|Табельный: 1042
2023-05-18 22:01:43.0762|DEBUG|stolov.Order|ФИО: Садыкова Венера Рафагатовна
2023-05-18 22:01:46.1793|ERROR|stolov.OrdersToISPRO|0
2023-05-18 22:01:47.6517|DEBUG|stolov.OrdersToISPRO|date=20230518
2023-05-18 22:01:47.6728|DEBUG|stolov.OrdersToISPRO|zkg=5004986 sum=174
2023-05-18 22:01:47.6728|DEBUG|stolov.OrdersToISPRO||13773|00000000000000005417|0 Горчица столовая|Холодные блюда|порц.|1|2.000000|9813|64131|51
2023-05-18 22:01:47.7018|DEBUG|stolov.OrdersToISPRO||13757|00000000000000005402|0 Салат Витаминный с перцем|Холодные блюда|порц.|2|26.000000|9798|74076|51
2023-05-18 22:01:47.7289|DEBUG|stolov.OrdersToISPRO||4382|11170000000000001028|0 Салат грузинский|Холодные блюда|порц.|3|40.000000|829|74107|51
2023-05-18 22:01:48.7486|DEBUG|stolov.Ctolov|Данные выгружены
2023-05-18 22:03:34.7534|DEBUG|stolov.Order|Новый заказ
2023-05-18 22:03:34.8114|DEBUG|stolov.Order|Табельный: 3814
2023-05-18 22:03:34.8114|DEBUG|stolov.Order|ФИО: Васильев Сергей Николаевич
