2023-05-15 10:14:31.1829|DEBUG|stolov.Order|Новый заказ
2023-05-15 10:14:31.2409|DEBUG|stolov.Order|Табельный: 1045
2023-05-15 10:14:31.2409|DEBUG|stolov.Order|ФИО: Синицкая Наталья Александровна
2023-05-15 10:14:31.2409|DEBUG|stolov.Order|товар: Горчица столовая 1 2.000000
2023-05-15 10:14:31.2409|DEBUG|stolov.Order|товар: Кетчуп 30г 2 6.000000
2023-05-15 10:14:31.2409|DEBUG|stolov.Order|товар: Салат Витаминный с перцем 3 26.000000
2023-05-15 10:14:31.2409|DEBUG|stolov.Order|товар: Салат грузинский 4 40.000000
2023-05-15 10:14:31.2409|DEBUG|stolov.Order|товар: Свекла с изюмом, сметаной 5 18.500000
2023-05-15 10:14:31.2409|DEBUG|stolov.Order|товар: Сельдь "под шубой" 6 33.000000
2023-05-15 10:14:31.2409|DEBUG|stolov.Order|товар: Окрошка мясная 7 32.500000
2023-05-15 10:14:31.2409|DEBUG|stolov.Order|товар: Солянка домашняя со сметаной 8 49.500000
2023-05-15 10:15:11.2659|DEBUG|stolov.Order|Новый заказ
2023-05-15 10:15:11.3309|DEBUG|stolov.Order|Табельный: 1042
2023-05-15 10:15:11.3309|DEBUG|stolov.Order|ФИО: Садыкова Венера Рафагатовна
2023-05-15 10:15:11.3309|DEBUG|stolov.Order|товар: Горчица столовая 1 2.000000
2023-05-15 10:15:11.3309|DEBUG|stolov.Order|товар: Кетчуп 30г 2 6.000000
2023-05-15 10:15:11.3309|DEBUG|stolov.Order|товар: Салат Витаминный с перцем 3 26.000000
2023-05-15 10:15:11.3309|DEBUG|stolov.Order|товар: Салат грузинский 4 40.000000
2023-05-15 10:15:11.3309|DEBUG|stolov.Order|товар: Свекла с изюмом, сметаной 5 18.500000
2023-05-15 10:15:11.3309|DEBUG|stolov.Order|товар: Сельдь "под шубой" 6 33.000000
2023-05-15 10:15:11.3309|DEBUG|stolov.Order|товар: Окрошка мясная 7 32.500000
2023-05-15 10:22:57.9224|DEBUG|stolov.Order|Новый заказ
2023-05-15 10:22:57.9844|DEBUG|stolov.Order|Табельный: 1028
2023-05-15 10:22:57.9844|DEBUG|stolov.Order|ФИО: Козлова Людмила Николаевна
2023-05-15 10:22:57.9844|DEBUG|stolov.Order|товар: Горчица столовая 1 2.000000
2023-05-15 10:22:57.9844|DEBUG|stolov.Order|товар: Кетчуп 30г 2 6.000000
2023-05-15 10:22:57.9844|DEBUG|stolov.Order|товар: Салат Витаминный с перцем 3 26.000000
2023-05-15 10:22:57.9844|DEBUG|stolov.Order|товар: Салат грузинский 4 40.000000
2023-05-15 10:22:57.9844|DEBUG|stolov.Order|товар: Свекла с изюмом, сметаной 5 18.500000
2023-05-15 10:22:57.9844|DEBUG|stolov.Order|товар: Сельдь "под шубой" 6 33.000000
2023-05-15 10:22:57.9844|DEBUG|stolov.Order|товар: Окрошка мясная 6 32.500000
2023-05-15 10:27:11.5339|DEBUG|stolov.Order|Новый заказ
2023-05-15 10:27:11.5949|DEBUG|stolov.Order|Табельный: 1042
2023-05-15 10:27:11.5949|DEBUG|stolov.Order|ФИО: Садыкова Венера Рафагатовна
2023-05-15 10:27:11.5949|DEBUG|stolov.Order|товар: Горчица столовая 1 2.000000
2023-05-15 10:27:11.5949|DEBUG|stolov.Order|товар: Кетчуп 30г 2 6.000000
2023-05-15 10:27:11.5949|DEBUG|stolov.Order|товар: Салат Витаминный с перцем 3 26.000000
2023-05-15 10:27:11.5949|DEBUG|stolov.Order|товар: Салат грузинский 4 40.000000
2023-05-15 10:27:11.5949|DEBUG|stolov.Order|товар: Свекла с изюмом, сметаной 5 18.500000
2023-05-15 10:27:11.5949|DEBUG|stolov.Order|товар: Сельдь "под шубой" 6 33.000000
2023-05-15 10:27:11.5949|DEBUG|stolov.Order|товар: Окрошка мясная 7 32.500000
