2023-05-25 09:27:08.2619|ERROR|stolov.DataXML|DataXML.GetXML.Ошибка получения данных из XML
2023-05-25 09:27:08.3339|ERROR|stolov.DataXML|Ошибка: Ссылка на объект не указывает на экземпляр объекта.; Source: stolov
2023-05-25 10:35:35.2955|DEBUG|stolov.Order|Новый заказ
2023-05-25 10:35:35.3505|DEBUG|stolov.Order|Табельный: 1045
2023-05-25 10:35:35.3505|DEBUG|stolov.Order|ФИО: Синицкая Наталья Александровна
2023-05-25 16:05:52.8593|DEBUG|stolov.OrdersToISPRO|zkg=5005248 sum=74
2023-05-25 16:05:52.9144|DEBUG|stolov.OrdersToISPRO||13773|00000000000000005417|0 Горчица столовая|Холодные блюда|порц.|1|2.000000|9813|64131|51
2023-05-25 16:05:52.9484|DEBUG|stolov.OrdersToISPRO||13448|00000000000000005118|0 Кетчуп 30г|Холодные блюда|порц.|1|6.000000|9503|63604|51
2023-05-25 16:05:52.9754|DEBUG|stolov.OrdersToISPRO||13757|00000000000000005402|0 Салат Витаминный с перцем|Холодные блюда|порц.|1|26.000000|9798|74076|51
2023-05-25 16:05:53.0044|DEBUG|stolov.OrdersToISPRO||4382|11170000000000001028|0 Салат грузинский|Холодные блюда|порц.|1|40.000000|829|74107|51
2023-05-25 16:05:53.0614|DEBUG|stolov.OrdersToISPRO|zkg=5005249 sum=173.9
2023-05-25 16:05:53.0614|DEBUG|stolov.OrdersToISPRO||13442|00000000000000005112|3 Каша пшеничная|Гарниры|порц.|1|16.000000|9499|74101|51
2023-05-25 16:05:53.0924|DEBUG|stolov.OrdersToISPRO||4432|11170000000000001078|4 Сырники из творога|Молочные блюда|порц.|1|33.000000|82|74102|51
2023-05-25 16:05:53.1204|DEBUG|stolov.OrdersToISPRO||13902|00000000000000005526|5 Напиток плодово-ягодный|Третьи блюда|порц.|1|16.000000|9926|74003|51
2023-05-25 16:05:53.1494|DEBUG|stolov.OrdersToISPRO||13467|00000000000000005134|5 Сахар|Третьи блюда|порц.|1|2.500000|9524|57092|51
2023-05-25 16:05:53.1784|DEBUG|stolov.OrdersToISPRO||15203|00000000000000006652|3 Капуста цветная жареная|Гарниры|порц.|2|35.700000|11723|74098|51
2023-05-25 16:05:53.2074|DEBUG|stolov.OrdersToISPRO||4348|11170000000000000996|3 Макаронные изделия отварные|Гарниры|порц.|2|17.500000|881|72877|51
2023-05-25 16:05:53.2624|DEBUG|stolov.OrdersToISPRO|zkg=5005250 sum=247
2023-05-25 16:05:53.2684|DEBUG|stolov.OrdersToISPRO||13448|00000000000000005118|0 Кетчуп 30г|Холодные блюда|порц.|2|6.000000|9503|63604|51
2023-05-25 16:05:53.3114|DEBUG|stolov.OrdersToISPRO||13757|00000000000000005402|0 Салат Витаминный с перцем|Холодные блюда|порц.|2|26.000000|9798|74076|51
2023-05-25 16:05:53.3414|DEBUG|stolov.OrdersToISPRO||4382|11170000000000001028|0 Салат грузинский|Холодные блюда|порц.|2|40.000000|829|74107|51
2023-05-25 16:05:53.3859|DEBUG|stolov.OrdersToISPRO||4404|11170000000000001050|0 Свекла с изюмом, сметаной|Холодные блюда|порц.|2|18.500000|838|74077|51
2023-05-25 16:05:53.4224|DEBUG|stolov.OrdersToISPRO||4392|11170000000000001038|0 Сельдь "под шубой"|Холодные блюда|порц.|2|33.000000|822|74093|51
2023-05-25 16:05:53.4745|DEBUG|stolov.OrdersToISPRO|zkg=5005251 sum=828.4
2023-05-25 16:05:53.4745|DEBUG|stolov.OrdersToISPRO||13773|00000000000000005417|0 Горчица столовая|Холодные блюда|порц.|4|2.000000|9813|64131|51
2023-05-25 16:05:53.5035|DEBUG|stolov.OrdersToISPRO||4401|11170000000000001047|0 Салат "Юнга"|Холодные блюда|порц.|4|29.500000|839|74515|51
2023-05-25 16:05:53.5340|DEBUG|stolov.OrdersToISPRO||4390|11170000000000001036|0 Салат греческий|Холодные блюда|порц.|4|37.000000|830|74496|51
2023-05-25 16:05:53.5625|DEBUG|stolov.OrdersToISPRO||13574|00000000000000005227|0 Салат из св.капусты с мариноваными грибами|Холодные блюда|порц.|4|25.500000|9622|74516|51
2023-05-25 16:05:53.5905|DEBUG|stolov.OrdersToISPRO||3654|11170000000000000313|1 Окрошка мясная|Первые блюда|порц.|4|32.500000|620|72806|51
2023-05-25 16:05:53.6195|DEBUG|stolov.OrdersToISPRO||3655|11170000000000000314|1 Рассольник ленинградский с курицей, сметаной|Первые блюда|порц.|4|32.500000|621|74498|51
2023-05-25 16:05:53.6475|DEBUG|stolov.OrdersToISPRO||13764|00000000000000005408|2 Биточки по-белорусски|Вторые блюда|порц.|4|48.100000|9804|74517|51
2023-05-25 16:05:53.7146|DEBUG|stolov.OrdersToISPRO|zkg=5005252 sum=409.2
2023-05-25 16:05:53.7146|DEBUG|stolov.OrdersToISPRO||13448|00000000000000005118|0 Кетчуп 30г|Холодные блюда|порц.|2|6.000000|9503|63604|51
2023-05-25 16:05:53.7496|DEBUG|stolov.OrdersToISPRO||4390|11170000000000001036|0 Салат греческий|Холодные блюда|порц.|2|37.000000|830|74496|51
2023-05-25 16:05:53.7786|DEBUG|stolov.OrdersToISPRO||3654|11170000000000000313|1 Окрошка мясная|Первые блюда|порц.|2|32.500000|620|72806|51
2023-05-25 16:05:53.8067|DEBUG|stolov.OrdersToISPRO||13764|00000000000000005408|2 Биточки по-белорусски|Вторые блюда|порц.|2|48.100000|9804|74517|51
2023-05-25 16:05:53.8357|DEBUG|stolov.OrdersToISPRO||3693|11170000000000000352|2 Жаркое по-домашнему|Вторые блюда|порц.|2|81.000000|596|74519|51
2023-05-25 16:05:53.8887|DEBUG|stolov.OrdersToISPRO|zkg=5005253 sum=402.4
2023-05-25 16:05:53.8887|DEBUG|stolov.OrdersToISPRO||13448|00000000000000005118|0 Кетчуп 30г|Холодные блюда|порц.|2|6.000000|9503|63604|51
2023-05-25 16:05:53.9190|DEBUG|stolov.OrdersToISPRO||4382|11170000000000001028|0 Салат грузинский|Холодные блюда|порц.|2|40.000000|829|74107|51
2023-05-25 16:05:53.9471|DEBUG|stolov.OrdersToISPRO||3654|11170000000000000313|1 Окрошка мясная|Первые блюда|порц.|2|32.500000|620|72806|51
2023-05-25 16:05:53.9751|DEBUG|stolov.OrdersToISPRO||13765|00000000000000005409|2 Биточки мясные|Вторые блюда|порц.|2|42.900000|9805|74106|51
2023-05-25 16:05:54.0041|DEBUG|stolov.OrdersToISPRO||3692|11170000000000000351|2 Гуляш из говядины|Вторые блюда|порц.|2|79.800000|595|74080|51
2023-05-25 16:05:55.6781|DEBUG|stolov.Ctolov|Данные выгружены
