2023-05-17 16:02:29.2709|ERROR|stolov.DB|Ошибка подключения к серверу
2023-05-17 16:02:29.3273|ERROR|stolov.DB|Ошибка: При установлении соединения с SQL Server произошла ошибка, связанная с сетью или с определенным экземпляром. Сервер не найден или недоступен. Убедитесь, что имя экземпляра указано правильно и что на SQL Server разрешены удаленные соединения. (provider: Named Pipes Provider, error: 40 - Не удалось открыть подключение к SQL Server); Source: .Net SqlClient Data Provider
2023-05-17 16:05:04.2984|ERROR|stolov.DB|Ошибка подключения к серверу
2023-05-17 16:05:04.3524|ERROR|stolov.DB|Ошибка: При установлении соединения с SQL Server произошла ошибка, связанная с сетью или с определенным экземпляром. Сервер не найден или недоступен. Убедитесь, что имя экземпляра указано правильно и что на SQL Server разрешены удаленные соединения. (provider: Named Pipes Provider, error: 40 - Не удалось открыть подключение к SQL Server); Source: .Net SqlClient Data Provider
2023-05-17 16:05:15.5303|ERROR|stolov.OrdersToISPRO|select count(*) from PRDZKDT where PrdZkDt_JrRcd='75' and PrdZkDt_Dt='20230517' 
2023-05-17 16:05:15.5783|ERROR|stolov.OrdersToISPRO|Ошибка работы с таблицей PRDZKDT
2023-05-17 16:05:15.5783|ERROR|stolov.OrdersToISPRO|Ошибка: ExecuteReader: Свойство Connection не инициализировано.; Source: System.Data
2023-05-17 16:08:03.3919|ERROR|stolov.DB|Ошибка подключения к серверу
2023-05-17 16:08:03.4469|ERROR|stolov.DB|Ошибка: При установлении соединения с SQL Server произошла ошибка, связанная с сетью или с определенным экземпляром. Сервер не найден или недоступен. Убедитесь, что имя экземпляра указано правильно и что на SQL Server разрешены удаленные соединения. (provider: Named Pipes Provider, error: 40 - Не удалось открыть подключение к SQL Server); Source: .Net SqlClient Data Provider
2023-05-17 16:08:56.2949|ERROR|stolov.DB|Ошибка подключения к серверу: Data Source = SERVER4-MGN.m74.mgn.local;Initial Catalog = dfirm002_gmk;Persist Security Info = True;User ID = sa;Password = 123456
2023-05-17 16:08:56.3499|ERROR|stolov.DB|Ошибка: При установлении соединения с SQL Server произошла ошибка, связанная с сетью или с определенным экземпляром. Сервер не найден или недоступен. Убедитесь, что имя экземпляра указано правильно и что на SQL Server разрешены удаленные соединения. (provider: Named Pipes Provider, error: 40 - Не удалось открыть подключение к SQL Server); Source: .Net SqlClient Data Provider
2023-05-17 16:10:16.4083|ERROR|stolov.DB|Ошибка подключения к серверу: Data Source = SERVER4-MGN.m74.mgn.local;Initial Catalog = dfirm002_gmk;Persist Security Info = True;User ID = sa;Password = 123456
2023-05-17 16:10:16.4623|ERROR|stolov.DB|Ошибка: При установлении соединения с SQL Server произошла ошибка, связанная с сетью или с определенным экземпляром. Сервер не найден или недоступен. Убедитесь, что имя экземпляра указано правильно и что на SQL Server разрешены удаленные соединения. (provider: Named Pipes Provider, error: 40 - Не удалось открыть подключение к SQL Server); Source: .Net SqlClient Data Provider
2023-05-17 16:11:09.7583|ERROR|stolov.DB|Ошибка подключения к серверу: Data Source = SERVER4-MGN.m74.mgn.local;Initial Catalog = dfirm002_gmk;Persist Security Info = True;User ID = sa;Password = 123456
2023-05-17 16:11:09.8133|ERROR|stolov.DB|Ошибка: При установлении соединения с SQL Server произошла ошибка, связанная с сетью или с определенным экземпляром. Сервер не найден или недоступен. Убедитесь, что имя экземпляра указано правильно и что на SQL Server разрешены удаленные соединения. (provider: Named Pipes Provider, error: 40 - Не удалось открыть подключение к SQL Server); Source: .Net SqlClient Data Provider
2023-05-17 16:11:54.2879|ERROR|stolov.DB|Ошибка подключения к серверу: Data Source=SERVER4-MGN.m74.mgn.local;Initial Catalog=dfirm002_gmk;Persist Security Info=True;User ID=sa;Password=456123
2023-05-17 16:11:54.3429|ERROR|stolov.DB|Ошибка: При установлении соединения с SQL Server произошла ошибка, связанная с сетью или с определенным экземпляром. Сервер не найден или недоступен. Убедитесь, что имя экземпляра указано правильно и что на SQL Server разрешены удаленные соединения. (provider: Named Pipes Provider, error: 40 - Не удалось открыть подключение к SQL Server); Source: .Net SqlClient Data Provider
2023-05-17 16:14:42.8000|ERROR|stolov.DB|Ошибка подключения к серверу: Data Source=SERVER4-MGN.m74.mgn.local;Initial Catalog=dfirm002_gmk;Persist Security Info=True;User ID=sa;Password=456123
2023-05-17 16:14:42.8550|ERROR|stolov.DB|Ошибка: При установлении соединения с SQL Server произошла ошибка, связанная с сетью или с определенным экземпляром. Сервер не найден или недоступен. Убедитесь, что имя экземпляра указано правильно и что на SQL Server разрешены удаленные соединения. (provider: Named Pipes Provider, error: 40 - Не удалось открыть подключение к SQL Server); Source: .Net SqlClient Data Provider
2023-05-17 16:16:51.5694|ERROR|stolov.DB|Ошибка подключения к серверу: Data Source=SERVER4-MGN.m74.mgn.local;Initial Catalog=dfirm002_gmk;Persist Security Info=True;User ID=sa;Password=456123
2023-05-17 16:16:51.6234|ERROR|stolov.DB|Ошибка: При установлении соединения с SQL Server произошла ошибка, связанная с сетью или с определенным экземпляром. Сервер не найден или недоступен. Убедитесь, что имя экземпляра указано правильно и что на SQL Server разрешены удаленные соединения. (provider: Named Pipes Provider, error: 40 - Не удалось открыть подключение к SQL Server); Source: .Net SqlClient Data Provider
2023-05-17 16:38:38.6819|DEBUG|stolov.Ctolov|Данных для выгрузки нет
2023-05-17 16:41:10.6069|DEBUG|stolov.Ctolov|Данных для выгрузки нет
2023-05-17 16:42:17.3811|DEBUG|stolov.Ctolov|Данных для выгрузки нет
2023-05-17 16:43:17.8321|DEBUG|stolov.Ctolov|Данных для выгрузки нет
2023-05-17 16:43:36.8948|DEBUG|stolov.Order|Новый заказ
2023-05-17 16:43:36.8948|DEBUG|stolov.Order|Табельный: 1042
2023-05-17 16:43:36.8948|DEBUG|stolov.Order|ФИО: Садыкова Венера Рафагатовна
2023-05-17 16:43:36.8948|DEBUG|stolov.Order|товар: Горчица столовая 1 2.000000
2023-05-17 16:43:36.8948|DEBUG|stolov.Order|товар: Кетчуп 30г 2 6.000000
2023-05-17 16:43:36.8948|DEBUG|stolov.Order|товар: Салат Витаминный с перцем 3 26.000000
2023-05-17 16:43:36.8948|DEBUG|stolov.Order|товар: Салат грузинский 4 40.000000
2023-05-17 16:43:36.8948|DEBUG|stolov.Order|товар: Свекла с изюмом, сметаной 5 18.500000
2023-05-17 16:43:36.8948|DEBUG|stolov.Order|товар: Сельдь "под шубой" 6 33.000000
2023-05-17 16:43:36.8948|DEBUG|stolov.Order|товар: Окрошка мясная 6 32.500000
2023-05-17 16:43:57.9635|DEBUG|stolov.OrdersToISPRO|date=20230517
2023-05-17 16:43:57.9885|DEBUG|stolov.OrdersToISPRO|zkg=5004980 sum=737.5
2023-05-17 16:43:57.9885|DEBUG|stolov.OrdersToISPRO||13773|00000000000000005417|Горчица столовая|Холодные блюда|порц.|1|2.000000|9813|64131|51
2023-05-17 16:43:58.0292|DEBUG|stolov.OrdersToISPRO||13448|00000000000000005118|Кетчуп 30г|Холодные блюда|порц.|2|6.000000|9503|63604|51
2023-05-17 16:43:58.0693|DEBUG|stolov.OrdersToISPRO||13757|00000000000000005402|Салат Витаминный с перцем|Холодные блюда|порц.|3|26.000000|9798|74076|51
2023-05-17 16:43:58.1017|DEBUG|stolov.OrdersToISPRO||4382|11170000000000001028|Салат грузинский|Холодные блюда|порц.|4|40.000000|829|74107|51
2023-05-17 16:43:58.1299|DEBUG|stolov.OrdersToISPRO||4404|11170000000000001050|Свекла с изюмом, сметаной|Холодные блюда|порц.|5|18.500000|838|74077|51
2023-05-17 16:43:58.1597|DEBUG|stolov.OrdersToISPRO||4392|11170000000000001038|Сельдь "под шубой"|Холодные блюда|порц.|6|33.000000|822|74093|51
2023-05-17 16:43:58.1967|DEBUG|stolov.OrdersToISPRO||3654|11170000000000000313|Окрошка мясная|Первые блюда|порц.|6|32.500000|620|72806|51
2023-05-17 16:44:00.3782|DEBUG|stolov.Ctolov|Данные выгружены
2023-05-17 17:01:39.5868|DEBUG|stolov.Order|Новый заказ
2023-05-17 17:01:39.6478|DEBUG|stolov.Order|Табельный: 1028
2023-05-17 17:01:39.6478|DEBUG|stolov.Order|ФИО: Козлова Людмила Николаевна
2023-05-17 17:01:39.6478|DEBUG|stolov.Order|товар: Горчица столовая 1 2.000000
2023-05-17 17:01:39.6478|DEBUG|stolov.Order|товар: Салат Витаминный с перцем 2 26.000000
2023-05-17 17:01:39.6478|DEBUG|stolov.Order|товар: Кетчуп 30г 3 6.000000
2023-05-17 17:01:39.6478|DEBUG|stolov.Order|товар: Салат грузинский 4 40.000000
2023-05-17 17:04:44.9370|DEBUG|stolov.Order|Новый заказ
2023-05-17 17:04:44.9940|DEBUG|stolov.Order|Табельный: 1042
2023-05-17 17:04:44.9950|DEBUG|stolov.Order|ФИО: Садыкова Венера Рафагатовна
2023-05-17 17:04:44.9950|DEBUG|stolov.Order|товар: Горчица столовая 1 2.000000
2023-05-17 17:04:44.9950|DEBUG|stolov.Order|товар: Кетчуп 30г 2 6.000000
2023-05-17 17:04:44.9950|DEBUG|stolov.Order|товар: Салат Витаминный с перцем 3 26.000000
2023-05-17 17:04:44.9950|DEBUG|stolov.Order|товар: Салат грузинский 4 40.000000
2023-05-17 17:06:43.2102|DEBUG|stolov.Order|Новый заказ
2023-05-17 17:06:43.2662|DEBUG|stolov.Order|Табельный: 1042
2023-05-17 17:06:43.2662|DEBUG|stolov.Order|ФИО: Садыкова Венера Рафагатовна
2023-05-17 17:06:43.2662|DEBUG|stolov.Order|товар: Кетчуп 30г 1 6.000000
2023-05-17 17:06:43.2662|DEBUG|stolov.Order|товар: Салат Витаминный с перцем 2 26.000000
2023-05-17 17:06:43.2662|DEBUG|stolov.Order|товар: Салат грузинский 3 40.000000
2023-05-17 17:06:43.2662|DEBUG|stolov.Order|товар: Свекла с изюмом, сметаной 4 18.500000
2023-05-17 17:14:54.1495|DEBUG|stolov.Order|Новый заказ
2023-05-17 17:14:54.2065|DEBUG|stolov.Order|Табельный: 1028
2023-05-17 17:14:54.2065|DEBUG|stolov.Order|ФИО: Козлова Людмила Николаевна
2023-05-17 17:14:54.2065|DEBUG|stolov.Order|товар: Горчица столовая 1 2.000000
2023-05-17 17:14:54.2065|DEBUG|stolov.Order|товар: Кетчуп 30г 2 6.000000
2023-05-17 17:14:54.2065|DEBUG|stolov.Order|товар: Салат Витаминный с перцем 3 26.000000
2023-05-17 17:14:54.2065|DEBUG|stolov.Order|товар: Салат грузинский 4 40.000000
2023-05-17 17:14:54.2065|DEBUG|stolov.Order|товар: Свекла с изюмом, сметаной 5 18.500000
2023-05-17 17:16:39.8261|DEBUG|stolov.Order|Новый заказ
2023-05-17 17:16:39.9036|DEBUG|stolov.Order|Табельный: 1042
2023-05-17 17:16:39.9036|DEBUG|stolov.Order|ФИО: Садыкова Венера Рафагатовна
2023-05-17 17:16:39.9036|DEBUG|stolov.Order|товар: Горчица столовая 1 2.000000
2023-05-17 17:17:07.4624|DEBUG|stolov.Order|Новый заказ
2023-05-17 17:17:07.5194|DEBUG|stolov.Order|Табельный: 1042
2023-05-17 17:17:07.5194|DEBUG|stolov.Order|ФИО: Садыкова Венера Рафагатовна
2023-05-17 17:17:07.5194|DEBUG|stolov.Order|товар: Горчица столовая 1 2.000000
2023-05-17 17:17:07.5194|DEBUG|stolov.Order|товар: Кетчуп 30г 2 6.000000
2023-05-17 17:17:07.5194|DEBUG|stolov.Order|товар: Салат Витаминный с перцем 3 26.000000
2023-05-17 17:17:07.5194|DEBUG|stolov.Order|товар: Салат грузинский 4 40.000000
2023-05-17 17:17:07.5194|DEBUG|stolov.Order|товар: Свекла с изюмом, сметаной 5 18.500000
2023-05-17 17:26:32.3552|DEBUG|stolov.Order|Новый заказ
2023-05-17 17:26:32.4162|DEBUG|stolov.Order|Табельный: 1042
2023-05-17 17:26:32.4172|DEBUG|stolov.Order|ФИО: Садыкова Венера Рафагатовна
2023-05-17 17:26:32.4172|DEBUG|stolov.Order|товар: Горчица столовая 1 2.000000
2023-05-17 17:26:32.4172|DEBUG|stolov.Order|товар: Кетчуп 30г 2 6.000000
2023-05-17 17:26:32.4172|DEBUG|stolov.Order|товар: Салат Витаминный с перцем 3 26.000000
2023-05-17 17:27:51.7946|DEBUG|stolov.Order|Новый заказ
2023-05-17 17:27:51.8516|DEBUG|stolov.Order|Табельный: 1028
2023-05-17 17:27:51.8546|DEBUG|stolov.Order|ФИО: Козлова Людмила Николаевна
2023-05-17 17:27:51.8546|DEBUG|stolov.Order|товар: Горчица столовая 1 2.000000
2023-05-17 17:27:51.8546|DEBUG|stolov.Order|товар: Кетчуп 30г 2 6.000000
2023-05-17 17:27:51.8546|DEBUG|stolov.Order|товар: Салат Витаминный с перцем 3 26.000000
2023-05-17 17:27:51.8546|DEBUG|stolov.Order|товар: Салат грузинский 4 40.000000
2023-05-17 17:29:31.5672|DEBUG|stolov.Order|Новый заказ
2023-05-17 17:29:31.6242|DEBUG|stolov.Order|Табельный: 1042
2023-05-17 17:29:31.6242|DEBUG|stolov.Order|ФИО: Садыкова Венера Рафагатовна
2023-05-17 17:29:31.6242|DEBUG|stolov.Order|товар: Кетчуп 30г 1 6.000000
2023-05-17 17:29:31.6242|DEBUG|stolov.Order|товар: Салат Витаминный с перцем 2 26.000000
2023-05-17 17:29:31.6242|DEBUG|stolov.Order|товар: Свекла с изюмом, сметаной 5 18.500000
2023-05-17 17:29:31.6242|DEBUG|stolov.Order|товар: Салат грузинский 6 40.000000
2023-05-17 17:31:21.4172|DEBUG|stolov.Order|Новый заказ
2023-05-17 17:31:21.4802|DEBUG|stolov.Order|Табельный: 1042
2023-05-17 17:31:21.4802|DEBUG|stolov.Order|ФИО: Садыкова Венера Рафагатовна
2023-05-17 17:31:21.4802|DEBUG|stolov.Order|товар: Горчица столовая 1 2.000000
2023-05-17 17:31:21.4802|DEBUG|stolov.Order|товар: Кетчуп 30г 2 6.000000
2023-05-17 17:31:21.4802|DEBUG|stolov.Order|товар: Салат Витаминный с перцем 3 26.000000
2023-05-17 17:31:21.4802|DEBUG|stolov.Order|товар: Салат грузинский 4 40.000000
2023-05-17 17:35:31.7550|DEBUG|stolov.Order|Новый заказ
2023-05-17 17:35:31.8160|DEBUG|stolov.Order|Табельный: 1042
2023-05-17 17:35:31.8160|DEBUG|stolov.Order|ФИО: Садыкова Венера Рафагатовна
2023-05-17 17:35:31.8160|DEBUG|stolov.Order|товар: Горчица столовая 1 2.000000
2023-05-17 17:35:31.8160|DEBUG|stolov.Order|товар: Кетчуп 30г 2 6.000000
2023-05-17 17:35:31.8160|DEBUG|stolov.Order|товар: Салат Витаминный с перцем 3 26.000000
2023-05-17 17:35:31.8160|DEBUG|stolov.Order|товар: Салат грузинский 4 40.000000
2023-05-17 17:36:37.0902|DEBUG|stolov.Order|Новый заказ
2023-05-17 17:36:37.1522|DEBUG|stolov.Order|Табельный: 1042
2023-05-17 17:36:37.1522|DEBUG|stolov.Order|ФИО: Садыкова Венера Рафагатовна
2023-05-17 17:36:37.1522|DEBUG|stolov.Order|товар: Горчица столовая 1 2.000000
2023-05-17 17:36:37.1522|DEBUG|stolov.Order|товар: Кетчуп 30г 2 6.000000
2023-05-17 17:36:37.1522|DEBUG|stolov.Order|товар: Салат Витаминный с перцем 3 26.000000
2023-05-17 17:36:37.1522|DEBUG|stolov.Order|товар: Салат грузинский 4 40.000000
2023-05-17 17:54:19.3389|DEBUG|stolov.Order|Новый заказ
2023-05-17 17:54:19.3999|DEBUG|stolov.Order|Табельный: 1028
2023-05-17 17:54:19.4009|DEBUG|stolov.Order|ФИО: Козлова Людмила Николаевна
2023-05-17 17:54:19.4009|DEBUG|stolov.Order|товар: Горчица столовая 1 2.000000
2023-05-17 17:54:19.4009|DEBUG|stolov.Order|товар: Кетчуп 30г 2 6.000000
2023-05-17 17:54:19.4009|DEBUG|stolov.Order|товар: Салат Витаминный с перцем 3 26.000000
2023-05-17 17:54:19.4009|DEBUG|stolov.Order|товар: Салат грузинский 4 40.000000
2023-05-17 17:54:19.4009|DEBUG|stolov.Order|товар: Свекла с изюмом, сметаной 5 18.500000
2023-05-17 17:55:26.1715|ERROR|stolov.Print|Ошибка чтения файла заголовка чека
2023-05-17 17:55:26.2455|ERROR|stolov.Print|Ошибка: Файл 'C:\1111\holiday.txt' не найден.; Source: mscorlib
2023-05-17 17:55:26.7409|DEBUG|stolov.Order|Новый заказ
2023-05-17 17:55:26.7409|DEBUG|stolov.Order|Табельный: 1042
2023-05-17 17:55:26.7409|DEBUG|stolov.Order|ФИО: Садыкова Венера Рафагатовна
2023-05-17 17:55:26.7409|DEBUG|stolov.Order|товар: Горчица столовая 1 2.000000
2023-05-17 17:55:26.7409|DEBUG|stolov.Order|товар: Кетчуп 30г 2 6.000000
2023-05-17 17:55:26.7409|DEBUG|stolov.Order|товар: Салат Витаминный с перцем 3 26.000000
2023-05-17 17:55:26.7409|DEBUG|stolov.Order|товар: Салат грузинский 4 40.000000
2023-05-17 17:55:26.7409|DEBUG|stolov.Order|товар: Свекла с изюмом, сметаной 5 18.500000
2023-05-17 17:56:56.9224|DEBUG|stolov.Order|Новый заказ
2023-05-17 17:56:56.9854|DEBUG|stolov.Order|Табельный: 1042
2023-05-17 17:56:56.9854|DEBUG|stolov.Order|ФИО: Садыкова Венера Рафагатовна
2023-05-17 17:56:56.9854|DEBUG|stolov.Order|товар: Кетчуп 30г 1 6.000000
2023-05-17 17:56:56.9854|DEBUG|stolov.Order|товар: Салат Витаминный с перцем 2 26.000000
2023-05-17 17:56:56.9854|DEBUG|stolov.Order|товар: Салат грузинский 3 40.000000
2023-05-17 17:56:56.9854|DEBUG|stolov.Order|товар: Свекла с изюмом, сметаной 4 18.500000
2023-05-17 17:56:56.9854|DEBUG|stolov.Order|товар: Окрошка мясная 5 32.500000
2023-05-17 19:47:29.6912|DEBUG|stolov.Order|Новый заказ
2023-05-17 19:47:29.7482|DEBUG|stolov.Order|Табельный: 1075
2023-05-17 19:47:29.7482|DEBUG|stolov.Order|ФИО: Ситников Сергей Петрович
2023-05-17 19:59:00.4780|DEBUG|stolov.Order|Новый заказ
2023-05-17 19:59:00.5380|DEBUG|stolov.Order|Табельный: 3814
2023-05-17 19:59:00.5380|DEBUG|stolov.Order|ФИО: Васильев Сергей Николаевич
